<?xml version="1.0" encoding="utf-8"?><testsuites name="pytest tests"><testsuite name="pytest" errors="0" failures="0" skipped="0" tests="24" time="4.601" timestamp="2026-02-28T03:51:44.792570+00:00" hostname="agent-env-b3c4e15e-0d8d-4df7-882b-e93b04b1062c"><testcase classname="tests.test_admin_refactor.TestAdminEmployeesModule" name="test_get_all_employees" time="0.252" /><testcase classname="tests.test_admin_refactor.TestAdminEmployeesModule" name="test_create_employee" time="0.238" /><testcase classname="tests.test_admin_refactor.TestAdminEmployeesModule" name="test_create_employee_duplicate_email_fails" time="0.213" /><testcase classname="tests.test_admin_refactor.TestAdminEmployeesModule" name="test_update_employee" time="0.687" /><testcase classname="tests.test_admin_refactor.TestAdminEmployeesModule" name="test_delete_employee" time="0.321" /><testcase classname="tests.test_admin_refactor.TestAdminTimeEntriesModule" name="test_get_all_time_entries" time="0.113" /><testcase classname="tests.test_admin_refactor.TestAdminTimeEntriesModule" name="test_time_entry_structure" time="0.121" /><testcase classname="tests.test_admin_refactor.TestAdminTimeEntriesModule" name="test_admin_clock_in_out" time="0.592" /><testcase classname="tests.test_admin_refactor.TestAdminW9Module" name="test_get_w9_status" time="0.207" /><testcase classname="tests.test_admin_refactor.TestAdminW9Module" name="test_get_employee_w9s" time="0.209" /><testcase classname="tests.test_admin_refactor.TestAdminW9Module" name="test_get_pending_w9s" time="0.142" /><testcase classname="tests.test_admin_refactor.TestAdminReportsModule" name="test_shift_report" time="0.101" /><testcase classname="tests.test_admin_refactor.TestAdminReportsModule" name="test_shift_report_csv" time="0.114" /><testcase classname="tests.test_admin_refactor.TestAdminReportsModule" name="test_shift_report_pdf" time="0.122" /><testcase classname="tests.test_admin_refactor.TestAdminReportsModule" name="test_w9_report" time="0.148" /><testcase classname="tests.test_admin_refactor.TestAdminReportsModule" name="test_w9_report_csv" time="0.110" /><testcase classname="tests.test_admin_refactor.TestAdminReportsModule" name="test_w9_report_pdf" time="0.109" /><testcase classname="tests.test_admin_refactor.TestAdminReportsModule" name="test_mileage_report" time="0.112" /><testcase classname="tests.test_admin_refactor.TestAdminReportsModule" name="test_mileage_report_csv" time="0.101" /><testcase classname="tests.test_admin_refactor.TestAdminReportsModule" name="test_mileage_report_pdf" time="0.104" /><testcase classname="tests.test_admin_refactor.TestAdminLegacyModule" name="test_legacy_pdf_endpoint" time="0.113" /><testcase classname="tests.test_admin_refactor.TestAuthRequired" name="test_employees_without_auth_fails" time="0.108" /><testcase classname="tests.test_admin_refactor.TestAuthRequired" name="test_time_entries_without_auth_fails" time="0.110" /><testcase classname="tests.test_admin_refactor.TestAuthRequired" name="test_reports_without_auth_fails" time="0.099" /></testsuite></testsuites>