<?xml version="1.0" encoding="utf-8"?><testsuites name="pytest tests"><testsuite name="pytest" errors="0" failures="0" skipped="0" tests="9" time="2.762" timestamp="2026-08-30T15:17:50.424675+00:00" hostname="agent-env-56aea438-0d29-4fa4-9b99-e932ee1237a3"><testcase classname="tests.test_admin_messaging_notifications.TestAdminUnreadCountAPI" name="test_unread_count_endpoint_exists" time="0.223" /><testcase classname="tests.test_admin_messaging_notifications.TestAdminUnreadCountAPI" name="test_unread_count_different_for_each_admin" time="0.246" /><testcase classname="tests.test_admin_messaging_notifications.TestAdminMessageReadByAdmins" name="test_admin_reply_includes_read_by_admins" time="0.325" /><testcase classname="tests.test_admin_messaging_notifications.TestAdminToAdminUnreadTracking" name="test_admin_message_increases_other_admin_unread" time="0.400" /><testcase classname="tests.test_admin_messaging_notifications.TestAdminToAdminUnreadTracking" name="test_opening_conversation_marks_messages_read" time="0.459" /><testcase classname="tests.test_admin_messaging_notifications.TestConversationListUnreadCount" name="test_conversation_list_has_unread_count" time="0.186" /><testcase classname="tests.test_admin_messaging_notifications.TestConversationListUnreadCount" name="test_conversation_list_unread_differs_by_admin" time="0.272" /><testcase classname="tests.test_admin_messaging_notifications.TestAdminReplyNotification" name="test_admin_reply_returns_success" time="0.264" /><testcase classname="tests.test_admin_messaging_notifications.TestSenderNotCountedAsUnread" name="test_sender_own_message_not_unread" time="0.362" /></testsuite></testsuites>