<?xml version="1.0" encoding="utf-8"?><testsuites name="pytest tests"><testsuite name="pytest" errors="0" failures="0" skipped="0" tests="9" time="7.197" timestamp="2026-03-19T02:19:36.133764+00:00" hostname="agent-env-56aea438-0d29-4fa4-9b99-e932ee1237a3"><testcase classname="tests.test_commission_split.TestConsignmentClients" name="test_get_consignment_clients" time="3.201" /><testcase classname="tests.test_commission_split.TestConsignmentClients" name="test_consignment_clients_have_required_fields" time="0.349" /><testcase classname="tests.test_commission_split.TestPaymentRecords" name="test_get_check_records" time="0.336" /><testcase classname="tests.test_commission_split.TestPaymentRecords" name="test_create_consignment_payment_with_commission_split" time="0.618" /><testcase classname="tests.test_commission_split.TestPaymentRecords" name="test_payment_record_stores_commission_split" time="0.711" /><testcase classname="tests.test_commission_split.TestPaymentRecords" name="test_update_payment_record_commission_split" time="0.882" /><testcase classname="tests.test_commission_split.TestConsignorPortalData" name="test_client_payment_history_endpoint" time="0.449" /><testcase classname="tests.test_commission_split.TestEmployeesForPayment" name="test_get_all_employees_for_payment" time="0.319" /><testcase classname="tests.test_commission_split.TestEmployeesForPayment" name="test_employees_for_payment_excludes_owners" time="0.305" /></testsuite></testsuites>