<?xml version="1.0" encoding="utf-8"?><testsuites name="pytest tests"><testsuite name="pytest" errors="0" failures="0" skipped="0" tests="10" time="2.189" timestamp="2026-02-26T16:36:33.273329+00:00" hostname="agent-env-c19a395b-6b46-4637-a99e-9627fe87cf81"><testcase classname="backend.tests.test_reports_est_pay.TestShiftReportsEstPay" name="test_shift_report_returns_hourly_rate" time="0.520" /><testcase classname="backend.tests.test_reports_est_pay.TestShiftReportsEstPay" name="test_shift_report_summary_has_hourly_rate" time="0.131" /><testcase classname="backend.tests.test_reports_est_pay.TestShiftReportsEstPay" name="test_csv_export_has_est_pay_column" time="0.167" /><testcase classname="backend.tests.test_reports_est_pay.TestShiftReportsEstPay" name="test_csv_export_summary_has_estimated_pay" time="0.139" /><testcase classname="backend.tests.test_reports_est_pay.TestShiftReportsEstPay" name="test_pdf_export_returns_valid_pdf" time="0.130" /><testcase classname="backend.tests.test_reports_est_pay.TestShiftReportsEstPay" name="test_est_pay_calculation_is_correct" time="0.175" /><testcase classname="backend.tests.test_reports_est_pay.TestShiftReportsEstPay" name="test_csv_values_match_api_data" time="0.297" /><testcase classname="backend.tests.test_reports_est_pay.TestShiftReportsAuth" name="test_shift_report_requires_auth" time="0.130" /><testcase classname="backend.tests.test_reports_est_pay.TestShiftReportsAuth" name="test_csv_export_requires_auth" time="0.145" /><testcase classname="backend.tests.test_reports_est_pay.TestShiftReportsAuth" name="test_pdf_export_requires_auth" time="0.179" /></testsuite></testsuites>