<?xml version="1.0" encoding="utf-8"?><testsuites name="pytest tests"><testsuite name="pytest" errors="0" failures="0" skipped="0" tests="26" time="9.187" timestamp="2026-03-30T23:57:51.270639+00:00" hostname="agent-env-56aea438-0d29-4fa4-9b99-e932ee1237a3"><testcase classname="backend.tests.test_financials_api.TestFinancialsIncomeAPI" name="test_get_income_empty_year" time="0.127" /><testcase classname="backend.tests.test_financials_api.TestFinancialsIncomeAPI" name="test_create_1099_income" time="0.304" /><testcase classname="backend.tests.test_financials_api.TestFinancialsIncomeAPI" name="test_create_other_income" time="0.315" /><testcase classname="backend.tests.test_financials_api.TestFinancialsIncomeAPI" name="test_update_income" time="0.435" /><testcase classname="backend.tests.test_financials_api.TestFinancialsIncomeAPI" name="test_delete_income" time="0.319" /><testcase classname="backend.tests.test_financials_api.TestFinancialsIncomeAPI" name="test_delete_nonexistent_income" time="0.128" /><testcase classname="backend.tests.test_financials_api.TestFinancialsCOGSAPI" name="test_get_cogs_empty_year" time="0.123" /><testcase classname="backend.tests.test_financials_api.TestFinancialsCOGSAPI" name="test_create_cogs" time="0.335" /><testcase classname="backend.tests.test_financials_api.TestFinancialsCOGSAPI" name="test_update_cogs" time="0.439" /><testcase classname="backend.tests.test_financials_api.TestFinancialsCOGSAPI" name="test_delete_cogs" time="0.325" /><testcase classname="backend.tests.test_financials_api.TestFinancialsExpensesAPI" name="test_get_expenses_empty_year" time="0.101" /><testcase classname="backend.tests.test_financials_api.TestFinancialsExpensesAPI" name="test_create_expense" time="0.321" /><testcase classname="backend.tests.test_financials_api.TestFinancialsExpensesAPI" name="test_get_expenses_summary" time="0.311" /><testcase classname="backend.tests.test_financials_api.TestFinancialsExpensesAPI" name="test_update_expense" time="0.451" /><testcase classname="backend.tests.test_financials_api.TestFinancialsExpensesAPI" name="test_delete_expense" time="0.323" /><testcase classname="backend.tests.test_financials_api.TestFinancialsMileageAPI" name="test_get_mileage_empty_year" time="0.102" /><testcase classname="backend.tests.test_financials_api.TestFinancialsMileageAPI" name="test_create_mileage" time="0.307" /><testcase classname="backend.tests.test_financials_api.TestFinancialsMileageAPI" name="test_mileage_deduction_calculation" time="0.599" /><testcase classname="backend.tests.test_financials_api.TestFinancialsMileageAPI" name="test_delete_mileage" time="0.326" /><testcase classname="backend.tests.test_financials_api.TestTaxPrepProgressAPI" name="test_get_progress_new_year" time="0.117" /><testcase classname="backend.tests.test_financials_api.TestTaxPrepProgressAPI" name="test_update_progress_step1" time="0.348" /><testcase classname="backend.tests.test_financials_api.TestTaxPrepProgressAPI" name="test_completion_percentage_calculation" time="1.338" /><testcase classname="backend.tests.test_financials_api.TestFinancialSummaryAPI" name="test_get_summary_empty_year" time="0.111" /><testcase classname="backend.tests.test_financials_api.TestFinancialSummaryAPI" name="test_summary_calculations" time="1.257" /><testcase classname="backend.tests.test_financials_api.TestFinancialSummaryAPI" name="test_get_comparison" time="0.133" /><testcase classname="backend.tests.test_financials_api.TestFinancialSummaryAPI" name="test_get_monthly_data" time="0.119" /></testsuite></testsuites>