<?xml version="1.0" encoding="utf-8"?><testsuites name="pytest tests"><testsuite name="pytest" errors="0" failures="0" skipped="0" tests="47" time="51.659" timestamp="2026-03-31T01:22:52.350874+00:00" hostname="agent-env-56aea438-0d29-4fa4-9b99-e932ee1237a3"><testcase classname="backend.tests.test_financials_api.TestFinancialsIncomeAPI" name="test_get_income_empty_year" time="0.152" /><testcase classname="backend.tests.test_financials_api.TestFinancialsIncomeAPI" name="test_create_1099_income" time="0.474" /><testcase classname="backend.tests.test_financials_api.TestFinancialsIncomeAPI" name="test_create_other_income" time="0.357" /><testcase classname="backend.tests.test_financials_api.TestFinancialsIncomeAPI" name="test_update_income" time="0.466" /><testcase classname="backend.tests.test_financials_api.TestFinancialsIncomeAPI" name="test_delete_income" time="0.331" /><testcase classname="backend.tests.test_financials_api.TestFinancialsIncomeAPI" name="test_delete_nonexistent_income" time="0.109" /><testcase classname="backend.tests.test_financials_api.TestFinancialsCOGSAPI" name="test_get_cogs_empty_year" time="0.109" /><testcase classname="backend.tests.test_financials_api.TestFinancialsCOGSAPI" name="test_create_cogs" time="0.361" /><testcase classname="backend.tests.test_financials_api.TestFinancialsCOGSAPI" name="test_update_cogs" time="0.486" /><testcase classname="backend.tests.test_financials_api.TestFinancialsCOGSAPI" name="test_delete_cogs" time="0.315" /><testcase classname="backend.tests.test_financials_api.TestFinancialsExpensesAPI" name="test_get_expenses_empty_year" time="0.128" /><testcase classname="backend.tests.test_financials_api.TestFinancialsExpensesAPI" name="test_create_expense" time="0.428" /><testcase classname="backend.tests.test_financials_api.TestFinancialsExpensesAPI" name="test_get_expenses_summary" time="0.341" /><testcase classname="backend.tests.test_financials_api.TestFinancialsExpensesAPI" name="test_update_expense" time="0.455" /><testcase classname="backend.tests.test_financials_api.TestFinancialsExpensesAPI" name="test_delete_expense" time="0.337" /><testcase classname="backend.tests.test_financials_api.TestFinancialsMileageAPI" name="test_get_mileage_empty_year" time="0.120" /><testcase classname="backend.tests.test_financials_api.TestFinancialsMileageAPI" name="test_create_mileage" time="0.400" /><testcase classname="backend.tests.test_financials_api.TestFinancialsMileageAPI" name="test_mileage_deduction_calculation" time="0.562" /><testcase classname="backend.tests.test_financials_api.TestFinancialsMileageAPI" name="test_delete_mileage" time="0.321" /><testcase classname="backend.tests.test_financials_api.TestTaxPrepProgressAPI" name="test_get_progress_new_year" time="0.103" /><testcase classname="backend.tests.test_financials_api.TestTaxPrepProgressAPI" name="test_update_progress_step1" time="0.352" /><testcase classname="backend.tests.test_financials_api.TestTaxPrepProgressAPI" name="test_completion_percentage_calculation" time="1.328" /><testcase classname="backend.tests.test_financials_api.TestFinancialSummaryAPI" name="test_get_summary_empty_year" time="0.112" /><testcase classname="backend.tests.test_financials_api.TestFinancialSummaryAPI" name="test_summary_calculations" time="1.338" /><testcase classname="backend.tests.test_financials_api.TestFinancialSummaryAPI" name="test_get_comparison" time="0.114" /><testcase classname="backend.tests.test_financials_api.TestFinancialSummaryAPI" name="test_get_monthly_data" time="0.133" /><testcase classname="backend.tests.test_financials_api.TestVendooImportAPI" name="test_get_vendoo_template" time="0.126" /><testcase classname="backend.tests.test_financials_api.TestVendooImportAPI" name="test_import_income_only" time="0.597" /><testcase classname="backend.tests.test_financials_api.TestVendooImportAPI" name="test_import_with_cogs" time="0.550" /><testcase classname="backend.tests.test_financials_api.TestVendooImportAPI" name="test_import_with_fees_as_expense" time="0.726" /><testcase classname="backend.tests.test_financials_api.TestVendooImportAPI" name="test_import_all_options" time="36.954" /><testcase classname="backend.tests.test_financials_api.TestVendooImportAPI" name="test_import_year_filtering" time="0.468" /><testcase classname="backend.tests.test_financials_api.TestVendooImportAPI" name="test_import_non_csv_file_error" time="0.106" /><testcase classname="backend.tests.test_financials_api.TestVendooImportAPI" name="test_import_missing_price_column_error" time="0.116" /><testcase classname="backend.tests.test_financials_api.TestVendooImportAPI" name="test_import_no_valid_sales_error" time="0.139" /><testcase classname="backend.tests.test_financials_api.TestVendooImportAPI" name="test_import_platform_mapping" time="0.780" /><testcase classname="backend.tests.test_financials_api.Test1099NECAPI" name="test_get_1099_eligible_empty" time="0.105" /><testcase classname="backend.tests.test_financials_api.Test1099NECAPI" name="test_get_1099_eligible_structure" time="0.130" /><testcase classname="backend.tests.test_financials_api.Test1099NECAPI" name="test_generate_1099_nonexistent_consignor" time="0.133" /><testcase classname="backend.tests.test_financials_api.Test1099NECAPI" name="test_batch_1099_no_eligible" time="0.102" /><testcase classname="backend.tests.test_financials_api.TestTaxSummaryDownloadAPI" name="test_download_tax_summary_csv" time="0.130" /><testcase classname="backend.tests.test_financials_api.TestTaxSummaryDownloadAPI" name="test_download_tax_summary_pdf" time="0.112" /><testcase classname="backend.tests.test_financials_api.TestTaxSummaryDownloadAPI" name="test_download_tax_summary_default_format" time="0.131" /><testcase classname="backend.tests.test_financials_api.TestTaxSummaryDownloadAPI" name="test_download_tax_summary_empty_year" time="0.131" /><testcase classname="backend.tests.test_financials_api.TestTaxSummaryDownloadAPI" name="test_download_tax_summary_pdf_empty_year" time="0.119" /><testcase classname="backend.tests.test_financials_api.TestUpdateTINAPI" name="test_update_tin" time="0.114" /><testcase classname="backend.tests.test_financials_api.TestUpdateTINAPI" name="test_update_tin_ein" time="0.113" /></testsuite></testsuites>