<?xml version="1.0" encoding="utf-8"?><testsuites name="pytest tests"><testsuite name="pytest" errors="0" failures="0" skipped="0" tests="13" time="6.639" timestamp="2026-08-23T21:40:36.699096+00:00" hostname="agent-env-56aea438-0d29-4fa4-9b99-e932ee1237a3"><testcase classname="tests.test_geofence_clockin.TestGeofenceClockIn" name="test_clock_in_without_location_fails" time="0.600" /><testcase classname="tests.test_geofence_clockin.TestGeofenceClockIn" name="test_clock_in_outside_geofence_fails" time="0.499" /><testcase classname="tests.test_geofence_clockin.TestGeofenceClockIn" name="test_clock_in_within_geofence_succeeds" time="0.503" /><testcase classname="tests.test_geofence_clockin.TestGeofenceClockIn" name="test_clock_in_at_edge_inside_geofence_succeeds" time="0.492" /><testcase classname="tests.test_geofence_clockin.TestGeofenceClockIn" name="test_clock_in_at_edge_outside_geofence_fails" time="0.453" /><testcase classname="tests.test_geofence_clockin.TestClockOutNoLocation" name="test_clock_out_without_location_succeeds" time="0.614" /><testcase classname="tests.test_geofence_clockin.TestClockOutNoLocation" name="test_clock_out_from_remote_location_succeeds" time="0.629" /><testcase classname="tests.test_geofence_clockin.TestDashboardAccessFromAnywhere" name="test_summary_endpoint_accessible" time="0.504" /><testcase classname="tests.test_geofence_clockin.TestDashboardAccessFromAnywhere" name="test_entries_endpoint_accessible" time="0.461" /><testcase classname="tests.test_geofence_clockin.TestDashboardAccessFromAnywhere" name="test_status_endpoint_accessible" time="0.527" /><testcase classname="tests.test_geofence_clockin.TestRemoteWorkerRestriction" name="test_remote_worker_cannot_clock_in" time="0.363" /><testcase classname="tests.test_geofence_clockin.TestGeofenceCalculation" name="test_distance_in_error_message_is_reasonable" time="0.467" /><testcase classname="tests.test_geofence_clockin.TestGeofenceCalculation" name="test_edge_distance_calculation" time="0.505" /></testsuite></testsuites>