<?xml version="1.0" encoding="utf-8"?><testsuites name="pytest tests"><testsuite name="pytest" errors="0" failures="0" skipped="0" tests="20" time="4.935" timestamp="2026-08-21T03:41:24.599370+00:00" hostname="agent-env-56aea438-0d29-4fa4-9b99-e932ee1237a3"><testcase classname="tests.test_inperson_availability.TestAvailabilityInboxAPI" name="test_availability_inbox_endpoint_exists" time="0.302" /><testcase classname="tests.test_inperson_availability.TestAvailabilityInboxAPI" name="test_availability_inbox_requires_auth" time="0.251" /><testcase classname="tests.test_inperson_availability.TestAvailabilityInboxAPI" name="test_availability_inbox_request_structure" time="0.260" /><testcase classname="tests.test_inperson_availability.TestSendAvailabilityRequestAPI" name="test_send_availability_request_endpoint_exists" time="0.241" /><testcase classname="tests.test_inperson_availability.TestSendAvailabilityRequestAPI" name="test_send_availability_request_requires_auth" time="0.291" /><testcase classname="tests.test_inperson_availability.TestApplicantAvailabilitySubmission" name="test_get_availability_with_invalid_token" time="0.125" /><testcase classname="tests.test_inperson_availability.TestApplicantAvailabilitySubmission" name="test_post_availability_with_invalid_token" time="0.104" /><testcase classname="tests.test_inperson_availability.TestScheduleFromAvailabilityAPI" name="test_schedule_endpoint_exists" time="0.232" /><testcase classname="tests.test_inperson_availability.TestScheduleFromAvailabilityAPI" name="test_schedule_requires_auth" time="0.246" /><testcase classname="tests.test_inperson_availability.TestScheduleFromAvailabilityAPI" name="test_send_confirmation_endpoint_exists" time="0.255" /><testcase classname="tests.test_inperson_availability.TestScheduleFromAvailabilityAPI" name="test_send_confirmation_requires_auth" time="0.288" /><testcase classname="tests.test_inperson_availability.TestScheduleFromAvailabilityAPI" name="test_unschedule_endpoint_exists" time="0.234" /><testcase classname="tests.test_inperson_availability.TestScheduleFromAvailabilityAPI" name="test_delete_availability_request_endpoint_exists" time="0.260" /><testcase classname="tests.test_inperson_availability.TestAvailabilityInboxWithRealData" name="test_responded_requests_have_availability" time="0.291" /><testcase classname="tests.test_inperson_availability.TestAvailabilityInboxWithRealData" name="test_scheduled_requests_have_datetime_and_ct" time="0.236" /><testcase classname="tests.test_inperson_availability.TestAvailabilityInboxWithRealData" name="test_confirmed_requests_have_confirmed_datetime" time="0.243" /><testcase classname="tests.test_inperson_availability.TestConflictDetectionAPI" name="test_check_conflicts_endpoint_exists" time="0.283" /><testcase classname="tests.test_inperson_availability.TestConflictDetectionAPI" name="test_check_conflicts_requires_auth" time="0.253" /><testcase classname="tests.test_inperson_availability.TestAllInpersonInterviewsAPI" name="test_all_inperson_interviews_endpoint_exists" time="0.270" /><testcase classname="tests.test_inperson_availability.TestAllInpersonInterviewsAPI" name="test_all_inperson_interviews_requires_auth" time="0.244" /></testsuite></testsuites>