<?xml version="1.0" encoding="utf-8"?><testsuites name="pytest tests"><testsuite name="pytest" errors="0" failures="0" skipped="0" tests="13" time="5.386" timestamp="2026-04-02T02:25:16.073056+00:00" hostname="agent-env-56aea438-0d29-4fa4-9b99-e932ee1237a3"><testcase classname="backend.tests.test_issued_1099s_email.TestIssued1099sEmailEndpoint" name="test_email_1099_draft_success" time="1.088" /><testcase classname="backend.tests.test_issued_1099s_email.TestIssued1099sEmailEndpoint" name="test_email_1099_marks_entry_as_emailed" time="0.680" /><testcase classname="backend.tests.test_issued_1099s_email.TestIssued1099sEmailEndpoint" name="test_email_1099_nonexistent_entry" time="0.130" /><testcase classname="backend.tests.test_issued_1099s_email.TestIssued1099sEmailEndpoint" name="test_email_1099_missing_email_field" time="0.345" /><testcase classname="backend.tests.test_issued_1099s_email.TestIssued1099sEmailEndpoint" name="test_email_1099_default_form_type" time="0.537" /><testcase classname="backend.tests.test_issued_1099s_email.TestIssued1099sFiledDocument" name="test_upload_filed_document" time="0.399" /><testcase classname="backend.tests.test_issued_1099s_email.TestIssued1099sFiledDocument" name="test_entry_marked_as_filed_after_upload" time="0.438" /><testcase classname="backend.tests.test_issued_1099s_email.TestIssued1099sFiledDocument" name="test_email_filed_1099_uses_uploaded_document" time="0.685" /><testcase classname="backend.tests.test_issued_1099s_email.TestIssued1099sCRUD" name="test_get_issued_1099s_for_year" time="0.104" /><testcase classname="backend.tests.test_issued_1099s_email.TestIssued1099sCRUD" name="test_create_issued_1099" time="0.203" /><testcase classname="backend.tests.test_issued_1099s_email.TestIssued1099sCRUD" name="test_delete_issued_1099" time="0.303" /><testcase classname="backend.tests.test_issued_1099s_email.TestGeneratePDFEndpoint" name="test_generate_pdf_success" time="0.345" /><testcase classname="backend.tests.test_issued_1099s_email.TestGeneratePDFEndpoint" name="test_generate_pdf_nonexistent_entry" time="0.105" /></testsuite></testsuites>