<?xml version="1.0" encoding="utf-8"?><testsuites name="pytest tests"><testsuite name="pytest" errors="0" failures="0" skipped="0" tests="5" time="1.295" timestamp="2026-04-22T11:27:12.161568+00:00" hostname="agent-env-0398ff0a-9575-4485-ad9b-fd427c2204d5"><testcase classname="backend.tests.test_lite_mode_and_quickphotos.TestStats" name="test_stats_has_level_iii_count" time="0.148" /><testcase classname="backend.tests.test_lite_mode_and_quickphotos.TestViolationsTree" name="test_tree_full" time="0.201" /><testcase classname="backend.tests.test_lite_mode_and_quickphotos.TestViolationsTree" name="test_tree_level_iii_filter" time="0.326" /><testcase classname="backend.tests.test_lite_mode_and_quickphotos.TestViolationsList" name="test_violations_level_iii_filter" time="0.113" /><testcase classname="backend.tests.test_lite_mode_and_quickphotos.TestQuickPhotosToInspection" name="test_create_inspection_and_attach_photo_meta" time="0.441" /></testsuite></testsuites>