<?xml version="1.0" encoding="utf-8"?><testsuites name="pytest tests"><testsuite name="pytest" errors="0" failures="0" skipped="0" tests="11" time="2.435" timestamp="2026-02-24T05:16:32.655923+00:00" hostname="agent-env-0acb3312-8997-4a34-8731-6a490142ed76"><testcase classname="tests.test_mileage_api.TestMileageEntriesEndpoint" name="test_get_mileage_entries_returns_array" time="0.323" /><testcase classname="tests.test_mileage_api.TestMileageEntriesEndpoint" name="test_mileage_entries_have_user_name_field" time="0.128" /><testcase classname="tests.test_mileage_api.TestMileageEntriesEndpoint" name="test_mileage_entry_structure" time="0.121" /><testcase classname="tests.test_mileage_api.TestMileageSummary" name="test_get_mileage_summary" time="0.118" /><testcase classname="tests.test_mileage_api.TestMileageEntryCRUD" name="test_create_mileage_entry" time="0.119" /><testcase classname="tests.test_mileage_api.TestMileageEntryCRUD" name="test_create_and_verify_persistence" time="0.349" /><testcase classname="tests.test_mileage_api.TestMileageEntryCRUD" name="test_update_mileage_entry" time="0.491" /><testcase classname="tests.test_mileage_api.TestMileageEntryCRUD" name="test_delete_mileage_entry" time="0.330" /><testcase classname="tests.test_mileage_api.TestActiveTripEndpoints" name="test_get_active_trip" time="0.106" /><testcase classname="tests.test_mileage_api.TestAuthRequired" name="test_entries_without_auth_fails" time="0.129" /><testcase classname="tests.test_mileage_api.TestAuthRequired" name="test_summary_without_auth_fails" time="0.105" /></testsuite></testsuites>