<?xml version="1.0" encoding="utf-8"?><testsuites name="pytest tests"><testsuite name="pytest" errors="0" failures="1" skipped="0" tests="9" time="1.170" timestamp="2026-04-04T02:00:40.735786+00:00" hostname="agent-env-56aea438-0d29-4fa4-9b99-e932ee1237a3"><testcase classname="backend.tests.test_mileage_consolidation.TestMileageConsolidation" name="test_financials_mileage_endpoint_returns_gps_trips_data" time="0.124" /><testcase classname="backend.tests.test_mileage_consolidation.TestMileageConsolidation" name="test_tax_prep_summary_uses_gps_trips_for_mileage" time="0.101" /><testcase classname="backend.tests.test_mileage_consolidation.TestMileageConsolidation" name="test_mileage_data_consistency_between_endpoints" time="0.226" /><testcase classname="backend.tests.test_mileage_consolidation.TestMileageConsolidation" name="test_financial_summary_mileage_matches_mileage_endpoint" time="0.222"><failure message="AssertionError: Financial summary shows 5.0 miles but mileage endpoint shows 12.51 miles&#10;assert 5.0 == 12.51">backend/tests/test_mileage_consolidation.py:97: in test_financial_summary_mileage_matches_mileage_endpoint
    assert summary_data["deductions"]["mileage_miles"] == mileage_data["total_miles"], \
E   AssertionError: Financial summary shows 5.0 miles but mileage endpoint shows 12.51 miles
E   assert 5.0 == 12.51</failure></testcase><testcase classname="backend.tests.test_mileage_consolidation.TestGPSMileageTrackerAPI" name="test_manual_trip_creation" time="0.000" /><testcase classname="backend.tests.test_mileage_consolidation.TestGPSMileageTrackerAPI" name="test_mileage_entries_have_correct_structure" time="0.110" /><testcase classname="backend.tests.test_mileage_consolidation.TestGPSMileageTrackerAPI" name="test_irs_rate_is_correct_for_2026" time="0.128" /><testcase classname="backend.tests.test_mileage_consolidation.TestGPSMileageTrackerAPI" name="test_tax_deduction_calculation" time="0.101" /><testcase classname="backend.tests.test_mileage_consolidation.TestYearComparison" name="test_comparison_endpoint_returns_mileage_data" time="0.124" /></testsuite></testsuites>