<?xml version="1.0" encoding="utf-8"?><testsuites name="pytest tests"><testsuite name="pytest" errors="0" failures="0" skipped="0" tests="9" time="1.210" timestamp="2026-04-04T02:04:57.621446+00:00" hostname="agent-env-56aea438-0d29-4fa4-9b99-e932ee1237a3"><testcase classname="backend.tests.test_mileage_consolidation.TestMileageConsolidation" name="test_financials_mileage_endpoint_returns_gps_trips_data" time="0.137" /><testcase classname="backend.tests.test_mileage_consolidation.TestMileageConsolidation" name="test_tax_prep_summary_uses_gps_trips_for_mileage" time="0.115" /><testcase classname="backend.tests.test_mileage_consolidation.TestMileageConsolidation" name="test_mileage_data_consistency_between_endpoints" time="0.219" /><testcase classname="backend.tests.test_mileage_consolidation.TestMileageConsolidation" name="test_financial_summary_mileage_matches_mileage_endpoint" time="0.218" /><testcase classname="backend.tests.test_mileage_consolidation.TestGPSMileageTrackerAPI" name="test_manual_trip_creation" time="0.000" /><testcase classname="backend.tests.test_mileage_consolidation.TestGPSMileageTrackerAPI" name="test_mileage_entries_have_correct_structure" time="0.147" /><testcase classname="backend.tests.test_mileage_consolidation.TestGPSMileageTrackerAPI" name="test_irs_rate_is_correct_for_2026" time="0.104" /><testcase classname="backend.tests.test_mileage_consolidation.TestGPSMileageTrackerAPI" name="test_tax_deduction_calculation" time="0.125" /><testcase classname="backend.tests.test_mileage_consolidation.TestYearComparison" name="test_comparison_endpoint_returns_mileage_data" time="0.126" /></testsuite></testsuites>