<?xml version="1.0" encoding="utf-8"?><testsuites name="pytest tests"><testsuite name="pytest" errors="0" failures="0" skipped="0" tests="19" time="4.165" timestamp="2026-02-28T03:34:21.469488+00:00" hostname="agent-env-b3c4e15e-0d8d-4df7-882b-e93b04b1062c"><testcase classname="backend.tests.test_monthly_mileage_reports.TestAdminLoginWithCodes" name="test_admin_login_code_4399_matthew" time="0.139" /><testcase classname="backend.tests.test_monthly_mileage_reports.TestAdminLoginWithCodes" name="test_admin_login_code_0826_eunice" time="0.106" /><testcase classname="backend.tests.test_monthly_mileage_reports.TestAdminLoginWithCodes" name="test_admin_login_invalid_code" time="0.147" /><testcase classname="backend.tests.test_monthly_mileage_reports.TestAdminLoginWithCodes" name="test_admin_login_no_code" time="0.113" /><testcase classname="backend.tests.test_monthly_mileage_reports.TestMonthlyMileageEntry" name="test_create_monthly_entry" time="0.368" /><testcase classname="backend.tests.test_monthly_mileage_reports.TestMonthlyMileageEntry" name="test_update_existing_monthly_entry" time="0.469" /><testcase classname="backend.tests.test_monthly_mileage_reports.TestMonthlyMileageEntry" name="test_create_entry_requires_auth" time="0.097" /><testcase classname="backend.tests.test_monthly_mileage_reports.TestMileageReportEndpoint" name="test_mileage_report_returns_correct_fields" time="0.225" /><testcase classname="backend.tests.test_monthly_mileage_reports.TestMileageReportEndpoint" name="test_mileage_report_calculates_totals" time="0.242" /><testcase classname="backend.tests.test_monthly_mileage_reports.TestMileageReportEndpoint" name="test_mileage_report_requires_auth" time="0.134" /><testcase classname="backend.tests.test_monthly_mileage_reports.TestMileageReportCSV" name="test_csv_download_format" time="0.225" /><testcase classname="backend.tests.test_monthly_mileage_reports.TestMileageReportCSV" name="test_csv_download_has_summary" time="0.236" /><testcase classname="backend.tests.test_monthly_mileage_reports.TestMileageReportCSV" name="test_csv_download_has_irs_note" time="0.226" /><testcase classname="backend.tests.test_monthly_mileage_reports.TestMileageReportCSV" name="test_csv_download_requires_auth" time="0.115" /><testcase classname="backend.tests.test_monthly_mileage_reports.TestMileageReportPDF" name="test_pdf_download_valid_file" time="0.221" /><testcase classname="backend.tests.test_monthly_mileage_reports.TestMileageReportPDF" name="test_pdf_download_has_content" time="0.251" /><testcase classname="backend.tests.test_monthly_mileage_reports.TestMileageReportPDF" name="test_pdf_download_requires_auth" time="0.108" /><testcase classname="backend.tests.test_monthly_mileage_reports.TestYearlySummary" name="test_yearly_summary_endpoint" time="0.268" /><testcase classname="backend.tests.test_monthly_mileage_reports.TestYearlySummary" name="test_yearly_summary_irs_rates" time="0.418" /></testsuite></testsuites>