<?xml version="1.0" encoding="utf-8"?><testsuites name="pytest tests"><testsuite name="pytest" errors="0" failures="0" skipped="0" tests="21" time="4.599" timestamp="2026-03-18T03:45:05.263485+00:00" hostname="agent-env-eef96f15-40b6-4f75-a3fc-e8523a0a93d4"><testcase classname="tests.test_password_reset.TestPasswordResetRequest" name="test_request_reset_employee_valid_email" time="0.154" /><testcase classname="tests.test_password_reset.TestPasswordResetRequest" name="test_request_reset_employee_nonexistent_email" time="0.128" /><testcase classname="tests.test_password_reset.TestPasswordResetRequest" name="test_request_reset_consignor_nonexistent_email" time="0.128" /><testcase classname="tests.test_password_reset.TestPasswordResetRequest" name="test_request_reset_invalid_user_type" time="0.138" /><testcase classname="tests.test_password_reset.TestPasswordResetRequest" name="test_request_reset_admin_email_blocked" time="0.127" /><testcase classname="tests.test_password_reset.TestPasswordResetRequest" name="test_request_reset_invalid_email_format" time="0.123" /><testcase classname="tests.test_password_reset.TestPasswordResetRequest" name="test_request_reset_missing_email" time="0.133" /><testcase classname="tests.test_password_reset.TestPasswordResetRequest" name="test_request_reset_case_insensitive_email" time="0.148" /><testcase classname="tests.test_password_reset.TestTokenValidation" name="test_validate_invalid_token" time="0.137" /><testcase classname="tests.test_password_reset.TestTokenValidation" name="test_validate_random_token" time="0.132" /><testcase classname="tests.test_password_reset.TestTokenValidation" name="test_validate_empty_token" time="0.128" /><testcase classname="tests.test_password_reset.TestPasswordReset" name="test_reset_with_invalid_token" time="0.154" /><testcase classname="tests.test_password_reset.TestPasswordReset" name="test_reset_with_short_password" time="0.140" /><testcase classname="tests.test_password_reset.TestPasswordReset" name="test_reset_missing_token" time="0.132" /><testcase classname="tests.test_password_reset.TestPasswordReset" name="test_reset_missing_password" time="0.151" /><testcase classname="tests.test_password_reset.TestPasswordReset" name="test_reset_random_token" time="0.144" /><testcase classname="tests.test_password_reset.TestPasswordResetIntegration" name="test_request_creates_token_in_database" time="0.247" /><testcase classname="tests.test_password_reset.TestPasswordResetIntegration" name="test_cannot_reuse_token_after_reset" time="0.252" /><testcase classname="tests.test_password_reset.TestPasswordResetSecurity" name="test_response_does_not_reveal_user_existence" time="0.318" /><testcase classname="tests.test_password_reset.TestPasswordResetSecurity" name="test_token_validation_error_is_generic" time="0.797" /><testcase classname="tests.test_password_reset.TestPasswordResetSecurity" name="test_multiple_requests_overwrite_old_token" time="0.767" /></testsuite></testsuites>