<?xml version="1.0" encoding="utf-8"?><testsuites name="pytest tests"><testsuite name="pytest" errors="1" failures="0" skipped="0" tests="25" time="6.019" timestamp="2026-03-19T02:19:12.185044+00:00" hostname="agent-env-56aea438-0d29-4fa4-9b99-e932ee1237a3"><testcase classname="tests.test_admin_refactor.TestAdminEmployeesModule" name="test_get_all_employees" time="0.326" /><testcase classname="tests.test_admin_refactor.TestAdminEmployeesModule" name="test_create_employee" time="0.338" /><testcase classname="tests.test_admin_refactor.TestAdminEmployeesModule" name="test_create_employee_duplicate_email_fails" time="0.292" /><testcase classname="tests.test_admin_refactor.TestAdminEmployeesModule" name="test_update_employee" time="0.645" /><testcase classname="tests.test_admin_refactor.TestAdminEmployeesModule" name="test_delete_employee" time="0.427" /><testcase classname="tests.test_admin_refactor.TestAdminTimeEntriesModule" name="test_get_all_time_entries" time="0.168" /><testcase classname="tests.test_admin_refactor.TestAdminTimeEntriesModule" name="test_time_entry_structure" time="0.141" /><testcase classname="tests.test_admin_refactor.TestAdminTimeEntriesModule" name="test_admin_clock_in_out" time="0.778" /><testcase classname="tests.test_admin_refactor.TestAdminW9Module" name="test_get_w9_status" time="0.283" /><testcase classname="tests.test_admin_refactor.TestAdminW9Module" name="test_get_employee_w9s" time="0.294" /><testcase classname="tests.test_admin_refactor.TestAdminW9Module" name="test_get_pending_w9s" time="0.133" /><testcase classname="tests.test_admin_refactor.TestAdminReportsModule" name="test_shift_report" time="0.137" /><testcase classname="tests.test_admin_refactor.TestAdminReportsModule" name="test_shift_report_csv" time="0.151" /><testcase classname="tests.test_admin_refactor.TestAdminReportsModule" name="test_shift_report_pdf" time="0.164" /><testcase classname="tests.test_admin_refactor.TestAdminReportsModule" name="test_w9_report" time="0.169" /><testcase classname="tests.test_admin_refactor.TestAdminReportsModule" name="test_w9_report_csv" time="0.159" /><testcase classname="tests.test_admin_refactor.TestAdminReportsModule" name="test_w9_report_pdf" time="0.162" /><testcase classname="tests.test_admin_refactor.TestAdminReportsModule" name="test_mileage_report" time="0.134" /><testcase classname="tests.test_admin_refactor.TestAdminReportsModule" name="test_mileage_report_csv" time="0.135" /><testcase classname="tests.test_admin_refactor.TestAdminReportsModule" name="test_mileage_report_pdf" time="0.167" /><testcase classname="tests.test_admin_refactor.TestAdminLegacyModule" name="test_legacy_pdf_endpoint" time="0.132" /><testcase classname="tests.test_admin_refactor.TestAuthRequired" name="test_employees_without_auth_fails" time="0.144" /><testcase classname="tests.test_admin_refactor.TestAuthRequired" name="test_time_entries_without_auth_fails" time="0.138" /><testcase classname="tests.test_admin_refactor.TestAuthRequired" name="test_reports_without_auth_fails" time="0.135" /><testcase classname="tests.test_commission_split.TestConsignmentClients" name="test_get_consignment_clients" time="0.000"><error message="failed on setup with &quot;requests.exceptions.MissingSchema: Invalid URL '/api/auth/login': No scheme supplied. Perhaps you meant https:///api/auth/login?&quot;">tests/test_commission_split.py:16: in admin_token
    response = requests.post(f"{BASE_URL}/api/auth/login", json={
/root/.venv/lib/python3.11/site-packages/requests/api.py:115: in post
    return request("post", url, data=data, json=json, **kwargs)
           ^^^^^^^^^^^^^^^^^^^^^^^^^^^^^^^^^^^^^^^^^^^^^^^^^^^^
/root/.venv/lib/python3.11/site-packages/requests/api.py:59: in request
    return session.request(method=method, url=url, **kwargs)
           ^^^^^^^^^^^^^^^^^^^^^^^^^^^^^^^^^^^^^^^^^^^^^^^^^
/root/.venv/lib/python3.11/site-packages/requests/sessions.py:575: in request
    prep = self.prepare_request(req)
           ^^^^^^^^^^^^^^^^^^^^^^^^^
/root/.venv/lib/python3.11/site-packages/requests/sessions.py:484: in prepare_request
    p.prepare(
/root/.venv/lib/python3.11/site-packages/requests/models.py:367: in prepare
    self.prepare_url(url, params)
/root/.venv/lib/python3.11/site-packages/requests/models.py:438: in prepare_url
    raise MissingSchema(
E   requests.exceptions.MissingSchema: Invalid URL '/api/auth/login': No scheme supplied. Perhaps you meant https:///api/auth/login?</error></testcase></testsuite></testsuites>