<?xml version="1.0" encoding="utf-8"?><testsuites name="pytest tests"><testsuite name="pytest" errors="0" failures="0" skipped="0" tests="11" time="3.066" timestamp="2026-08-31T02:42:35.595520+00:00" hostname="agent-env-56aea438-0d29-4fa4-9b99-e932ee1237a3"><testcase classname="tests.test_payment_autofill.TestPayrollSummaryAPI" name="test_payroll_summary_returns_200" time="0.347" /><testcase classname="tests.test_payment_autofill.TestPayrollSummaryAPI" name="test_payroll_summary_has_current_period" time="0.307" /><testcase classname="tests.test_payment_autofill.TestPayrollSummaryAPI" name="test_payroll_summary_has_by_employee_array" time="0.315" /><testcase classname="tests.test_payment_autofill.TestPayrollSummaryAPI" name="test_by_employee_has_required_fields" time="0.237" /><testcase classname="tests.test_payment_autofill.TestPayrollSummaryAPI" name="test_test_employee_has_owed_amount" time="0.583" /><testcase classname="tests.test_payment_autofill.TestEmployeesForPaymentAPI" name="test_employees_for_payment_returns_200" time="0.264" /><testcase classname="tests.test_payment_autofill.TestEmployeesForPaymentAPI" name="test_employees_for_payment_returns_list" time="0.267" /><testcase classname="tests.test_payment_autofill.TestEmployeesForPaymentAPI" name="test_employees_have_required_fields" time="0.234" /><testcase classname="tests.test_payment_autofill.TestEmployeesForPaymentAPI" name="test_test_employee_in_list" time="0.241" /><testcase classname="tests.test_payment_autofill.TestPayrollSummaryAuthentication" name="test_payroll_summary_requires_auth" time="0.114" /><testcase classname="tests.test_payment_autofill.TestPayrollSummaryAuthentication" name="test_employees_for_payment_requires_auth" time="0.134" /></testsuite></testsuites>