<?xml version="1.0" encoding="utf-8"?><testsuites name="pytest tests"><testsuite name="pytest" errors="0" failures="0" skipped="0" tests="28" time="3.332" timestamp="2026-06-12T11:29:12.510565+00:00" hostname="agent-env-56aea438-0d29-4fa4-9b99-e932ee1237a3"><testcase classname="tests.test_payroll_rounding.TestPayrollSummaryAPI" name="test_payroll_summary_returns_expected_fields" time="0.253" /><testcase classname="tests.test_payroll_rounding.TestPayrollSummaryAPI" name="test_payroll_summary_amounts_are_rounded" time="0.101" /><testcase classname="tests.test_payroll_rounding.TestShiftReportRounding" name="test_shift_report_summary_has_rounded_fields" time="0.103" /><testcase classname="tests.test_payroll_rounding.TestShiftReportRounding" name="test_rounded_hours_uses_round_up_on_total" time="0.112" /><testcase classname="tests.test_payroll_rounding.TestShiftReportRounding" name="test_estimated_pay_uses_rounded_hours" time="0.107" /><testcase classname="tests.test_payroll_rounding.TestRoundingLogic" name="test_round_up_to_minute_basic" time="0.000" /><testcase classname="tests.test_payroll_rounding.TestRoundingLogic" name="test_round_hours_1_minute_at_20_per_hour" time="0.000" /><testcase classname="tests.test_payroll_rounding.TestRoundingLogic" name="test_round_handles_edge_cases" time="0.000" /><testcase classname="tests.test_payroll_rounding.TestCSVExportRounding" name="test_csv_hours_column_shows_formatted_time" time="0.111" /><testcase classname="tests.test_payroll_rounding.TestCSVExportRounding" name="test_csv_summary_uses_rounded_pay" time="0.206" /><testcase classname="tests.test_payroll_rounding.TestPayrollReportPDF" name="test_payroll_report_pdf_endpoint" time="0.111" /><testcase classname="tests.test_payroll_rounding.TestPayrollReportPDF" name="test_payroll_report_pdf_with_monthly_period" time="0.105" /><testcase classname="tests.test_payroll_rounding.TestPayrollReportPDF" name="test_payroll_report_pdf_with_yearly_period" time="0.214" /><testcase classname="tests.test_payroll_rounding.TestPayrollReportJSON" name="test_payroll_report_returns_employee_breakdown" time="0.101" /><testcase classname="tests.test_payroll_rounding.TestPayrollConsistency" name="test_shift_report_and_payroll_summary_are_consistent" time="0.208" /><testcase classname="tests.test_payroll_rounding_fix.TestRoundUpLogic" name="test_round_up_basic_cases" time="0.000" /><testcase classname="tests.test_payroll_rounding_fix.TestRoundUpLogic" name="test_round_up_vs_old_round" time="0.000" /><testcase classname="tests.test_payroll_rounding_fix.TestRoundUpLogic" name="test_8h_19m_30s_example" time="0.000" /><testcase classname="tests.test_payroll_rounding_fix.TestRoundUpLogic" name="test_8h_19m_exactly" time="0.000" /><testcase classname="tests.test_payroll_rounding_fix.TestRoundUpLogic" name="test_edge_cases" time="0.000" /><testcase classname="tests.test_payroll_rounding_fix.TestPayrollReportRounding" name="test_payroll_report_uses_round_up" time="0.198" /><testcase classname="tests.test_payroll_rounding_fix.TestPayrollReportRounding" name="test_payroll_report_has_formatted_hours" time="0.109" /><testcase classname="tests.test_payroll_rounding_fix.TestEmployeePayrollHistory" name="test_employee_history_uses_round_up" time="0.199" /><testcase classname="tests.test_payroll_rounding_fix.TestPayrollSummary" name="test_payroll_summary_structure" time="0.104" /><testcase classname="tests.test_payroll_rounding_fix.TestPayrollSummary" name="test_payroll_summary_amounts_rounded" time="0.101" /><testcase classname="tests.test_payroll_rounding_fix.TestConsistencyBetweenEndpoints" name="test_admin_and_employee_amounts_consistent" time="0.313" /><testcase classname="tests.test_payroll_rounding_fix.TestPayrollPDFReport" name="test_pdf_report_generates" time="0.128" /><testcase classname="tests.test_payroll_rounding_fix.TestPayrollPDFReport" name="test_pdf_report_different_periods" time="0.419" /></testsuite></testsuites>