<?xml version="1.0" encoding="utf-8"?><testsuites name="pytest tests"><testsuite name="pytest" errors="8" failures="0" skipped="0" tests="8" time="1.412" timestamp="2026-02-23T20:26:47.010924+00:00" hostname="agent-env-05fb42c8-eb2e-433c-82ca-011a323fe805"><testcase classname="tests.test_mileage_pause_resume.TestMileagePauseResume" name="test_pause_trip_endpoint" time="0.230"><error message="failed on setup with &quot;AssertionError: Login failed: {&quot;detail&quot;:[{&quot;type&quot;:&quot;missing&quot;,&quot;loc&quot;:[&quot;body&quot;,&quot;email&quot;],&quot;msg&quot;:&quot;Field required&quot;,&quot;input&quot;:{&quot;code&quot;:&quot;4399&quot;},&quot;url&quot;:&quot;https://errors.pydantic.dev/2.12/v/missing&quot;}]}&#10;assert 422 == 200&#10; +  where 422 = &lt;Response [422]&gt;.status_code&quot;">tests/test_mileage_pause_resume.py:23: in setup
    assert login_response.status_code == 200, f"Login failed: {login_response.text}"
E   AssertionError: Login failed: {"detail":[{"type":"missing","loc":["body","email"],"msg":"Field required","input":{"code":"4399"},"url":"https://errors.pydantic.dev/2.12/v/missing"}]}
E   assert 422 == 200
E    +  where 422 = &lt;Response [422]&gt;.status_code</error></testcase><testcase classname="tests.test_mileage_pause_resume.TestMileagePauseResume" name="test_pause_already_paused_trip_fails" time="0.179"><error message="failed on setup with &quot;AssertionError: Login failed: {&quot;detail&quot;:[{&quot;type&quot;:&quot;missing&quot;,&quot;loc&quot;:[&quot;body&quot;,&quot;email&quot;],&quot;msg&quot;:&quot;Field required&quot;,&quot;input&quot;:{&quot;code&quot;:&quot;4399&quot;},&quot;url&quot;:&quot;https://errors.pydantic.dev/2.12/v/missing&quot;}]}&#10;assert 422 == 200&#10; +  where 422 = &lt;Response [422]&gt;.status_code&quot;">tests/test_mileage_pause_resume.py:23: in setup
    assert login_response.status_code == 200, f"Login failed: {login_response.text}"
E   AssertionError: Login failed: {"detail":[{"type":"missing","loc":["body","email"],"msg":"Field required","input":{"code":"4399"},"url":"https://errors.pydantic.dev/2.12/v/missing"}]}
E   assert 422 == 200
E    +  where 422 = &lt;Response [422]&gt;.status_code</error></testcase><testcase classname="tests.test_mileage_pause_resume.TestMileagePauseResume" name="test_resume_trip_endpoint" time="0.121"><error message="failed on setup with &quot;AssertionError: Login failed: {&quot;detail&quot;:[{&quot;type&quot;:&quot;missing&quot;,&quot;loc&quot;:[&quot;body&quot;,&quot;email&quot;],&quot;msg&quot;:&quot;Field required&quot;,&quot;input&quot;:{&quot;code&quot;:&quot;4399&quot;},&quot;url&quot;:&quot;https://errors.pydantic.dev/2.12/v/missing&quot;}]}&#10;assert 422 == 200&#10; +  where 422 = &lt;Response [422]&gt;.status_code&quot;">tests/test_mileage_pause_resume.py:23: in setup
    assert login_response.status_code == 200, f"Login failed: {login_response.text}"
E   AssertionError: Login failed: {"detail":[{"type":"missing","loc":["body","email"],"msg":"Field required","input":{"code":"4399"},"url":"https://errors.pydantic.dev/2.12/v/missing"}]}
E   assert 422 == 200
E    +  where 422 = &lt;Response [422]&gt;.status_code</error></testcase><testcase classname="tests.test_mileage_pause_resume.TestMileagePauseResume" name="test_resume_non_paused_trip_fails" time="0.128"><error message="failed on setup with &quot;AssertionError: Login failed: {&quot;detail&quot;:[{&quot;type&quot;:&quot;missing&quot;,&quot;loc&quot;:[&quot;body&quot;,&quot;email&quot;],&quot;msg&quot;:&quot;Field required&quot;,&quot;input&quot;:{&quot;code&quot;:&quot;4399&quot;},&quot;url&quot;:&quot;https://errors.pydantic.dev/2.12/v/missing&quot;}]}&#10;assert 422 == 200&#10; +  where 422 = &lt;Response [422]&gt;.status_code&quot;">tests/test_mileage_pause_resume.py:23: in setup
    assert login_response.status_code == 200, f"Login failed: {login_response.text}"
E   AssertionError: Login failed: {"detail":[{"type":"missing","loc":["body","email"],"msg":"Field required","input":{"code":"4399"},"url":"https://errors.pydantic.dev/2.12/v/missing"}]}
E   assert 422 == 200
E    +  where 422 = &lt;Response [422]&gt;.status_code</error></testcase><testcase classname="tests.test_mileage_pause_resume.TestMileagePauseResume" name="test_paused_state_persists_in_active_trip" time="0.235"><error message="failed on setup with &quot;AssertionError: Login failed: {&quot;detail&quot;:[{&quot;type&quot;:&quot;missing&quot;,&quot;loc&quot;:[&quot;body&quot;,&quot;email&quot;],&quot;msg&quot;:&quot;Field required&quot;,&quot;input&quot;:{&quot;code&quot;:&quot;4399&quot;},&quot;url&quot;:&quot;https://errors.pydantic.dev/2.12/v/missing&quot;}]}&#10;assert 422 == 200&#10; +  where 422 = &lt;Response [422]&gt;.status_code&quot;">tests/test_mileage_pause_resume.py:23: in setup
    assert login_response.status_code == 200, f"Login failed: {login_response.text}"
E   AssertionError: Login failed: {"detail":[{"type":"missing","loc":["body","email"],"msg":"Field required","input":{"code":"4399"},"url":"https://errors.pydantic.dev/2.12/v/missing"}]}
E   assert 422 == 200
E    +  where 422 = &lt;Response [422]&gt;.status_code</error></testcase><testcase classname="tests.test_mileage_pause_resume.TestMileagePauseResume" name="test_location_not_recorded_when_paused" time="0.122"><error message="failed on setup with &quot;AssertionError: Login failed: {&quot;detail&quot;:[{&quot;type&quot;:&quot;missing&quot;,&quot;loc&quot;:[&quot;body&quot;,&quot;email&quot;],&quot;msg&quot;:&quot;Field required&quot;,&quot;input&quot;:{&quot;code&quot;:&quot;4399&quot;},&quot;url&quot;:&quot;https://errors.pydantic.dev/2.12/v/missing&quot;}]}&#10;assert 422 == 200&#10; +  where 422 = &lt;Response [422]&gt;.status_code&quot;">tests/test_mileage_pause_resume.py:23: in setup
    assert login_response.status_code == 200, f"Login failed: {login_response.text}"
E   AssertionError: Login failed: {"detail":[{"type":"missing","loc":["body","email"],"msg":"Field required","input":{"code":"4399"},"url":"https://errors.pydantic.dev/2.12/v/missing"}]}
E   assert 422 == 200
E    +  where 422 = &lt;Response [422]&gt;.status_code</error></testcase><testcase classname="tests.test_mileage_pause_resume.TestMileagePauseResume" name="test_pause_without_active_trip_fails" time="0.153"><error message="failed on setup with &quot;AssertionError: Login failed: {&quot;detail&quot;:[{&quot;type&quot;:&quot;missing&quot;,&quot;loc&quot;:[&quot;body&quot;,&quot;email&quot;],&quot;msg&quot;:&quot;Field required&quot;,&quot;input&quot;:{&quot;code&quot;:&quot;4399&quot;},&quot;url&quot;:&quot;https://errors.pydantic.dev/2.12/v/missing&quot;}]}&#10;assert 422 == 200&#10; +  where 422 = &lt;Response [422]&gt;.status_code&quot;">tests/test_mileage_pause_resume.py:23: in setup
    assert login_response.status_code == 200, f"Login failed: {login_response.text}"
E   AssertionError: Login failed: {"detail":[{"type":"missing","loc":["body","email"],"msg":"Field required","input":{"code":"4399"},"url":"https://errors.pydantic.dev/2.12/v/missing"}]}
E   assert 422 == 200
E    +  where 422 = &lt;Response [422]&gt;.status_code</error></testcase><testcase classname="tests.test_mileage_pause_resume.TestMileagePauseResume" name="test_resume_without_active_trip_fails" time="0.144"><error message="failed on setup with &quot;AssertionError: Login failed: {&quot;detail&quot;:[{&quot;type&quot;:&quot;missing&quot;,&quot;loc&quot;:[&quot;body&quot;,&quot;email&quot;],&quot;msg&quot;:&quot;Field required&quot;,&quot;input&quot;:{&quot;code&quot;:&quot;4399&quot;},&quot;url&quot;:&quot;https://errors.pydantic.dev/2.12/v/missing&quot;}]}&#10;assert 422 == 200&#10; +  where 422 = &lt;Response [422]&gt;.status_code&quot;">tests/test_mileage_pause_resume.py:23: in setup
    assert login_response.status_code == 200, f"Login failed: {login_response.text}"
E   AssertionError: Login failed: {"detail":[{"type":"missing","loc":["body","email"],"msg":"Field required","input":{"code":"4399"},"url":"https://errors.pydantic.dev/2.12/v/missing"}]}
E   assert 422 == 200
E    +  where 422 = &lt;Response [422]&gt;.status_code</error></testcase></testsuite></testsuites>