<?xml version="1.0" encoding="utf-8"?><testsuites name="pytest tests"><testsuite name="pytest" errors="0" failures="0" skipped="0" tests="16" time="1.834" timestamp="2026-03-11T05:27:31.966458+00:00" hostname="agent-env-589eb3f1-065d-40e8-a9d4-2fd6caa63908"><testcase classname="tests.test_consignment_features.TestPhotoUploadEndpoint" name="test_upload_single_photo" time="0.147" /><testcase classname="tests.test_consignment_features.TestPhotoUploadEndpoint" name="test_upload_multiple_photos" time="0.100" /><testcase classname="tests.test_consignment_features.TestConsignmentAgreement" name="test_create_agreement_with_custom_profit_split" time="0.110" /><testcase classname="tests.test_consignment_features.TestConsignmentAgreement" name="test_create_agreement_with_default_profit_split" time="0.099" /><testcase classname="tests.test_consignment_features.TestConsignmentAgreement" name="test_create_agreement_with_photos" time="0.214" /><testcase classname="tests.test_consignment_features.TestCheckExistingAgreement" name="test_check_existing_agreement_found" time="0.100" /><testcase classname="tests.test_consignment_features.TestCheckExistingAgreement" name="test_check_existing_agreement_not_found" time="0.098" /><testcase classname="tests.test_consignment_features.TestAddConsignmentItems" name="test_add_items_with_signature" time="0.104" /><testcase classname="tests.test_consignment_features.TestAddConsignmentItems" name="test_update_contact_info" time="0.111" /><testcase classname="tests.test_consignment_features.TestAddConsignmentItems" name="test_update_payment_method" time="0.098" /><testcase classname="tests.test_consignment_features.TestAddConsignmentItems" name="test_update_profit_split" time="0.091" /><testcase classname="tests.test_consignment_features.TestAddConsignmentItems" name="test_add_items_nonexistent_agreement" time="0.137" /><testcase classname="tests.test_consignment_features.TestPaymentMethodValidation" name="test_check_payment_no_details_required" time="0.099" /><testcase classname="tests.test_consignment_features.TestPaymentMethodValidation" name="test_venmo_payment_with_details" time="0.099" /><testcase classname="tests.test_consignment_features.TestUpdatePaymentMethod" name="test_update_payment_method_success" time="0.103" /><testcase classname="tests.test_consignment_features.TestUpdatePaymentMethod" name="test_update_payment_method_not_found" time="0.095" /></testsuite></testsuites>