<?xml version="1.0" encoding="utf-8"?><testsuites name="pytest tests"><testsuite name="pytest" errors="0" failures="0" skipped="0" tests="21" time="14.553" timestamp="2026-02-27T19:00:09.886541+00:00" hostname="agent-env-ca8bc73c-f815-44fc-960f-f1862eb01104"><testcase classname="test_mileage_api.TestMileageEntriesEndpoint" name="test_get_mileage_entries_returns_array" time="0.361" /><testcase classname="test_mileage_api.TestMileageEntriesEndpoint" name="test_mileage_entries_have_user_name_field" time="0.122" /><testcase classname="test_mileage_api.TestMileageEntriesEndpoint" name="test_mileage_entry_structure" time="0.154" /><testcase classname="test_mileage_api.TestMileageSummary" name="test_get_mileage_summary" time="0.110" /><testcase classname="test_mileage_api.TestMileageEntryCRUD" name="test_create_mileage_entry" time="0.122" /><testcase classname="test_mileage_api.TestMileageEntryCRUD" name="test_create_and_verify_persistence" time="0.416" /><testcase classname="test_mileage_api.TestMileageEntryCRUD" name="test_update_mileage_entry" time="0.469" /><testcase classname="test_mileage_api.TestMileageEntryCRUD" name="test_delete_mileage_entry" time="0.521" /><testcase classname="test_mileage_api.TestActiveTripEndpoints" name="test_get_active_trip" time="0.121" /><testcase classname="test_mileage_api.TestAuthRequired" name="test_entries_without_auth_fails" time="0.138" /><testcase classname="test_mileage_api.TestAuthRequired" name="test_summary_without_auth_fails" time="0.131" /><testcase classname="test_osrm_integration.TestMileageEntriesOSRMFields" name="test_entries_include_is_road_matched_field" time="0.266" /><testcase classname="test_osrm_integration.TestMileageEntriesOSRMFields" name="test_entries_include_match_confidence_field" time="0.173" /><testcase classname="test_osrm_integration.TestTripWaypointsEndpoint" name="test_get_trip_waypoints_for_invalid_trip_returns_404" time="0.117" /><testcase classname="test_osrm_integration.TestTripWaypointsEndpoint" name="test_get_trip_waypoints_returns_road_matched_data" time="0.272" /><testcase classname="test_osrm_integration.TestReprocessRouteEndpoint" name="test_reprocess_route_for_invalid_trip_returns_404" time="0.188" /><testcase classname="test_osrm_integration.TestReprocessRouteEndpoint" name="test_reprocess_route_requires_auth" time="0.108" /><testcase classname="test_osrm_integration.TestReprocessRouteEndpoint" name="test_reprocess_route_returns_expected_fields" time="0.704" /><testcase classname="test_osrm_integration.TestReprocessRouteEndpoint" name="test_reprocess_route_fails_with_insufficient_waypoints" time="0.440" /><testcase classname="test_osrm_integration.TestMileageEntryFieldValidation" name="test_manual_entry_has_default_osrm_fields" time="0.403" /><testcase classname="test_osrm_integration.TestOSRMServiceIntegration" name="test_reprocess_with_real_coordinates" time="9.155" /></testsuite></testsuites>