<?xml version="1.0" encoding="utf-8"?><testsuites name="pytest tests"><testsuite name="pytest" errors="0" failures="0" skipped="0" tests="13" time="4.288" timestamp="2026-02-24T00:38:30.515351+00:00" hostname="agent-env-7b200e43-bf82-490b-ab56-dc578518d1bb"><testcase classname="backend.tests.test_messages.TestMessagesAPI" name="test_01_create_message_success" time="0.292" /><testcase classname="backend.tests.test_messages.TestMessagesAPI" name="test_02_create_message_missing_name" time="0.295" /><testcase classname="backend.tests.test_messages.TestMessagesAPI" name="test_03_create_message_invalid_email" time="0.276" /><testcase classname="backend.tests.test_messages.TestMessagesAPI" name="test_04_create_message_missing_message" time="0.276" /><testcase classname="backend.tests.test_messages.TestMessagesAPI" name="test_05_admin_get_all_messages" time="0.386" /><testcase classname="backend.tests.test_messages.TestMessagesAPI" name="test_06_admin_get_unread_count" time="0.252" /><testcase classname="backend.tests.test_messages.TestMessagesAPI" name="test_07_admin_mark_as_read" time="0.374" /><testcase classname="backend.tests.test_messages.TestMessagesAPI" name="test_08_admin_mark_as_unread" time="0.407" /><testcase classname="backend.tests.test_messages.TestMessagesAPI" name="test_09_admin_update_nonexistent" time="0.291" /><testcase classname="backend.tests.test_messages.TestMessagesAPI" name="test_10_unauthorized_admin_access" time="0.402" /><testcase classname="backend.tests.test_messages.TestMessagesAPI" name="test_11_admin_delete_message" time="0.401" /><testcase classname="backend.tests.test_messages.TestMessagesAPI" name="test_12_admin_delete_nonexistent" time="0.245" /><testcase classname="backend.tests.test_messages.TestMessagesCleanup" name="test_cleanup_test_messages" time="0.326" /></testsuite></testsuites>