<?xml version="1.0" encoding="utf-8"?><testsuites name="pytest tests"><testsuite name="pytest" errors="0" failures="0" skipped="0" tests="14" time="2.714" timestamp="2026-04-22T02:35:37.123219+00:00" hostname="agent-env-0398ff0a-9575-4485-ad9b-fd427c2204d5"><testcase classname="backend.tests.test_device_photos_refactor.TestAuthRegression" name="test_user_login_success" time="0.200" /><testcase classname="backend.tests.test_device_photos_refactor.TestInspectionsRegression" name="test_list_inspections_by_badge" time="0.118" /><testcase classname="backend.tests.test_device_photos_refactor.TestInspectionsRegression" name="test_get_violations" time="0.057" /><testcase classname="backend.tests.test_device_photos_refactor.TestInspectionsRegression" name="test_admin_users_with_badge_121" time="0.056" /><testcase classname="backend.tests.test_device_photos_refactor.TestOcrRemoved" name="test_ocr_endpoint_returns_410" time="0.052" /><testcase classname="backend.tests.test_device_photos_refactor.TestAdminWipePhotos" name="test_non_admin_gets_403" time="0.052" /><testcase classname="backend.tests.test_device_photos_refactor.TestAdminWipePhotos" name="test_admin_gets_summary" time="0.049" /><testcase classname="backend.tests.test_device_photos_refactor.TestGeneralPhotoMeta" name="test_attach_general_photo_meta_json" time="0.214" /><testcase classname="backend.tests.test_device_photos_refactor.TestGeneralPhotoMeta" name="test_general_photo_endpoint_rejects_multipart" time="0.257" /><testcase classname="backend.tests.test_device_photos_refactor.TestGeneralPhotoMeta" name="test_delete_general_photo_meta" time="0.280" /><testcase classname="backend.tests.test_device_photos_refactor.TestItemPhotoMeta" name="test_attach_item_photo_meta_json" time="0.275" /><testcase classname="backend.tests.test_device_photos_refactor.TestItemPhotoMeta" name="test_delete_item_photo_meta" time="0.307" /><testcase classname="backend.tests.test_device_photos_refactor.TestTieDownAssessmentPhotoMeta" name="test_attach_assessment_photo_json" time="0.329" /><testcase classname="backend.tests.test_device_photos_refactor.TestTieDownAssessmentPhotoMeta" name="test_delete_assessment_photo" time="0.377" /></testsuite></testsuites>