<?xml version="1.0" encoding="utf-8"?><testsuites name="pytest tests"><testsuite name="pytest" errors="0" failures="4" skipped="0" tests="18" time="3.479" timestamp="2026-02-23T04:56:03.954285+00:00" hostname="agent-env-656594b6-6e8d-4f2a-bee0-17b08ebd8106"><testcase classname="backend.tests.test_refactored_backend.TestHealth" name="test_api_root" time="0.165" /><testcase classname="backend.tests.test_refactored_backend.TestAuth" name="test_login_valid_admin" time="0.107" /><testcase classname="backend.tests.test_refactored_backend.TestAuth" name="test_login_unregistered_email" time="0.115" /><testcase classname="backend.tests.test_refactored_backend.TestAuth" name="test_auth_me_authenticated" time="0.230" /><testcase classname="backend.tests.test_refactored_backend.TestAuth" name="test_auth_me_unauthenticated" time="0.140"><failure message="assert 403 == 401&#10; +  where 403 = &lt;Response [403]&gt;.status_code">backend/tests/test_refactored_backend.py:70: in test_auth_me_unauthenticated
    assert response.status_code == 401
E   assert 403 == 401
E    +  where 403 = &lt;Response [403]&gt;.status_code</failure></testcase><testcase classname="backend.tests.test_refactored_backend.TestAdminEmployees" name="test_get_all_employees_authenticated" time="0.215" /><testcase classname="backend.tests.test_refactored_backend.TestAdminEmployees" name="test_get_all_employees_unauthenticated" time="0.101"><failure message="assert 403 == 401&#10; +  where 403 = &lt;Response [403]&gt;.status_code">backend/tests/test_refactored_backend.py:103: in test_get_all_employees_unauthenticated
    assert response.status_code == 401
E   assert 403 == 401
E    +  where 403 = &lt;Response [403]&gt;.status_code</failure></testcase><testcase classname="backend.tests.test_refactored_backend.TestAdminEmployees" name="test_get_admin_summary" time="0.220" /><testcase classname="backend.tests.test_refactored_backend.TestAdminEmployees" name="test_get_employee_entries" time="0.326" /><testcase classname="backend.tests.test_refactored_backend.TestAdminEmployees" name="test_get_employee_entries_nonexistent" time="0.197" /><testcase classname="backend.tests.test_refactored_backend.TestPayroll" name="test_get_payroll_summary" time="0.249" /><testcase classname="backend.tests.test_refactored_backend.TestPayroll" name="test_get_payroll_settings" time="0.219" /><testcase classname="backend.tests.test_refactored_backend.TestPayroll" name="test_generate_payroll_report_biweekly" time="0.206" /><testcase classname="backend.tests.test_refactored_backend.TestPayroll" name="test_generate_payroll_report_monthly" time="0.209" /><testcase classname="backend.tests.test_refactored_backend.TestPayroll" name="test_payroll_summary_unauthorized" time="0.133"><failure message="assert 403 == 401&#10; +  where 403 = &lt;Response [403]&gt;.status_code">backend/tests/test_refactored_backend.py:210: in test_payroll_summary_unauthorized
    assert response.status_code == 401
E   assert 403 == 401
E    +  where 403 = &lt;Response [403]&gt;.status_code</failure></testcase><testcase classname="backend.tests.test_refactored_backend.TestTimeEntries" name="test_get_all_time_entries" time="0.207" /><testcase classname="backend.tests.test_refactored_backend.TestNotifications" name="test_get_notifications" time="0.214" /><testcase classname="backend.tests.test_refactored_backend.TestNotifications" name="test_notifications_unauthorized" time="0.127"><failure message="assert 403 == 401&#10; +  where 403 = &lt;Response [403]&gt;.status_code">backend/tests/test_refactored_backend.py:258: in test_notifications_unauthorized
    assert response.status_code == 401
E   assert 403 == 401
E    +  where 403 = &lt;Response [403]&gt;.status_code</failure></testcase></testsuite></testsuites>