<?xml version="1.0" encoding="utf-8"?><testsuites name="pytest tests"><testsuite name="pytest" errors="0" failures="0" skipped="0" tests="10" time="6.407" timestamp="2026-02-23T00:32:26.893662+00:00" hostname="agent-env-7b713933-48a9-485e-b868-68369fd4a1ba"><testcase classname="backend.tests.test_edit_employee.TestEditEmployee" name="test_update_employee_name" time="0.832" /><testcase classname="backend.tests.test_edit_employee.TestEditEmployee" name="test_update_employee_email" time="0.680" /><testcase classname="backend.tests.test_edit_employee.TestEditEmployee" name="test_update_employee_role_to_admin" time="0.643" /><testcase classname="backend.tests.test_edit_employee.TestEditEmployee" name="test_update_multiple_fields" time="0.563" /><testcase classname="backend.tests.test_edit_employee.TestEditEmployee" name="test_update_nonexistent_employee_returns_404" time="0.582" /><testcase classname="backend.tests.test_edit_employee.TestEditEmployee" name="test_update_with_empty_fields_returns_400" time="0.600" /><testcase classname="backend.tests.test_edit_employee.TestEditEmployee" name="test_update_with_invalid_role_returns_400" time="0.528" /><testcase classname="backend.tests.test_edit_employee.TestEditEmployee" name="test_update_with_duplicate_email_returns_400" time="0.728" /><testcase classname="backend.tests.test_edit_employee.TestEditEmployee" name="test_update_admin_user_returns_400" time="0.663" /><testcase classname="backend.tests.test_edit_employee.TestEditEmployee" name="test_update_without_auth_returns_401" time="0.522" /></testsuite></testsuites>