<?xml version="1.0" encoding="utf-8"?><testsuites name="pytest tests"><testsuite name="pytest" errors="0" failures="0" skipped="0" tests="4" time="1.778" timestamp="2026-04-21T19:25:48.889388+00:00" hostname="agent-env-0398ff0a-9575-4485-ad9b-fd427c2204d5"><testcase classname="backend.tests.test_save_to_inspection.TestHosSaveToInspection" name="test_save_hos_and_persist" time="0.437" /><testcase classname="backend.tests.test_save_to_inspection.TestTieDownSaveToInspection" name="test_save_tiedown_and_persist" time="0.193" /><testcase classname="backend.tests.test_save_to_inspection.TestBridgeChartAnnotatedPhotos" name="test_upload_annotated_photo" time="0.632" /><testcase classname="backend.tests.test_save_to_inspection.TestAuthRegression" name="test_login_works" time="0.447" /></testsuite></testsuites>