<?xml version="1.0" encoding="utf-8"?><testsuites name="pytest tests"><testsuite name="pytest" errors="0" failures="0" skipped="0" tests="11" time="4.530" timestamp="2026-04-12T16:01:22.437420+00:00" hostname="agent-env-0398ff0a-9575-4485-ad9b-fd427c2204d5"><testcase classname="backend.tests.test_wll_chart_photos.TestTiedownPhotoUpload" name="test_upload_tiedown_photo" time="0.466" /><testcase classname="backend.tests.test_wll_chart_photos.TestTiedownPhotoUpload" name="test_upload_non_image_rejected" time="0.113" /><testcase classname="backend.tests.test_wll_chart_photos.TestSaveAssessmentWithPhotos" name="test_save_assessment_with_photos_array" time="0.606" /><testcase classname="backend.tests.test_wll_chart_photos.TestAssessmentPhotoManagement" name="test_add_photo_to_existing_assessment" time="0.624" /><testcase classname="backend.tests.test_wll_chart_photos.TestAssessmentPhotoManagement" name="test_delete_photo_from_assessment" time="0.615" /><testcase classname="backend.tests.test_wll_chart_photos.TestExportWithAssessmentPhotos" name="test_export_with_photos_includes_assessment_photos" time="0.612" /><testcase classname="backend.tests.test_wll_chart_photos.TestExportWithAssessmentPhotos" name="test_export_without_photos_excludes_images" time="0.533" /><testcase classname="backend.tests.test_wll_chart_photos.TestWLLChartValues" name="test_grade70_3_8_chain_wll_9200" time="0.239" /><testcase classname="backend.tests.test_wll_chart_photos.TestWLLChartValues" name="test_grade80_1_2_chain_wll_16000" time="0.205" /><testcase classname="backend.tests.test_wll_chart_photos.TestWLLChartValues" name="test_quick_preset_vs_chart_difference" time="0.312" /><testcase classname="backend.tests.test_wll_chart_photos.TestInspectionListForSaveModal" name="test_get_inspections_for_save_modal" time="0.104" /></testsuite></testsuites>