<?xml version="1.0" encoding="utf-8"?><testsuites name="pytest tests"><testsuite name="pytest" errors="0" failures="0" skipped="0" tests="12" time="3.405" timestamp="2026-04-12T15:27:13.402069+00:00" hostname="agent-env-0398ff0a-9575-4485-ad9b-fd427c2204d5"><testcase classname="backend.tests.test_tiedown_features.TestTieDownSaveToInspection" name="test_save_tiedown_basic" time="0.345" /><testcase classname="backend.tests.test_tiedown_features.TestTieDownSaveToInspection" name="test_save_tiedown_with_indirect_method" time="0.264" /><testcase classname="backend.tests.test_tiedown_features.TestTieDownSaveToInspection" name="test_save_tiedown_with_defective" time="0.293" /><testcase classname="backend.tests.test_tiedown_features.TestTieDownSaveToInspection" name="test_math_verification_not_compliant" time="0.249" /><testcase classname="backend.tests.test_tiedown_features.TestTieDownSaveToInspection" name="test_math_verification_compliant" time="0.243" /><testcase classname="backend.tests.test_tiedown_features.TestTieDownSaveToInspection" name="test_save_tiedown_to_nonexistent_inspection" time="0.262" /><testcase classname="backend.tests.test_tiedown_features.TestTieDownDelete" name="test_delete_tiedown_assessment" time="0.396" /><testcase classname="backend.tests.test_tiedown_features.TestInspectionExportWithTieDown" name="test_export_includes_tiedown_section" time="0.342" /><testcase classname="backend.tests.test_tiedown_features.TestInspectionExportWithTieDown" name="test_export_without_photos" time="0.303" /><testcase classname="backend.tests.test_tiedown_features.TestInspectionExportWithTieDown" name="test_export_with_photos" time="0.318" /><testcase classname="backend.tests.test_tiedown_features.TestExistingInspectionWithTieDown" name="test_get_existing_inspection_with_tiedown" time="0.147" /><testcase classname="backend.tests.test_tiedown_features.TestListInspections" name="test_list_inspections" time="0.149" /></testsuite></testsuites>