<?xml version="1.0" encoding="utf-8"?><testsuites name="pytest tests"><testsuite name="pytest" errors="0" failures="4" skipped="0" tests="14" time="3.441" timestamp="2026-02-26T22:39:47.057420+00:00" hostname="agent-env-9bf85294-2716-481b-ba35-5349452357e9"><testcase classname="tests.test_payroll_rounding.TestPayrollReportJSON" name="test_payroll_report_returns_employee_breakdown" time="0.274" /><testcase classname="tests.test_w9_api.TestAdminW9Endpoints" name="test_get_all_employees_with_w9_status" time="0.184" /><testcase classname="tests.test_w9_api.TestAdminW9Endpoints" name="test_get_employee_w9_status" time="0.235" /><testcase classname="tests.test_w9_api.TestAdminW9Endpoints" name="test_get_employee_w9_documents" time="0.209" /><testcase classname="tests.test_w9_api.TestAdminW9Endpoints" name="test_download_w9_document" time="0.228"><failure message="assert 404 == 200&#10; +  where 404 = &lt;Response [404]&gt;.status_code">tests/test_w9_api.py:116: in test_download_w9_document
    assert response.status_code == 200
E   assert 404 == 200
E    +  where 404 = &lt;Response [404]&gt;.status_code</failure></testcase><testcase classname="tests.test_w9_api.TestAdminW9Endpoints" name="test_approve_w9_document" time="0.158"><failure message="assert 404 == 200&#10; +  where 404 = &lt;Response [404]&gt;.status_code">tests/test_w9_api.py:128: in test_approve_w9_document
    assert response.status_code == 200
E   assert 404 == 200
E    +  where 404 = &lt;Response [404]&gt;.status_code</failure></testcase><testcase classname="tests.test_w9_api.TestAdminW9Endpoints" name="test_get_pending_w9s" time="0.178" /><testcase classname="tests.test_w9_api.TestAdminW9Endpoints" name="test_download_nonexistent_w9" time="0.222" /><testcase classname="tests.test_w9_api.TestEmployeeW9Endpoints" name="test_get_own_w9_status" time="0.191" /><testcase classname="tests.test_w9_api.TestEmployeeW9Endpoints" name="test_download_own_w9" time="0.274" /><testcase classname="tests.test_w9_api.TestEmployeeW9Endpoints" name="test_download_specific_w9" time="0.172"><failure message="assert 404 == 200&#10; +  where 404 = &lt;Response [404]&gt;.status_code">tests/test_w9_api.py:185: in test_download_specific_w9
    assert response.status_code == 200
E   assert 404 == 200
E    +  where 404 = &lt;Response [404]&gt;.status_code</failure></testcase><testcase classname="tests.test_w9_api.TestW9UploadEndpoint" name="test_employee_w9_upload_generates_id" time="0.360" /><testcase classname="tests.test_w9_api.TestW9DocumentFiltering" name="test_w9_documents_have_required_fields" time="0.320" /><testcase classname="tests.test_w9_api.TestW9DocumentFiltering" name="test_documents_with_id_are_returned" time="0.239"><failure message="AssertionError: Test document a0de9d4c-58d6-4c9c-9add-b66000604bc1 not found&#10;assert None is not None">tests/test_w9_api.py:266: in test_documents_with_id_are_returned
    assert test_doc is not None, f"Test document {W9_DOC_ID} not found"
E   AssertionError: Test document a0de9d4c-58d6-4c9c-9add-b66000604bc1 not found
E   assert None is not None</failure></testcase></testsuite></testsuites>