<?xml version="1.0" encoding="utf-8"?><testsuites name="pytest tests"><testsuite name="pytest" errors="0" failures="0" skipped="0" tests="18" time="3.363" timestamp="2026-02-23T04:56:25.150703+00:00" hostname="agent-env-656594b6-6e8d-4f2a-bee0-17b08ebd8106"><testcase classname="backend.tests.test_refactored_backend.TestHealth" name="test_api_root" time="0.162" /><testcase classname="backend.tests.test_refactored_backend.TestAuth" name="test_login_valid_admin" time="0.106" /><testcase classname="backend.tests.test_refactored_backend.TestAuth" name="test_login_unregistered_email" time="0.115" /><testcase classname="backend.tests.test_refactored_backend.TestAuth" name="test_auth_me_authenticated" time="0.222" /><testcase classname="backend.tests.test_refactored_backend.TestAuth" name="test_auth_me_unauthenticated" time="0.128" /><testcase classname="backend.tests.test_refactored_backend.TestAdminEmployees" name="test_get_all_employees_authenticated" time="0.210" /><testcase classname="backend.tests.test_refactored_backend.TestAdminEmployees" name="test_get_all_employees_unauthenticated" time="0.107" /><testcase classname="backend.tests.test_refactored_backend.TestAdminEmployees" name="test_get_admin_summary" time="0.217" /><testcase classname="backend.tests.test_refactored_backend.TestAdminEmployees" name="test_get_employee_entries" time="0.320" /><testcase classname="backend.tests.test_refactored_backend.TestAdminEmployees" name="test_get_employee_entries_nonexistent" time="0.202" /><testcase classname="backend.tests.test_refactored_backend.TestPayroll" name="test_get_payroll_summary" time="0.199" /><testcase classname="backend.tests.test_refactored_backend.TestPayroll" name="test_get_payroll_settings" time="0.245" /><testcase classname="backend.tests.test_refactored_backend.TestPayroll" name="test_generate_payroll_report_biweekly" time="0.198" /><testcase classname="backend.tests.test_refactored_backend.TestPayroll" name="test_generate_payroll_report_monthly" time="0.202" /><testcase classname="backend.tests.test_refactored_backend.TestPayroll" name="test_payroll_summary_unauthorized" time="0.135" /><testcase classname="backend.tests.test_refactored_backend.TestTimeEntries" name="test_get_all_time_entries" time="0.218" /><testcase classname="backend.tests.test_refactored_backend.TestNotifications" name="test_get_notifications" time="0.199" /><testcase classname="backend.tests.test_refactored_backend.TestNotifications" name="test_notifications_unauthorized" time="0.107" /></testsuite></testsuites>