<?xml version="1.0" encoding="utf-8"?><testsuites name="pytest tests"><testsuite name="pytest" errors="0" failures="1" skipped="0" tests="27" time="10.516" timestamp="2026-02-22T23:07:26.808237+00:00" hostname="agent-env-c5f4456a-98c6-4135-b2a5-2413a86f1325"><testcase classname="backend.tests.test_thrifty_curator_api.TestHealthAndBasicRoutes" name="test_api_root" time="0.266" /><testcase classname="backend.tests.test_thrifty_curator_api.TestPasswordlessAuth" name="test_admin_login_success" time="0.178" /><testcase classname="backend.tests.test_thrifty_curator_api.TestPasswordlessAuth" name="test_invalid_email_login" time="0.128" /><testcase classname="backend.tests.test_thrifty_curator_api.TestPasswordlessAuth" name="test_auth_me_without_token" time="0.109" /><testcase classname="backend.tests.test_thrifty_curator_api.TestPasswordlessAuth" name="test_auth_me_with_valid_token" time="0.317" /><testcase classname="backend.tests.test_thrifty_curator_api.TestAdminFeatures" name="test_get_all_employees" time="0.270" /><testcase classname="backend.tests.test_thrifty_curator_api.TestAdminFeatures" name="test_create_new_employee" time="0.346" /><testcase classname="backend.tests.test_thrifty_curator_api.TestAdminFeatures" name="test_delete_employee" time="0.577" /><testcase classname="backend.tests.test_thrifty_curator_api.TestAdminFeatures" name="test_generate_shift_report" time="0.307" /><testcase classname="backend.tests.test_thrifty_curator_api.TestAdminFeatures" name="test_get_admin_summary" time="0.244" /><testcase classname="backend.tests.test_thrifty_curator_api.TestAdminFeatures" name="test_get_all_time_entries" time="0.198" /><testcase classname="backend.tests.test_thrifty_curator_api.TestEmployeeTimeTracking" name="test_clock_status_not_clocked_in" time="0.502" /><testcase classname="backend.tests.test_thrifty_curator_api.TestEmployeeTimeTracking" name="test_clock_in" time="0.617" /><testcase classname="backend.tests.test_thrifty_curator_api.TestEmployeeTimeTracking" name="test_clock_out" time="0.614" /><testcase classname="backend.tests.test_thrifty_curator_api.TestEmployeeTimeTracking" name="test_double_clock_in_fails" time="0.740" /><testcase classname="backend.tests.test_thrifty_curator_api.TestEmployeeTimeTracking" name="test_get_time_entries" time="0.498" /><testcase classname="backend.tests.test_thrifty_curator_api.TestEmployeeTimeTracking" name="test_get_time_summary" time="0.510" /><testcase classname="backend.tests.test_thrifty_curator_api.TestFormSubmissions" name="test_submit_job_application" time="0.112" /><testcase classname="backend.tests.test_thrifty_curator_api.TestFormSubmissions" name="test_submit_consignment_inquiry" time="0.122" /><testcase classname="backend.tests.test_thrifty_curator_api.TestFormSubmissions" name="test_submit_consignment_agreement" time="0.140" /><testcase classname="backend.tests.test_thrifty_curator_api.TestAdminNotifications" name="test_get_notifications" time="0.224" /><testcase classname="backend.tests.test_thrifty_curator_api.TestAdminNotifications" name="test_clock_in_creates_notification" time="0.737" /><testcase classname="backend.tests.test_thrifty_curator_api.TestAdminNotifications" name="test_clock_out_creates_notification_with_hours" time="0.843" /><testcase classname="backend.tests.test_thrifty_curator_api.TestAdminNotifications" name="test_mark_all_notifications_read" time="0.227"><failure message="assert 422 == 200&#10; +  where 422 = &lt;Response [422]&gt;.status_code">backend/tests/test_thrifty_curator_api.py:537: in test_mark_all_notifications_read
    assert response.status_code == 200
E   assert 422 == 200
E    +  where 422 = &lt;Response [422]&gt;.status_code</failure></testcase><testcase classname="backend.tests.test_thrifty_curator_api.TestAdminNotifications" name="test_clear_all_notifications" time="0.379" /><testcase classname="backend.tests.test_thrifty_curator_api.TestAuthorizationRules" name="test_employee_cannot_access_admin_routes" time="0.691" /><testcase classname="backend.tests.test_thrifty_curator_api.TestAuthorizationRules" name="test_employee_cannot_access_admin_notifications" time="0.505" /></testsuite></testsuites>