<?xml version="1.0" encoding="utf-8"?><testsuites name="pytest tests"><testsuite name="pytest" errors="0" failures="0" skipped="0" tests="5" time="0.840" timestamp="2026-04-25T23:42:21.907203+00:00" hostname="agent-env-0398ff0a-9575-4485-ad9b-fd427c2204d5"><testcase classname="backend.tests.test_elp_assessments.TestElpSave" name="test_save_elp_full_payload" time="0.357" /><testcase classname="backend.tests.test_elp_assessments.TestElpSave" name="test_get_inspection_returns_elp" time="0.059" /><testcase classname="backend.tests.test_elp_assessments.TestElpSave" name="test_save_second_elp_then_delete_first_only" time="0.252" /><testcase classname="backend.tests.test_elp_assessments.TestElpSave" name="test_save_elp_to_bogus_inspection_returns_404" time="0.055" /><testcase classname="backend.tests.test_elp_assessments" name="test_cleanup" time="0.049" /></testsuite></testsuites>