<?xml version="1.0" encoding="utf-8"?><testsuites name="pytest tests"><testsuite name="pytest" errors="0" failures="1" skipped="0" tests="10" time="5.385" timestamp="2026-02-24T03:00:06.407140+00:00" hostname="agent-env-84e7575c-a613-4296-adc2-05d776e49f63"><testcase classname="tests.test_w9_management.TestAdminLogin" name="test_admin_login_with_code_4399" time="0.208" /><testcase classname="tests.test_w9_management.TestAdminW9APIs" name="test_get_w9_status_no_w9" time="0.419" /><testcase classname="tests.test_w9_management.TestAdminW9APIs" name="test_upload_w9_for_employee" time="0.725" /><testcase classname="tests.test_w9_management.TestAdminW9APIs" name="test_get_w9_documents_list" time="0.399" /><testcase classname="tests.test_w9_management.TestAdminW9APIs" name="test_download_w9_document" time="0.631" /><testcase classname="tests.test_w9_management.TestAdminW9APIs" name="test_delete_w9_document" time="0.680" /><testcase classname="tests.test_w9_management.TestEmployeeW9APIs" name="test_employee_get_w9_status" time="0.625" /><testcase classname="tests.test_w9_management.TestEmployeeW9APIs" name="test_employee_upload_w9" time="0.671"><failure message="assert 400 == 200&#10; +  where 400 = &lt;Response [400]&gt;.status_code">tests/test_w9_management.py:288: in test_employee_upload_w9
    assert response.status_code == 200
E   assert 400 == 200
E    +  where 400 = &lt;Response [400]&gt;.status_code</failure></testcase><testcase classname="tests.test_w9_management.TestEmployeeW9APIs" name="test_employee_download_w9" time="0.692" /><testcase classname="tests.test_w9_management.TestNoW9ReviewSection" name="test_pending_w9s_returns_empty" time="0.265" /></testsuite></testsuites>