<?xml version="1.0" encoding="utf-8"?><testsuites name="pytest tests"><testsuite name="pytest" errors="0" failures="0" skipped="0" tests="12" time="3.584" timestamp="2026-02-24T03:37:36.481196+00:00" hostname="agent-env-84e7575c-a613-4296-adc2-05d776e49f63"><testcase classname="backend.tests.test_w9_management.TestAdminW9Status" name="test_get_w9_status_james_wilson" time="0.371" /><testcase classname="backend.tests.test_w9_management.TestAdminW9Status" name="test_get_w9_status_lisa_martinez" time="0.227" /><testcase classname="backend.tests.test_w9_management.TestAdminW9Status" name="test_get_w9_status_sarah_johnson" time="0.251" /><testcase classname="backend.tests.test_w9_management.TestAdminW9Download" name="test_download_w9_james_wilson" time="0.359" /><testcase classname="backend.tests.test_w9_management.TestAdminW9Download" name="test_download_w9_lisa_martinez" time="0.354" /><testcase classname="backend.tests.test_w9_management.TestAdminW9Download" name="test_download_w9_sarah_johnson" time="0.385" /><testcase classname="backend.tests.test_w9_management.TestAdminW9Download" name="test_download_nonexistent_w9" time="0.206" /><testcase classname="backend.tests.test_w9_management.TestEmployeeW9Status" name="test_employee_get_own_w9_status" time="0.237" /><testcase classname="backend.tests.test_w9_management.TestEmployeeW9Download" name="test_employee_download_own_w9_by_id" time="0.358" /><testcase classname="backend.tests.test_w9_management.TestEmployeeW9Download" name="test_employee_download_latest_w9" time="0.254" /><testcase classname="backend.tests.test_w9_management.TestEmployeeW9Download" name="test_employee_download_nonexistent_w9" time="0.227" /><testcase classname="backend.tests.test_w9_management.TestW9RouteOrdering" name="test_status_route_not_matched_as_doc_id" time="0.283" /></testsuite></testsuites>