<?xml version="1.0" encoding="utf-8"?><testsuites name="pytest tests"><testsuite name="pytest" errors="0" failures="0" skipped="0" tests="10" time="5.915" timestamp="2026-02-24T03:00:27.497131+00:00" hostname="agent-env-84e7575c-a613-4296-adc2-05d776e49f63"><testcase classname="tests.test_w9_management.TestAdminLogin" name="test_admin_login_with_code_4399" time="0.210" /><testcase classname="tests.test_w9_management.TestAdminW9APIs" name="test_get_w9_status_no_w9" time="0.410" /><testcase classname="tests.test_w9_management.TestAdminW9APIs" name="test_upload_w9_for_employee" time="0.456" /><testcase classname="tests.test_w9_management.TestAdminW9APIs" name="test_get_w9_documents_list" time="0.583" /><testcase classname="tests.test_w9_management.TestAdminW9APIs" name="test_download_w9_document" time="0.518" /><testcase classname="tests.test_w9_management.TestAdminW9APIs" name="test_delete_w9_document" time="1.197" /><testcase classname="tests.test_w9_management.TestEmployeeW9APIs" name="test_employee_get_w9_status" time="1.016" /><testcase classname="tests.test_w9_management.TestEmployeeW9APIs" name="test_employee_upload_w9" time="0.572" /><testcase classname="tests.test_w9_management.TestEmployeeW9APIs" name="test_employee_download_w9" time="0.641" /><testcase classname="tests.test_w9_management.TestNoW9ReviewSection" name="test_pending_w9s_returns_empty" time="0.248" /></testsuite></testsuites>