<?xml version="1.0" encoding="utf-8"?><testsuites name="pytest tests"><testsuite name="pytest" errors="0" failures="0" skipped="0" tests="6" time="0.966" timestamp="2026-04-26T00:37:52.832803+00:00" hostname="agent-env-0398ff0a-9575-4485-ad9b-fd427c2204d5"><testcase classname="backend.tests.test_elp_assessments.TestElpSave" name="test_save_elp_full_payload" time="0.328" /><testcase classname="backend.tests.test_elp_assessments.TestElpSave" name="test_get_inspection_returns_elp_new_shape" time="0.053" /><testcase classname="backend.tests.test_elp_assessments.TestElpSave" name="test_pydantic_rejects_extra_legacy_fields" time="0.103" /><testcase classname="backend.tests.test_elp_assessments.TestElpSave" name="test_optional_fields_default_empty" time="0.095" /><testcase classname="backend.tests.test_elp_assessments.TestElpSave" name="test_delete_assessment_removes_it" time="0.208" /><testcase classname="backend.tests.test_elp_assessments.TestElpSave" name="test_save_elp_to_bogus_inspection_returns_404" time="0.095" /></testsuite></testsuites>