<?xml version="1.0" encoding="utf-8"?><testsuites name="pytest tests"><testsuite name="pytest" errors="0" failures="0" skipped="0" tests="8" time="6.325" timestamp="2026-02-23T20:27:24.129279+00:00" hostname="agent-env-05fb42c8-eb2e-433c-82ca-011a323fe805"><testcase classname="tests.test_mileage_pause_resume.TestMileagePauseResume" name="test_pause_trip_endpoint" time="0.569" /><testcase classname="tests.test_mileage_pause_resume.TestMileagePauseResume" name="test_pause_already_paused_trip_fails" time="0.556" /><testcase classname="tests.test_mileage_pause_resume.TestMileagePauseResume" name="test_resume_trip_endpoint" time="2.315" /><testcase classname="tests.test_mileage_pause_resume.TestMileagePauseResume" name="test_resume_non_paused_trip_fails" time="0.439" /><testcase classname="tests.test_mileage_pause_resume.TestMileagePauseResume" name="test_paused_state_persists_in_active_trip" time="0.853" /><testcase classname="tests.test_mileage_pause_resume.TestMileagePauseResume" name="test_location_not_recorded_when_paused" time="0.628" /><testcase classname="tests.test_mileage_pause_resume.TestMileagePauseResume" name="test_pause_without_active_trip_fails" time="0.498" /><testcase classname="tests.test_mileage_pause_resume.TestMileagePauseResume" name="test_resume_without_active_trip_fails" time="0.407" /></testsuite></testsuites>