<?xml version="1.0" encoding="utf-8"?><testsuites name="pytest tests"><testsuite name="pytest" errors="0" failures="1" skipped="0" tests="74" time="85.912" timestamp="2026-02-22T23:46:17.423849+00:00" hostname="agent-env-c5f4456a-98c6-4135-b2a5-2413a86f1325"><testcase classname="tests.test_admin_edit_time_entries.TestAdminTimeEntryManagement" name="test_get_single_time_entry" time="0.778" /><testcase classname="tests.test_admin_edit_time_entries.TestAdminTimeEntryManagement" name="test_get_nonexistent_time_entry_returns_404" time="0.266" /><testcase classname="tests.test_admin_edit_time_entries.TestAdminTimeEntryManagement" name="test_update_clock_in_time" time="0.957" /><testcase classname="tests.test_admin_edit_time_entries.TestAdminTimeEntryManagement" name="test_update_clock_out_time" time="0.828" /><testcase classname="tests.test_admin_edit_time_entries.TestAdminTimeEntryManagement" name="test_update_both_clock_in_and_out" time="0.669" /><testcase classname="tests.test_admin_edit_time_entries.TestAdminTimeEntryManagement" name="test_update_with_invalid_date_format_returns_400" time="0.710" /><testcase classname="tests.test_admin_edit_time_entries.TestAdminTimeEntryManagement" name="test_update_nonexistent_entry_returns_404" time="0.256" /><testcase classname="tests.test_admin_edit_time_entries.TestAdminTimeEntryManagement" name="test_update_with_empty_body_returns_existing_entry" time="0.826" /><testcase classname="tests.test_admin_edit_time_entries.TestAdminTimeEntryManagement" name="test_delete_time_entry" time="1.089" /><testcase classname="tests.test_admin_edit_time_entries.TestAdminTimeEntryManagement" name="test_delete_nonexistent_entry_returns_404" time="0.274" /><testcase classname="tests.test_admin_edit_time_entries.TestEmployeeCannotEditTimeEntries" name="test_employee_cannot_get_admin_time_entry" time="0.443" /><testcase classname="tests.test_admin_edit_time_entries.TestEmployeeCannotEditTimeEntries" name="test_employee_cannot_update_time_entry" time="0.429" /><testcase classname="tests.test_admin_edit_time_entries.TestEmployeeCannotEditTimeEntries" name="test_employee_cannot_delete_time_entry" time="0.457" /><testcase classname="tests.test_admin_edit_time_entries.TestMarkNotificationsReadWithEmptyBody" name="test_mark_all_read_with_empty_json_body" time="0.532" /><testcase classname="tests.test_admin_edit_time_entries.TestMarkNotificationsReadWithEmptyBody" name="test_mark_all_read_with_no_body" time="0.226" /><testcase classname="tests.test_admin_edit_time_entries.TestMarkNotificationsReadWithEmptyBody" name="test_mark_specific_notifications_read" time="0.690" /><testcase classname="tests.test_create_time_entry.TestCreateManualTimeEntry" name="test_create_completed_time_entry" time="0.439" /><testcase classname="tests.test_create_time_entry.TestCreateManualTimeEntry" name="test_create_active_shift_no_clock_out" time="0.322" /><testcase classname="tests.test_create_time_entry.TestCreateManualTimeEntry" name="test_create_entry_total_hours_auto_calculated" time="0.312" /><testcase classname="tests.test_create_time_entry.TestCreateManualTimeEntry" name="test_create_entry_clock_out_before_clock_in_fails" time="0.336" /><testcase classname="tests.test_create_time_entry.TestCreateManualTimeEntry" name="test_create_entry_nonexistent_employee_fails" time="0.223" /><testcase classname="tests.test_create_time_entry.TestCreateManualTimeEntry" name="test_create_entry_invalid_clock_in_format_fails" time="0.367" /><testcase classname="tests.test_create_time_entry.TestCreateManualTimeEntry" name="test_create_entry_invalid_clock_out_format_fails" time="0.334" /><testcase classname="tests.test_create_time_entry.TestCreateManualTimeEntry" name="test_create_entry_with_specific_employee_id" time="0.591" /><testcase classname="tests.test_create_time_entry.TestCreateManualTimeEntry" name="test_entry_appears_in_all_time_entries_list" time="0.539" /><testcase classname="tests.test_create_time_entry.TestEmployeeCannotCreateTimeEntry" name="test_employee_cannot_create_time_entry" time="0.503" /><testcase classname="tests.test_payroll_endpoints.TestPayrollEndpoints" name="test_get_payroll_settings_returns_defaults" time="0.244" /><testcase classname="tests.test_payroll_endpoints.TestPayrollEndpoints" name="test_update_payroll_settings" time="0.227" /><testcase classname="tests.test_payroll_endpoints.TestPayrollEndpoints" name="test_get_payroll_settings_returns_updated_values" time="0.333" /><testcase classname="tests.test_payroll_endpoints.TestPayrollEndpoints" name="test_payroll_settings_requires_admin" time="0.608" /><testcase classname="tests.test_payroll_endpoints.TestPayrollEndpoints" name="test_generate_biweekly_report_current_period" time="0.231" /><testcase classname="tests.test_payroll_endpoints.TestPayrollEndpoints" name="test_generate_biweekly_report_last_period" time="19.917" /><testcase classname="tests.test_payroll_endpoints.TestPayrollEndpoints" name="test_generate_monthly_report" time="0.252" /><testcase classname="tests.test_payroll_endpoints.TestPayrollEndpoints" name="test_generate_yearly_report" time="7.430" /><testcase classname="tests.test_payroll_endpoints.TestPayrollEndpoints" name="test_generate_custom_range_report" time="4.362" /><testcase classname="tests.test_payroll_endpoints.TestPayrollEndpoints" name="test_custom_range_requires_dates" time="0.242" /><testcase classname="tests.test_payroll_endpoints.TestPayrollEndpoints" name="test_report_with_hourly_rate_override" time="0.392" /><testcase classname="tests.test_payroll_endpoints.TestPayrollEndpoints" name="test_report_with_employee_filter" time="1.391" /><testcase classname="tests.test_payroll_endpoints.TestPayrollEndpoints" name="test_invalid_period_type_rejected" time="0.226" /><testcase classname="tests.test_payroll_endpoints.TestPayrollEndpoints" name="test_report_employee_data_structure" time="0.807" /><testcase classname="tests.test_payroll_endpoints.TestPayrollEndpoints" name="test_generate_biweekly_pdf" time="0.244" /><testcase classname="tests.test_payroll_endpoints.TestPayrollEndpoints" name="test_generate_monthly_pdf" time="0.315" /><testcase classname="tests.test_payroll_endpoints.TestPayrollEndpoints" name="test_generate_yearly_pdf" time="0.277" /><testcase classname="tests.test_payroll_endpoints.TestPayrollEndpoints" name="test_generate_custom_range_pdf" time="0.270" /><testcase classname="tests.test_payroll_endpoints.TestPayrollEndpoints" name="test_pdf_with_hourly_rate_override" time="0.302" /><testcase classname="tests.test_payroll_endpoints.TestPayrollEndpoints" name="test_pdf_custom_requires_dates" time="0.249" /><testcase classname="tests.test_payroll_endpoints.TestPayrollEndpoints" name="test_payroll_report_requires_admin" time="0.658" /><testcase classname="tests.test_thrifty_curator_api.TestHealthAndBasicRoutes" name="test_api_root" time="0.107" /><testcase classname="tests.test_thrifty_curator_api.TestPasswordlessAuth" name="test_admin_login_success" time="0.100" /><testcase classname="tests.test_thrifty_curator_api.TestPasswordlessAuth" name="test_invalid_email_login" time="0.121" /><testcase classname="tests.test_thrifty_curator_api.TestPasswordlessAuth" name="test_auth_me_without_token" time="0.155" /><testcase classname="tests.test_thrifty_curator_api.TestPasswordlessAuth" name="test_auth_me_with_valid_token" time="0.221" /><testcase classname="tests.test_thrifty_curator_api.TestAdminFeatures" name="test_get_all_employees" time="20.775" /><testcase classname="tests.test_thrifty_curator_api.TestAdminFeatures" name="test_create_new_employee" time="0.380"><failure message="AssertionError: Created employee not found in list&#10;assert None is not None">tests/test_thrifty_curator_api.py:133: in test_create_new_employee
    assert created_emp is not None, "Created employee not found in list"
E   AssertionError: Created employee not found in list
E   assert None is not None</failure></testcase><testcase classname="tests.test_thrifty_curator_api.TestAdminFeatures" name="test_delete_employee" time="0.508" /><testcase classname="tests.test_thrifty_curator_api.TestAdminFeatures" name="test_generate_shift_report" time="0.259" /><testcase classname="tests.test_thrifty_curator_api.TestAdminFeatures" name="test_get_admin_summary" time="0.223" /><testcase classname="tests.test_thrifty_curator_api.TestAdminFeatures" name="test_get_all_time_entries" time="0.243" /><testcase classname="tests.test_thrifty_curator_api.TestEmployeeTimeTracking" name="test_clock_status_not_clocked_in" time="0.450" /><testcase classname="tests.test_thrifty_curator_api.TestEmployeeTimeTracking" name="test_clock_in" time="0.583" /><testcase classname="tests.test_thrifty_curator_api.TestEmployeeTimeTracking" name="test_clock_out" time="0.624" /><testcase classname="tests.test_thrifty_curator_api.TestEmployeeTimeTracking" name="test_double_clock_in_fails" time="0.561" /><testcase classname="tests.test_thrifty_curator_api.TestEmployeeTimeTracking" name="test_get_time_entries" time="0.465" /><testcase classname="tests.test_thrifty_curator_api.TestEmployeeTimeTracking" name="test_get_time_summary" time="0.511" /><testcase classname="tests.test_thrifty_curator_api.TestFormSubmissions" name="test_submit_job_application" time="0.121" /><testcase classname="tests.test_thrifty_curator_api.TestFormSubmissions" name="test_submit_consignment_inquiry" time="0.093" /><testcase classname="tests.test_thrifty_curator_api.TestFormSubmissions" name="test_submit_consignment_agreement" time="0.130" /><testcase classname="tests.test_thrifty_curator_api.TestAdminNotifications" name="test_get_notifications" time="0.261" /><testcase classname="tests.test_thrifty_curator_api.TestAdminNotifications" name="test_clock_in_creates_notification" time="0.750" /><testcase classname="tests.test_thrifty_curator_api.TestAdminNotifications" name="test_clock_out_creates_notification_with_hours" time="0.758" /><testcase classname="tests.test_thrifty_curator_api.TestAdminNotifications" name="test_mark_all_notifications_read" time="0.345" /><testcase classname="tests.test_thrifty_curator_api.TestAdminNotifications" name="test_clear_all_notifications" time="0.355" /><testcase classname="tests.test_thrifty_curator_api.TestAuthorizationRules" name="test_employee_cannot_access_admin_routes" time="0.665" /><testcase classname="tests.test_thrifty_curator_api.TestAuthorizationRules" name="test_employee_cannot_access_admin_notifications" time="3.658" /></testsuite></testsuites>