<?xml version="1.0" encoding="utf-8"?><testsuites name="pytest tests"><testsuite name="pytest" errors="0" failures="0" skipped="0" tests="16" time="2.209" timestamp="2026-02-23T03:29:50.367765+00:00" hostname="agent-env-039aad38-17e0-4e89-a5a6-5dcb19531d89"><testcase classname="backend.tests.test_form_submissions.TestFormSummaryEndpoint" name="test_get_forms_summary_authenticated" time="0.266" /><testcase classname="backend.tests.test_form_submissions.TestFormSummaryEndpoint" name="test_get_forms_summary_unauthorized" time="0.117" /><testcase classname="backend.tests.test_form_submissions.TestJobApplicationsEndpoint" name="test_get_job_applications_authenticated" time="0.120" /><testcase classname="backend.tests.test_form_submissions.TestJobApplicationsEndpoint" name="test_get_job_applications_unauthorized" time="0.123" /><testcase classname="backend.tests.test_form_submissions.TestConsignmentInquiriesEndpoint" name="test_get_consignment_inquiries_authenticated" time="0.106" /><testcase classname="backend.tests.test_form_submissions.TestConsignmentInquiriesEndpoint" name="test_get_consignment_inquiries_unauthorized" time="0.114" /><testcase classname="backend.tests.test_form_submissions.TestConsignmentAgreementsEndpoint" name="test_get_consignment_agreements_authenticated" time="0.158" /><testcase classname="backend.tests.test_form_submissions.TestConsignmentAgreementsEndpoint" name="test_get_consignment_agreements_unauthorized" time="0.109" /><testcase classname="backend.tests.test_form_submissions.TestStatusUpdateEndpoints" name="test_update_nonexistent_job_application_status_returns_404" time="0.160" /><testcase classname="backend.tests.test_form_submissions.TestStatusUpdateEndpoints" name="test_update_nonexistent_consignment_inquiry_status_returns_404" time="0.118" /><testcase classname="backend.tests.test_form_submissions.TestStatusUpdateEndpoints" name="test_update_nonexistent_consignment_agreement_status_returns_404" time="0.115" /><testcase classname="backend.tests.test_form_submissions.TestStatusUpdateEndpoints" name="test_status_update_unauthorized" time="0.104" /><testcase classname="backend.tests.test_form_submissions.TestDeleteEndpoints" name="test_delete_nonexistent_job_application_returns_404" time="0.117" /><testcase classname="backend.tests.test_form_submissions.TestDeleteEndpoints" name="test_delete_nonexistent_consignment_inquiry_returns_404" time="0.130" /><testcase classname="backend.tests.test_form_submissions.TestDeleteEndpoints" name="test_delete_nonexistent_consignment_agreement_returns_404" time="0.118" /><testcase classname="backend.tests.test_form_submissions.TestDeleteEndpoints" name="test_delete_unauthorized" time="0.106" /></testsuite></testsuites>