<?xml version="1.0" encoding="utf-8"?><testsuites name="pytest tests"><testsuite name="pytest" errors="0" failures="0" skipped="0" tests="14" time="4.002" timestamp="2026-02-23T07:48:54.192936+00:00" hostname="agent-env-fc05a784-c3c3-4ad1-8b55-ebe3753db907"><testcase classname="tests.test_mileage_and_payroll.TestPayrollSummary" name="test_get_payroll_summary" time="0.239" /><testcase classname="tests.test_mileage_and_payroll.TestPayrollSummary" name="test_get_payroll_settings" time="0.205" /><testcase classname="tests.test_mileage_and_payroll.TestPayrollSummary" name="test_update_payroll_settings" time="0.315" /><testcase classname="tests.test_mileage_and_payroll.TestMileageTracking" name="test_get_mileage_entries" time="0.211" /><testcase classname="tests.test_mileage_and_payroll.TestMileageTracking" name="test_get_mileage_summary" time="0.231" /><testcase classname="tests.test_mileage_and_payroll.TestMileageTracking" name="test_create_mileage_entry_thrifting" time="0.348" /><testcase classname="tests.test_mileage_and_payroll.TestMileageTracking" name="test_create_mileage_entry_post_office" time="0.313" /><testcase classname="tests.test_mileage_and_payroll.TestMileageTracking" name="test_create_mileage_entry_other_purpose" time="0.305" /><testcase classname="tests.test_mileage_and_payroll.TestMileageTracking" name="test_update_mileage_entry" time="0.410" /><testcase classname="tests.test_mileage_and_payroll.TestMileageTracking" name="test_delete_mileage_entry" time="0.411" /><testcase classname="tests.test_mileage_and_payroll.TestMileageTracking" name="test_get_active_trip" time="0.196" /><testcase classname="tests.test_mileage_and_payroll.TestMileageTracking" name="test_start_trip_and_cancel" time="0.537" /><testcase classname="tests.test_mileage_and_payroll.TestMileageUnauthorized" name="test_mileage_entries_unauthorized" time="0.101" /><testcase classname="tests.test_mileage_and_payroll.TestMileageUnauthorized" name="test_mileage_summary_unauthorized" time="0.100" /></testsuite></testsuites>