<?xml version="1.0" encoding="utf-8"?><testsuites name="pytest tests"><testsuite name="pytest" errors="12" failures="0" skipped="1" tests="13" time="2.120" timestamp="2026-02-24T00:37:40.314442+00:00" hostname="agent-env-7b200e43-bf82-490b-ab56-dc578518d1bb"><testcase classname="backend.tests.test_messages.TestMessagesAPI" name="test_01_create_message_success" time="0.231"><error message="failed on setup with &quot;AssertionError: Admin login failed: {&quot;detail&quot;:[{&quot;type&quot;:&quot;value_error&quot;,&quot;loc&quot;:[&quot;body&quot;,&quot;email&quot;],&quot;msg&quot;:&quot;value is not a valid email address: An email address must have an @-sign.&quot;,&quot;input&quot;:&quot;4399&quot;,&quot;ctx&quot;:{&quot;reason&quot;:&quot;An email address must have an @-sign.&quot;}}]}&#10;assert 422 == 200&#10; +  where 422 = &lt;Response [422]&gt;.status_code&quot;">backend/tests/test_messages.py:31: in setup
    assert response.status_code == 200, f"Admin login failed: {response.text}"
E   AssertionError: Admin login failed: {"detail":[{"type":"value_error","loc":["body","email"],"msg":"value is not a valid email address: An email address must have an @-sign.","input":"4399","ctx":{"reason":"An email address must have an @-sign."}}]}
E   assert 422 == 200
E    +  where 422 = &lt;Response [422]&gt;.status_code</error></testcase><testcase classname="backend.tests.test_messages.TestMessagesAPI" name="test_02_create_message_missing_name" time="0.110"><error message="failed on setup with &quot;AssertionError: Admin login failed: {&quot;detail&quot;:[{&quot;type&quot;:&quot;value_error&quot;,&quot;loc&quot;:[&quot;body&quot;,&quot;email&quot;],&quot;msg&quot;:&quot;value is not a valid email address: An email address must have an @-sign.&quot;,&quot;input&quot;:&quot;4399&quot;,&quot;ctx&quot;:{&quot;reason&quot;:&quot;An email address must have an @-sign.&quot;}}]}&#10;assert 422 == 200&#10; +  where 422 = &lt;Response [422]&gt;.status_code&quot;">backend/tests/test_messages.py:31: in setup
    assert response.status_code == 200, f"Admin login failed: {response.text}"
E   AssertionError: Admin login failed: {"detail":[{"type":"value_error","loc":["body","email"],"msg":"value is not a valid email address: An email address must have an @-sign.","input":"4399","ctx":{"reason":"An email address must have an @-sign."}}]}
E   assert 422 == 200
E    +  where 422 = &lt;Response [422]&gt;.status_code</error></testcase><testcase classname="backend.tests.test_messages.TestMessagesAPI" name="test_03_create_message_invalid_email" time="0.209"><error message="failed on setup with &quot;AssertionError: Admin login failed: {&quot;detail&quot;:[{&quot;type&quot;:&quot;value_error&quot;,&quot;loc&quot;:[&quot;body&quot;,&quot;email&quot;],&quot;msg&quot;:&quot;value is not a valid email address: An email address must have an @-sign.&quot;,&quot;input&quot;:&quot;4399&quot;,&quot;ctx&quot;:{&quot;reason&quot;:&quot;An email address must have an @-sign.&quot;}}]}&#10;assert 422 == 200&#10; +  where 422 = &lt;Response [422]&gt;.status_code&quot;">backend/tests/test_messages.py:31: in setup
    assert response.status_code == 200, f"Admin login failed: {response.text}"
E   AssertionError: Admin login failed: {"detail":[{"type":"value_error","loc":["body","email"],"msg":"value is not a valid email address: An email address must have an @-sign.","input":"4399","ctx":{"reason":"An email address must have an @-sign."}}]}
E   assert 422 == 200
E    +  where 422 = &lt;Response [422]&gt;.status_code</error></testcase><testcase classname="backend.tests.test_messages.TestMessagesAPI" name="test_04_create_message_missing_message" time="0.144"><error message="failed on setup with &quot;AssertionError: Admin login failed: {&quot;detail&quot;:[{&quot;type&quot;:&quot;value_error&quot;,&quot;loc&quot;:[&quot;body&quot;,&quot;email&quot;],&quot;msg&quot;:&quot;value is not a valid email address: An email address must have an @-sign.&quot;,&quot;input&quot;:&quot;4399&quot;,&quot;ctx&quot;:{&quot;reason&quot;:&quot;An email address must have an @-sign.&quot;}}]}&#10;assert 422 == 200&#10; +  where 422 = &lt;Response [422]&gt;.status_code&quot;">backend/tests/test_messages.py:31: in setup
    assert response.status_code == 200, f"Admin login failed: {response.text}"
E   AssertionError: Admin login failed: {"detail":[{"type":"value_error","loc":["body","email"],"msg":"value is not a valid email address: An email address must have an @-sign.","input":"4399","ctx":{"reason":"An email address must have an @-sign."}}]}
E   assert 422 == 200
E    +  where 422 = &lt;Response [422]&gt;.status_code</error></testcase><testcase classname="backend.tests.test_messages.TestMessagesAPI" name="test_05_admin_get_all_messages" time="0.130"><error message="failed on setup with &quot;AssertionError: Admin login failed: {&quot;detail&quot;:[{&quot;type&quot;:&quot;value_error&quot;,&quot;loc&quot;:[&quot;body&quot;,&quot;email&quot;],&quot;msg&quot;:&quot;value is not a valid email address: An email address must have an @-sign.&quot;,&quot;input&quot;:&quot;4399&quot;,&quot;ctx&quot;:{&quot;reason&quot;:&quot;An email address must have an @-sign.&quot;}}]}&#10;assert 422 == 200&#10; +  where 422 = &lt;Response [422]&gt;.status_code&quot;">backend/tests/test_messages.py:31: in setup
    assert response.status_code == 200, f"Admin login failed: {response.text}"
E   AssertionError: Admin login failed: {"detail":[{"type":"value_error","loc":["body","email"],"msg":"value is not a valid email address: An email address must have an @-sign.","input":"4399","ctx":{"reason":"An email address must have an @-sign."}}]}
E   assert 422 == 200
E    +  where 422 = &lt;Response [422]&gt;.status_code</error></testcase><testcase classname="backend.tests.test_messages.TestMessagesAPI" name="test_06_admin_get_unread_count" time="0.106"><error message="failed on setup with &quot;AssertionError: Admin login failed: {&quot;detail&quot;:[{&quot;type&quot;:&quot;value_error&quot;,&quot;loc&quot;:[&quot;body&quot;,&quot;email&quot;],&quot;msg&quot;:&quot;value is not a valid email address: An email address must have an @-sign.&quot;,&quot;input&quot;:&quot;4399&quot;,&quot;ctx&quot;:{&quot;reason&quot;:&quot;An email address must have an @-sign.&quot;}}]}&#10;assert 422 == 200&#10; +  where 422 = &lt;Response [422]&gt;.status_code&quot;">backend/tests/test_messages.py:31: in setup
    assert response.status_code == 200, f"Admin login failed: {response.text}"
E   AssertionError: Admin login failed: {"detail":[{"type":"value_error","loc":["body","email"],"msg":"value is not a valid email address: An email address must have an @-sign.","input":"4399","ctx":{"reason":"An email address must have an @-sign."}}]}
E   assert 422 == 200
E    +  where 422 = &lt;Response [422]&gt;.status_code</error></testcase><testcase classname="backend.tests.test_messages.TestMessagesAPI" name="test_07_admin_mark_as_read" time="0.130"><error message="failed on setup with &quot;AssertionError: Admin login failed: {&quot;detail&quot;:[{&quot;type&quot;:&quot;value_error&quot;,&quot;loc&quot;:[&quot;body&quot;,&quot;email&quot;],&quot;msg&quot;:&quot;value is not a valid email address: An email address must have an @-sign.&quot;,&quot;input&quot;:&quot;4399&quot;,&quot;ctx&quot;:{&quot;reason&quot;:&quot;An email address must have an @-sign.&quot;}}]}&#10;assert 422 == 200&#10; +  where 422 = &lt;Response [422]&gt;.status_code&quot;">backend/tests/test_messages.py:31: in setup
    assert response.status_code == 200, f"Admin login failed: {response.text}"
E   AssertionError: Admin login failed: {"detail":[{"type":"value_error","loc":["body","email"],"msg":"value is not a valid email address: An email address must have an @-sign.","input":"4399","ctx":{"reason":"An email address must have an @-sign."}}]}
E   assert 422 == 200
E    +  where 422 = &lt;Response [422]&gt;.status_code</error></testcase><testcase classname="backend.tests.test_messages.TestMessagesAPI" name="test_08_admin_mark_as_unread" time="0.111"><error message="failed on setup with &quot;AssertionError: Admin login failed: {&quot;detail&quot;:[{&quot;type&quot;:&quot;value_error&quot;,&quot;loc&quot;:[&quot;body&quot;,&quot;email&quot;],&quot;msg&quot;:&quot;value is not a valid email address: An email address must have an @-sign.&quot;,&quot;input&quot;:&quot;4399&quot;,&quot;ctx&quot;:{&quot;reason&quot;:&quot;An email address must have an @-sign.&quot;}}]}&#10;assert 422 == 200&#10; +  where 422 = &lt;Response [422]&gt;.status_code&quot;">backend/tests/test_messages.py:31: in setup
    assert response.status_code == 200, f"Admin login failed: {response.text}"
E   AssertionError: Admin login failed: {"detail":[{"type":"value_error","loc":["body","email"],"msg":"value is not a valid email address: An email address must have an @-sign.","input":"4399","ctx":{"reason":"An email address must have an @-sign."}}]}
E   assert 422 == 200
E    +  where 422 = &lt;Response [422]&gt;.status_code</error></testcase><testcase classname="backend.tests.test_messages.TestMessagesAPI" name="test_09_admin_update_nonexistent" time="0.200"><error message="failed on setup with &quot;AssertionError: Admin login failed: {&quot;detail&quot;:[{&quot;type&quot;:&quot;value_error&quot;,&quot;loc&quot;:[&quot;body&quot;,&quot;email&quot;],&quot;msg&quot;:&quot;value is not a valid email address: An email address must have an @-sign.&quot;,&quot;input&quot;:&quot;4399&quot;,&quot;ctx&quot;:{&quot;reason&quot;:&quot;An email address must have an @-sign.&quot;}}]}&#10;assert 422 == 200&#10; +  where 422 = &lt;Response [422]&gt;.status_code&quot;">backend/tests/test_messages.py:31: in setup
    assert response.status_code == 200, f"Admin login failed: {response.text}"
E   AssertionError: Admin login failed: {"detail":[{"type":"value_error","loc":["body","email"],"msg":"value is not a valid email address: An email address must have an @-sign.","input":"4399","ctx":{"reason":"An email address must have an @-sign."}}]}
E   assert 422 == 200
E    +  where 422 = &lt;Response [422]&gt;.status_code</error></testcase><testcase classname="backend.tests.test_messages.TestMessagesAPI" name="test_10_unauthorized_admin_access" time="0.125"><error message="failed on setup with &quot;AssertionError: Admin login failed: {&quot;detail&quot;:[{&quot;type&quot;:&quot;value_error&quot;,&quot;loc&quot;:[&quot;body&quot;,&quot;email&quot;],&quot;msg&quot;:&quot;value is not a valid email address: An email address must have an @-sign.&quot;,&quot;input&quot;:&quot;4399&quot;,&quot;ctx&quot;:{&quot;reason&quot;:&quot;An email address must have an @-sign.&quot;}}]}&#10;assert 422 == 200&#10; +  where 422 = &lt;Response [422]&gt;.status_code&quot;">backend/tests/test_messages.py:31: in setup
    assert response.status_code == 200, f"Admin login failed: {response.text}"
E   AssertionError: Admin login failed: {"detail":[{"type":"value_error","loc":["body","email"],"msg":"value is not a valid email address: An email address must have an @-sign.","input":"4399","ctx":{"reason":"An email address must have an @-sign."}}]}
E   assert 422 == 200
E    +  where 422 = &lt;Response [422]&gt;.status_code</error></testcase><testcase classname="backend.tests.test_messages.TestMessagesAPI" name="test_11_admin_delete_message" time="0.124"><error message="failed on setup with &quot;AssertionError: Admin login failed: {&quot;detail&quot;:[{&quot;type&quot;:&quot;value_error&quot;,&quot;loc&quot;:[&quot;body&quot;,&quot;email&quot;],&quot;msg&quot;:&quot;value is not a valid email address: An email address must have an @-sign.&quot;,&quot;input&quot;:&quot;4399&quot;,&quot;ctx&quot;:{&quot;reason&quot;:&quot;An email address must have an @-sign.&quot;}}]}&#10;assert 422 == 200&#10; +  where 422 = &lt;Response [422]&gt;.status_code&quot;">backend/tests/test_messages.py:31: in setup
    assert response.status_code == 200, f"Admin login failed: {response.text}"
E   AssertionError: Admin login failed: {"detail":[{"type":"value_error","loc":["body","email"],"msg":"value is not a valid email address: An email address must have an @-sign.","input":"4399","ctx":{"reason":"An email address must have an @-sign."}}]}
E   assert 422 == 200
E    +  where 422 = &lt;Response [422]&gt;.status_code</error></testcase><testcase classname="backend.tests.test_messages.TestMessagesAPI" name="test_12_admin_delete_nonexistent" time="0.163"><error message="failed on setup with &quot;AssertionError: Admin login failed: {&quot;detail&quot;:[{&quot;type&quot;:&quot;value_error&quot;,&quot;loc&quot;:[&quot;body&quot;,&quot;email&quot;],&quot;msg&quot;:&quot;value is not a valid email address: An email address must have an @-sign.&quot;,&quot;input&quot;:&quot;4399&quot;,&quot;ctx&quot;:{&quot;reason&quot;:&quot;An email address must have an @-sign.&quot;}}]}&#10;assert 422 == 200&#10; +  where 422 = &lt;Response [422]&gt;.status_code&quot;">backend/tests/test_messages.py:31: in setup
    assert response.status_code == 200, f"Admin login failed: {response.text}"
E   AssertionError: Admin login failed: {"detail":[{"type":"value_error","loc":["body","email"],"msg":"value is not a valid email address: An email address must have an @-sign.","input":"4399","ctx":{"reason":"An email address must have an @-sign."}}]}
E   assert 422 == 200
E    +  where 422 = &lt;Response [422]&gt;.status_code</error></testcase><testcase classname="backend.tests.test_messages.TestMessagesCleanup" name="test_cleanup_test_messages" time="0.147"><skipped type="pytest.skip" message="Could not login for cleanup">/app/backend/tests/test_messages.py:260: Could not login for cleanup</skipped></testcase></testsuite></testsuites>