<?xml version="1.0" encoding="utf-8"?><testsuites name="pytest tests"><testsuite name="pytest" errors="0" failures="1" skipped="0" tests="53" time="59.163" timestamp="2026-02-22T23:21:39.933807+00:00" hostname="agent-env-c5f4456a-98c6-4135-b2a5-2413a86f1325"><testcase classname="backend.tests.test_admin_edit_time_entries.TestAdminTimeEntryManagement" name="test_get_single_time_entry" time="0.703" /><testcase classname="backend.tests.test_admin_edit_time_entries.TestAdminTimeEntryManagement" name="test_get_nonexistent_time_entry_returns_404" time="0.232" /><testcase classname="backend.tests.test_admin_edit_time_entries.TestAdminTimeEntryManagement" name="test_update_clock_in_time" time="1.014" /><testcase classname="backend.tests.test_admin_edit_time_entries.TestAdminTimeEntryManagement" name="test_update_clock_out_time" time="0.847" /><testcase classname="backend.tests.test_admin_edit_time_entries.TestAdminTimeEntryManagement" name="test_update_both_clock_in_and_out" time="0.693" /><testcase classname="backend.tests.test_admin_edit_time_entries.TestAdminTimeEntryManagement" name="test_update_with_invalid_date_format_returns_400" time="0.757" /><testcase classname="backend.tests.test_admin_edit_time_entries.TestAdminTimeEntryManagement" name="test_update_nonexistent_entry_returns_404" time="0.226" /><testcase classname="backend.tests.test_admin_edit_time_entries.TestAdminTimeEntryManagement" name="test_update_with_empty_body_returns_existing_entry" time="0.991" /><testcase classname="backend.tests.test_admin_edit_time_entries.TestAdminTimeEntryManagement" name="test_delete_time_entry" time="0.998" /><testcase classname="backend.tests.test_admin_edit_time_entries.TestAdminTimeEntryManagement" name="test_delete_nonexistent_entry_returns_404" time="0.240" /><testcase classname="backend.tests.test_admin_edit_time_entries.TestEmployeeCannotEditTimeEntries" name="test_employee_cannot_get_admin_time_entry" time="0.436" /><testcase classname="backend.tests.test_admin_edit_time_entries.TestEmployeeCannotEditTimeEntries" name="test_employee_cannot_update_time_entry" time="0.446" /><testcase classname="backend.tests.test_admin_edit_time_entries.TestEmployeeCannotEditTimeEntries" name="test_employee_cannot_delete_time_entry" time="0.448" /><testcase classname="backend.tests.test_admin_edit_time_entries.TestMarkNotificationsReadWithEmptyBody" name="test_mark_all_read_with_empty_json_body" time="0.284" /><testcase classname="backend.tests.test_admin_edit_time_entries.TestMarkNotificationsReadWithEmptyBody" name="test_mark_all_read_with_no_body" time="0.216" /><testcase classname="backend.tests.test_admin_edit_time_entries.TestMarkNotificationsReadWithEmptyBody" name="test_mark_specific_notifications_read" time="0.733" /><testcase classname="backend.tests.test_create_time_entry.TestCreateManualTimeEntry" name="test_create_completed_time_entry" time="0.421" /><testcase classname="backend.tests.test_create_time_entry.TestCreateManualTimeEntry" name="test_create_active_shift_no_clock_out" time="0.416" /><testcase classname="backend.tests.test_create_time_entry.TestCreateManualTimeEntry" name="test_create_entry_total_hours_auto_calculated" time="0.376" /><testcase classname="backend.tests.test_create_time_entry.TestCreateManualTimeEntry" name="test_create_entry_clock_out_before_clock_in_fails" time="0.370" /><testcase classname="backend.tests.test_create_time_entry.TestCreateManualTimeEntry" name="test_create_entry_nonexistent_employee_fails" time="0.273" /><testcase classname="backend.tests.test_create_time_entry.TestCreateManualTimeEntry" name="test_create_entry_invalid_clock_in_format_fails" time="0.356" /><testcase classname="backend.tests.test_create_time_entry.TestCreateManualTimeEntry" name="test_create_entry_invalid_clock_out_format_fails" time="36.165" /><testcase classname="backend.tests.test_create_time_entry.TestCreateManualTimeEntry" name="test_create_entry_with_specific_employee_id" time="0.366" /><testcase classname="backend.tests.test_create_time_entry.TestCreateManualTimeEntry" name="test_entry_appears_in_all_time_entries_list" time="0.682" /><testcase classname="backend.tests.test_create_time_entry.TestEmployeeCannotCreateTimeEntry" name="test_employee_cannot_create_time_entry" time="0.606" /><testcase classname="backend.tests.test_thrifty_curator_api.TestHealthAndBasicRoutes" name="test_api_root" time="0.107" /><testcase classname="backend.tests.test_thrifty_curator_api.TestPasswordlessAuth" name="test_admin_login_success" time="0.120" /><testcase classname="backend.tests.test_thrifty_curator_api.TestPasswordlessAuth" name="test_invalid_email_login" time="0.114" /><testcase classname="backend.tests.test_thrifty_curator_api.TestPasswordlessAuth" name="test_auth_me_without_token" time="0.147" /><testcase classname="backend.tests.test_thrifty_curator_api.TestPasswordlessAuth" name="test_auth_me_with_valid_token" time="0.246" /><testcase classname="backend.tests.test_thrifty_curator_api.TestAdminFeatures" name="test_get_all_employees" time="0.546" /><testcase classname="backend.tests.test_thrifty_curator_api.TestAdminFeatures" name="test_create_new_employee" time="0.362"><failure message="AssertionError: Created employee not found in list&#10;assert None is not None">backend/tests/test_thrifty_curator_api.py:133: in test_create_new_employee
    assert created_emp is not None, "Created employee not found in list"
E   AssertionError: Created employee not found in list
E   assert None is not None</failure></testcase><testcase classname="backend.tests.test_thrifty_curator_api.TestAdminFeatures" name="test_delete_employee" time="0.447" /><testcase classname="backend.tests.test_thrifty_curator_api.TestAdminFeatures" name="test_generate_shift_report" time="0.220" /><testcase classname="backend.tests.test_thrifty_curator_api.TestAdminFeatures" name="test_get_admin_summary" time="0.233" /><testcase classname="backend.tests.test_thrifty_curator_api.TestAdminFeatures" name="test_get_all_time_entries" time="0.211" /><testcase classname="backend.tests.test_thrifty_curator_api.TestEmployeeTimeTracking" name="test_clock_status_not_clocked_in" time="0.461" /><testcase classname="backend.tests.test_thrifty_curator_api.TestEmployeeTimeTracking" name="test_clock_in" time="0.599" /><testcase classname="backend.tests.test_thrifty_curator_api.TestEmployeeTimeTracking" name="test_clock_out" time="0.590" /><testcase classname="backend.tests.test_thrifty_curator_api.TestEmployeeTimeTracking" name="test_double_clock_in_fails" time="0.565" /><testcase classname="backend.tests.test_thrifty_curator_api.TestEmployeeTimeTracking" name="test_get_time_entries" time="0.476" /><testcase classname="backend.tests.test_thrifty_curator_api.TestEmployeeTimeTracking" name="test_get_time_summary" time="0.501" /><testcase classname="backend.tests.test_thrifty_curator_api.TestFormSubmissions" name="test_submit_job_application" time="0.127" /><testcase classname="backend.tests.test_thrifty_curator_api.TestFormSubmissions" name="test_submit_consignment_inquiry" time="0.126" /><testcase classname="backend.tests.test_thrifty_curator_api.TestFormSubmissions" name="test_submit_consignment_agreement" time="0.143" /><testcase classname="backend.tests.test_thrifty_curator_api.TestAdminNotifications" name="test_get_notifications" time="0.226" /><testcase classname="backend.tests.test_thrifty_curator_api.TestAdminNotifications" name="test_clock_in_creates_notification" time="0.689" /><testcase classname="backend.tests.test_thrifty_curator_api.TestAdminNotifications" name="test_clock_out_creates_notification_with_hours" time="0.685" /><testcase classname="backend.tests.test_thrifty_curator_api.TestAdminNotifications" name="test_mark_all_notifications_read" time="0.365" /><testcase classname="backend.tests.test_thrifty_curator_api.TestAdminNotifications" name="test_clear_all_notifications" time="0.361" /><testcase classname="backend.tests.test_thrifty_curator_api.TestAuthorizationRules" name="test_employee_cannot_access_admin_routes" time="0.654" /><testcase classname="backend.tests.test_thrifty_curator_api.TestAuthorizationRules" name="test_employee_cannot_access_admin_notifications" time="0.446" /></testsuite></testsuites>