<?xml version="1.0" encoding="utf-8"?><testsuites name="pytest tests"><testsuite name="pytest" errors="0" failures="0" skipped="0" tests="12" time="1.553" timestamp="2026-04-14T20:50:45.442426+00:00" hostname="agent-env-0398ff0a-9575-4485-ad9b-fd427c2204d5"><testcase classname="backend.tests.test_hazmat_substances.TestHazmatSubstancesSearch" name="test_search_benzene_returns_multiple_results" time="0.152" /><testcase classname="backend.tests.test_hazmat_substances.TestHazmatSubstancesSearch" name="test_search_aldrin_returns_correct_data" time="0.107" /><testcase classname="backend.tests.test_hazmat_substances.TestHazmatSubstancesSearch" name="test_search_gasoline_returns_marine_pollutant_only" time="0.113" /><testcase classname="backend.tests.test_hazmat_substances.TestHazmatSubstancesSearch" name="test_search_d001_waste_stream" time="0.122" /><testcase classname="backend.tests.test_hazmat_substances.TestHazmatSubstancesSearch" name="test_search_zinc_returns_20_results_limit" time="0.115" /><testcase classname="backend.tests.test_hazmat_substances.TestHazmatSubstancesSearch" name="test_search_acetone_cyanohydrin" time="0.119" /><testcase classname="backend.tests.test_hazmat_substances.TestHazmatSubstancesSearch" name="test_search_chlorine" time="0.154" /><testcase classname="backend.tests.test_hazmat_substances.TestHazmatSubstancesSearch" name="test_search_xylene_multiple_isomers" time="0.118" /><testcase classname="backend.tests.test_hazmat_substances.TestHazmatSubstancesSearch" name="test_no_mongodb_id_in_response" time="0.109" /><testcase classname="backend.tests.test_hazmat_substances.TestHazmatSubstancesSearch" name="test_search_empty_query_returns_422" time="0.112" /><testcase classname="backend.tests.test_hazmat_substances.TestHazmatSubstancesSearch" name="test_search_short_query_returns_empty" time="0.125" /><testcase classname="backend.tests.test_hazmat_substances.TestHazmatSubstancesSearch" name="test_search_nonexistent_substance" time="0.118" /></testsuite></testsuites>