<?xml version="1.0" encoding="utf-8"?><testsuites name="pytest tests"><testsuite name="pytest" errors="0" failures="0" skipped="0" tests="17" time="10.320" timestamp="2026-08-24T18:05:46.485380+00:00" hostname="agent-env-56aea438-0d29-4fa4-9b99-e932ee1237a3"><testcase classname="backend.tests.test_message_deletion.TestAdminConversationDeletion" name="test_admin_can_get_conversation_list" time="0.327" /><testcase classname="backend.tests.test_message_deletion.TestAdminConversationDeletion" name="test_admin_can_get_specific_conversation" time="0.622" /><testcase classname="backend.tests.test_message_deletion.TestAdminConversationDeletion" name="test_admin_can_send_reply" time="0.752" /><testcase classname="backend.tests.test_message_deletion.TestAdminMessageDeletion" name="test_admin_can_delete_own_message" time="0.815" /><testcase classname="backend.tests.test_message_deletion.TestAdminMessageDeletion" name="test_admin_cannot_delete_participant_message" time="0.705" /><testcase classname="backend.tests.test_message_deletion.TestEmployeeMessageDeletion" name="test_employee_can_get_conversation" time="0.383" /><testcase classname="backend.tests.test_message_deletion.TestEmployeeMessageDeletion" name="test_employee_can_send_message" time="0.301" /><testcase classname="backend.tests.test_message_deletion.TestEmployeeMessageDeletion" name="test_employee_can_delete_own_message" time="0.680" /><testcase classname="backend.tests.test_message_deletion.TestConsignorMessageDeletion" name="test_consignor_can_get_conversation" time="0.141" /><testcase classname="backend.tests.test_message_deletion.TestConsignorMessageDeletion" name="test_consignor_can_send_message" time="0.182" /><testcase classname="backend.tests.test_message_deletion.TestConsignorMessageDeletion" name="test_consignor_can_delete_own_message" time="0.466" /><testcase classname="backend.tests.test_message_deletion.TestUnreadCountFiltering" name="test_unread_count_excludes_deleted_messages" time="0.337" /><testcase classname="backend.tests.test_read_receipts.TestReadReceiptsBackend" name="test_admin_message_gets_read_at_when_employee_reads" time="1.025" /><testcase classname="backend.tests.test_read_receipts.TestReadReceiptsBackend" name="test_employee_message_gets_read_at_when_admin_reads" time="0.977" /><testcase classname="backend.tests.test_read_receipts.TestReadReceiptsBackend" name="test_consignor_message_gets_read_at_when_admin_reads" time="0.831" /><testcase classname="backend.tests.test_read_receipts.TestReadReceiptsBackend" name="test_admin_message_to_consignor_gets_read_at" time="0.741" /><testcase classname="backend.tests.test_read_receipts.TestReadReceiptsBackend" name="test_read_at_timestamp_format" time="1.010" /></testsuite></testsuites>