<?xml version="1.0" encoding="utf-8"?><testsuites name="pytest tests"><testsuite name="pytest" errors="0" failures="23" skipped="0" tests="78" time="48.147" timestamp="2026-02-28T03:48:51.168714+00:00" hostname="agent-env-b3c4e15e-0d8d-4df7-882b-e93b04b1062c"><testcase classname="tests.test_mileage_api.TestMileageEntriesEndpoint" name="test_get_mileage_entries_returns_array" time="0.265"><failure message="AssertionError: Expected 200, got 404: {&quot;detail&quot;:&quot;Not Found&quot;}&#10;assert 404 == 200&#10; +  where 404 = &lt;Response [404]&gt;.status_code">tests/test_mileage_api.py:37: in test_get_mileage_entries_returns_array
    assert response.status_code == 200, f"Expected 200, got {response.status_code}: {response.text}"
E   AssertionError: Expected 200, got 404: {"detail":"Not Found"}
E   assert 404 == 200
E    +  where 404 = &lt;Response [404]&gt;.status_code</failure></testcase><testcase classname="tests.test_mileage_api.TestMileageEntriesEndpoint" name="test_mileage_entries_have_user_name_field" time="0.114"><failure message="assert 404 == 200&#10; +  where 404 = &lt;Response [404]&gt;.status_code">tests/test_mileage_api.py:45: in test_mileage_entries_have_user_name_field
    assert response.status_code == 200
E   assert 404 == 200
E    +  where 404 = &lt;Response [404]&gt;.status_code</failure></testcase><testcase classname="tests.test_mileage_api.TestMileageEntriesEndpoint" name="test_mileage_entry_structure" time="0.099"><failure message="assert 404 == 200&#10; +  where 404 = &lt;Response [404]&gt;.status_code">tests/test_mileage_api.py:56: in test_mileage_entry_structure
    assert response.status_code == 200
E   assert 404 == 200
E    +  where 404 = &lt;Response [404]&gt;.status_code</failure></testcase><testcase classname="tests.test_mileage_api.TestMileageSummary" name="test_get_mileage_summary" time="0.100"><failure message="assert 404 == 200&#10; +  where 404 = &lt;Response [404]&gt;.status_code">tests/test_mileage_api.py:72: in test_get_mileage_summary
    assert response.status_code == 200
E   assert 404 == 200
E    +  where 404 = &lt;Response [404]&gt;.status_code</failure></testcase><testcase classname="tests.test_mileage_api.TestMileageEntryCRUD" name="test_create_mileage_entry" time="0.123"><failure message="AssertionError: Create failed: {&quot;detail&quot;:&quot;Not Found&quot;}&#10;assert 404 in [200, 201]&#10; +  where 404 = &lt;Response [404]&gt;.status_code">tests/test_mileage_api.py:97: in test_create_mileage_entry
    assert response.status_code in [200, 201], f"Create failed: {response.text}"
E   AssertionError: Create failed: {"detail":"Not Found"}
E   assert 404 in [200, 201]
E    +  where 404 = &lt;Response [404]&gt;.status_code</failure></testcase><testcase classname="tests.test_mileage_api.TestMileageEntryCRUD" name="test_create_and_verify_persistence" time="0.104"><failure message="assert 404 in [200, 201]&#10; +  where 404 = &lt;Response [404]&gt;.status_code">tests/test_mileage_api.py:121: in test_create_and_verify_persistence
    assert create_response.status_code in [200, 201]
E   assert 404 in [200, 201]
E    +  where 404 = &lt;Response [404]&gt;.status_code</failure></testcase><testcase classname="tests.test_mileage_api.TestMileageEntryCRUD" name="test_update_mileage_entry" time="0.132"><failure message="assert 404 in [200, 201]&#10; +  where 404 = &lt;Response [404]&gt;.status_code">tests/test_mileage_api.py:151: in test_update_mileage_entry
    assert create_response.status_code in [200, 201]
E   assert 404 in [200, 201]
E    +  where 404 = &lt;Response [404]&gt;.status_code</failure></testcase><testcase classname="tests.test_mileage_api.TestMileageEntryCRUD" name="test_delete_mileage_entry" time="0.136"><failure message="assert 404 in [200, 201]&#10; +  where 404 = &lt;Response [404]&gt;.status_code">tests/test_mileage_api.py:190: in test_delete_mileage_entry
    assert create_response.status_code in [200, 201]
E   assert 404 in [200, 201]
E    +  where 404 = &lt;Response [404]&gt;.status_code</failure></testcase><testcase classname="tests.test_mileage_api.TestActiveTripEndpoints" name="test_get_active_trip" time="0.111"><failure message="assert 404 == 200&#10; +  where 404 = &lt;Response [404]&gt;.status_code">tests/test_mileage_api.py:211: in test_get_active_trip
    assert response.status_code == 200
E   assert 404 == 200
E    +  where 404 = &lt;Response [404]&gt;.status_code</failure></testcase><testcase classname="tests.test_mileage_api.TestAuthRequired" name="test_entries_without_auth_fails" time="0.116"><failure message="assert 404 in [401, 403]&#10; +  where 404 = &lt;Response [404]&gt;.status_code">tests/test_mileage_api.py:221: in test_entries_without_auth_fails
    assert response.status_code in [401, 403]
E   assert 404 in [401, 403]
E    +  where 404 = &lt;Response [404]&gt;.status_code</failure></testcase><testcase classname="tests.test_mileage_api.TestAuthRequired" name="test_summary_without_auth_fails" time="0.096"><failure message="assert 404 in [401, 403]&#10; +  where 404 = &lt;Response [404]&gt;.status_code">tests/test_mileage_api.py:226: in test_summary_without_auth_fails
    assert response.status_code in [401, 403]
E   assert 404 in [401, 403]
E    +  where 404 = &lt;Response [404]&gt;.status_code</failure></testcase><testcase classname="tests.test_monthly_mileage_reports.TestAdminLoginWithCodes" name="test_admin_login_code_4399_matthew" time="0.109" /><testcase classname="tests.test_monthly_mileage_reports.TestAdminLoginWithCodes" name="test_admin_login_code_0826_eunice" time="0.106" /><testcase classname="tests.test_monthly_mileage_reports.TestAdminLoginWithCodes" name="test_admin_login_invalid_code" time="0.098" /><testcase classname="tests.test_monthly_mileage_reports.TestAdminLoginWithCodes" name="test_admin_login_no_code" time="0.101" /><testcase classname="tests.test_monthly_mileage_reports.TestMonthlyMileageEntry" name="test_create_monthly_entry" time="0.347" /><testcase classname="tests.test_monthly_mileage_reports.TestMonthlyMileageEntry" name="test_update_existing_monthly_entry" time="0.431" /><testcase classname="tests.test_monthly_mileage_reports.TestMonthlyMileageEntry" name="test_create_entry_requires_auth" time="0.114" /><testcase classname="tests.test_monthly_mileage_reports.TestMileageReportEndpoint" name="test_mileage_report_returns_correct_fields" time="0.263" /><testcase classname="tests.test_monthly_mileage_reports.TestMileageReportEndpoint" name="test_mileage_report_calculates_totals" time="0.208" /><testcase classname="tests.test_monthly_mileage_reports.TestMileageReportEndpoint" name="test_mileage_report_requires_auth" time="0.129" /><testcase classname="tests.test_monthly_mileage_reports.TestMileageReportCSV" name="test_csv_download_format" time="0.259" /><testcase classname="tests.test_monthly_mileage_reports.TestMileageReportCSV" name="test_csv_download_has_summary" time="0.246" /><testcase classname="tests.test_monthly_mileage_reports.TestMileageReportCSV" name="test_csv_download_has_irs_note" time="0.227" /><testcase classname="tests.test_monthly_mileage_reports.TestMileageReportCSV" name="test_csv_download_requires_auth" time="0.099" /><testcase classname="tests.test_monthly_mileage_reports.TestMileageReportPDF" name="test_pdf_download_valid_file" time="0.212" /><testcase classname="tests.test_monthly_mileage_reports.TestMileageReportPDF" name="test_pdf_download_has_content" time="0.236" /><testcase classname="tests.test_monthly_mileage_reports.TestMileageReportPDF" name="test_pdf_download_requires_auth" time="0.103" /><testcase classname="tests.test_monthly_mileage_reports.TestYearlySummary" name="test_yearly_summary_endpoint" time="0.218" /><testcase classname="tests.test_monthly_mileage_reports.TestYearlySummary" name="test_yearly_summary_irs_rates" time="0.460" /><testcase classname="tests.test_osrm_integration.TestMileageEntriesOSRMFields" name="test_entries_include_is_road_matched_field" time="0.218"><failure message="assert 404 == 200&#10; +  where 404 = &lt;Response [404]&gt;.status_code">tests/test_osrm_integration.py:40: in test_entries_include_is_road_matched_field
    assert response.status_code == 200
E   assert 404 == 200
E    +  where 404 = &lt;Response [404]&gt;.status_code</failure></testcase><testcase classname="tests.test_osrm_integration.TestMileageEntriesOSRMFields" name="test_entries_include_match_confidence_field" time="0.097"><failure message="assert 404 == 200&#10; +  where 404 = &lt;Response [404]&gt;.status_code">tests/test_osrm_integration.py:51: in test_entries_include_match_confidence_field
    assert response.status_code == 200
E   assert 404 == 200
E    +  where 404 = &lt;Response [404]&gt;.status_code</failure></testcase><testcase classname="tests.test_osrm_integration.TestTripWaypointsEndpoint" name="test_get_trip_waypoints_for_invalid_trip_returns_404" time="0.104" /><testcase classname="tests.test_osrm_integration.TestTripWaypointsEndpoint" name="test_get_trip_waypoints_returns_road_matched_data" time="0.112"><failure message="assert 404 == 200&#10; +  where 404 = &lt;Response [404]&gt;.status_code">tests/test_osrm_integration.py:75: in test_get_trip_waypoints_returns_road_matched_data
    assert entries_response.status_code == 200
E   assert 404 == 200
E    +  where 404 = &lt;Response [404]&gt;.status_code</failure></testcase><testcase classname="tests.test_osrm_integration.TestReprocessRouteEndpoint" name="test_reprocess_route_for_invalid_trip_returns_404" time="0.118" /><testcase classname="tests.test_osrm_integration.TestReprocessRouteEndpoint" name="test_reprocess_route_requires_auth" time="0.104"><failure message="assert 404 in [401, 403]&#10; +  where 404 = &lt;Response [404]&gt;.status_code">tests/test_osrm_integration.py:113: in test_reprocess_route_requires_auth
    assert response.status_code in [401, 403]
E   assert 404 in [401, 403]
E    +  where 404 = &lt;Response [404]&gt;.status_code</failure></testcase><testcase classname="tests.test_osrm_integration.TestReprocessRouteEndpoint" name="test_reprocess_route_returns_expected_fields" time="0.103"><failure message="AttributeError: 'str' object has no attribute 'get'">tests/test_osrm_integration.py:121: in test_reprocess_route_returns_expected_fields
    entry_with_waypoints = next(
tests/test_osrm_integration.py:122: in &lt;genexpr&gt;
    (e for e in entries if e.get("waypoint_count", 0) &gt;= 2),
                          ^^^^^
E   AttributeError: 'str' object has no attribute 'get'</failure></testcase><testcase classname="tests.test_osrm_integration.TestReprocessRouteEndpoint" name="test_reprocess_route_fails_with_insufficient_waypoints" time="36.061"><failure message="assert 404 in [200, 201]&#10; +  where 404 = &lt;Response [404]&gt;.status_code">tests/test_osrm_integration.py:158: in test_reprocess_route_fails_with_insufficient_waypoints
    assert create_response.status_code in [200, 201]
E   assert 404 in [200, 201]
E    +  where 404 = &lt;Response [404]&gt;.status_code</failure></testcase><testcase classname="tests.test_osrm_integration.TestMileageEntryFieldValidation" name="test_manual_entry_has_default_osrm_fields" time="0.134"><failure message="assert 404 in [200, 201]&#10; +  where 404 = &lt;Response [404]&gt;.status_code">tests/test_osrm_integration.py:190: in test_manual_entry_has_default_osrm_fields
    assert create_response.status_code in [200, 201]
E   assert 404 in [200, 201]
E    +  where 404 = &lt;Response [404]&gt;.status_code</failure></testcase><testcase classname="tests.test_osrm_integration.TestOSRMServiceIntegration" name="test_reprocess_with_real_coordinates" time="0.097"><failure message="AttributeError: 'str' object has no attribute 'get'">tests/test_osrm_integration.py:226: in test_reprocess_with_real_coordinates
    trips_with_waypoints = [e for e in entries if e.get("waypoint_count", 0) &gt;= 3]
                           ^^^^^^^^^^^^^^^^^^^^^^^^^^^^^^^^^^^^^^^^^^^^^^^^^^^^^^^
tests/test_osrm_integration.py:226: in &lt;listcomp&gt;
    trips_with_waypoints = [e for e in entries if e.get("waypoint_count", 0) &gt;= 3]
                                                  ^^^^^
E   AttributeError: 'str' object has no attribute 'get'</failure></testcase><testcase classname="tests.test_payroll_rounding.TestPayrollSummaryAPI" name="test_payroll_summary_returns_expected_fields" time="0.253" /><testcase classname="tests.test_payroll_rounding.TestPayrollSummaryAPI" name="test_payroll_summary_amounts_are_rounded" time="0.130" /><testcase classname="tests.test_payroll_rounding.TestShiftReportRounding" name="test_shift_report_summary_has_rounded_fields" time="0.103" /><testcase classname="tests.test_payroll_rounding.TestShiftReportRounding" name="test_rounded_hours_matches_sum_of_individual_shifts" time="0.106" /><testcase classname="tests.test_payroll_rounding.TestShiftReportRounding" name="test_estimated_pay_uses_rounded_hours" time="0.102" /><testcase classname="tests.test_payroll_rounding.TestRoundingLogic" name="test_round_hours_to_minute_basic" time="0.000" /><testcase classname="tests.test_payroll_rounding.TestRoundingLogic" name="test_round_hours_1_minute_at_20_per_hour" time="0.000" /><testcase classname="tests.test_payroll_rounding.TestRoundingLogic" name="test_round_handles_edge_cases" time="0.000" /><testcase classname="tests.test_payroll_rounding.TestCSVExportRounding" name="test_csv_hours_column_shows_formatted_time" time="0.103" /><testcase classname="tests.test_payroll_rounding.TestCSVExportRounding" name="test_csv_summary_uses_rounded_pay" time="0.217" /><testcase classname="tests.test_payroll_rounding.TestPayrollReportPDF" name="test_payroll_report_pdf_endpoint" time="0.114" /><testcase classname="tests.test_payroll_rounding.TestPayrollReportPDF" name="test_payroll_report_pdf_with_monthly_period" time="0.116" /><testcase classname="tests.test_payroll_rounding.TestPayrollReportPDF" name="test_payroll_report_pdf_with_yearly_period" time="0.117" /><testcase classname="tests.test_payroll_rounding.TestPayrollReportJSON" name="test_payroll_report_returns_employee_breakdown" time="0.129" /><testcase classname="tests.test_payroll_rounding.TestPayrollConsistency" name="test_shift_report_and_payroll_summary_are_consistent" time="0.265" /><testcase classname="tests.test_reports_est_pay.TestShiftReportsEstPay" name="test_shift_report_returns_hourly_rate" time="0.216" /><testcase classname="tests.test_reports_est_pay.TestShiftReportsEstPay" name="test_shift_report_summary_has_hourly_rate" time="0.108" /><testcase classname="tests.test_reports_est_pay.TestShiftReportsEstPay" name="test_csv_export_has_est_pay_column" time="0.115" /><testcase classname="tests.test_reports_est_pay.TestShiftReportsEstPay" name="test_csv_export_summary_has_estimated_pay" time="0.111" /><testcase classname="tests.test_reports_est_pay.TestShiftReportsEstPay" name="test_pdf_export_returns_valid_pdf" time="0.107" /><testcase classname="tests.test_reports_est_pay.TestShiftReportsEstPay" name="test_est_pay_calculation_is_correct" time="0.129" /><testcase classname="tests.test_reports_est_pay.TestShiftReportsEstPay" name="test_csv_values_match_api_data" time="0.228" /><testcase classname="tests.test_reports_est_pay.TestShiftReportsAuth" name="test_shift_report_requires_auth" time="0.104" /><testcase classname="tests.test_reports_est_pay.TestShiftReportsAuth" name="test_csv_export_requires_auth" time="0.114" /><testcase classname="tests.test_reports_est_pay.TestShiftReportsAuth" name="test_pdf_export_requires_auth" time="0.116" /><testcase classname="tests.test_w9_api.TestAdminW9Endpoints" name="test_get_all_employees_with_w9_status" time="0.176" /><testcase classname="tests.test_w9_api.TestAdminW9Endpoints" name="test_get_employee_w9_status" time="0.174" /><testcase classname="tests.test_w9_api.TestAdminW9Endpoints" name="test_get_employee_w9_documents" time="0.170" /><testcase classname="tests.test_w9_api.TestAdminW9Endpoints" name="test_download_w9_document" time="0.161"><failure message="assert 404 == 200&#10; +  where 404 = &lt;Response [404]&gt;.status_code">tests/test_w9_api.py:116: in test_download_w9_document
    assert response.status_code == 200
E   assert 404 == 200
E    +  where 404 = &lt;Response [404]&gt;.status_code</failure></testcase><testcase classname="tests.test_w9_api.TestAdminW9Endpoints" name="test_approve_w9_document" time="0.164"><failure message="assert 404 == 200&#10; +  where 404 = &lt;Response [404]&gt;.status_code">tests/test_w9_api.py:128: in test_approve_w9_document
    assert response.status_code == 200
E   assert 404 == 200
E    +  where 404 = &lt;Response [404]&gt;.status_code</failure></testcase><testcase classname="tests.test_w9_api.TestAdminW9Endpoints" name="test_get_pending_w9s" time="0.179" /><testcase classname="tests.test_w9_api.TestAdminW9Endpoints" name="test_download_nonexistent_w9" time="0.187" /><testcase classname="tests.test_w9_api.TestEmployeeW9Endpoints" name="test_get_own_w9_status" time="0.169" /><testcase classname="tests.test_w9_api.TestEmployeeW9Endpoints" name="test_download_own_w9" time="0.199" /><testcase classname="tests.test_w9_api.TestEmployeeW9Endpoints" name="test_download_specific_w9" time="0.152"><failure message="assert 404 == 200&#10; +  where 404 = &lt;Response [404]&gt;.status_code">tests/test_w9_api.py:185: in test_download_specific_w9
    assert response.status_code == 200
E   assert 404 == 200
E    +  where 404 = &lt;Response [404]&gt;.status_code</failure></testcase><testcase classname="tests.test_w9_api.TestW9UploadEndpoint" name="test_employee_w9_upload_generates_id" time="0.298" /><testcase classname="tests.test_w9_api.TestW9DocumentFiltering" name="test_w9_documents_have_required_fields" time="0.177" /><testcase classname="tests.test_w9_api.TestW9DocumentFiltering" name="test_documents_with_id_are_returned" time="0.161"><failure message="AssertionError: Test document a0de9d4c-58d6-4c9c-9add-b66000604bc1 not found&#10;assert None is not None">tests/test_w9_api.py:266: in test_documents_with_id_are_returned
    assert test_doc is not None, f"Test document {W9_DOC_ID} not found"
E   AssertionError: Test document a0de9d4c-58d6-4c9c-9add-b66000604bc1 not found
E   assert None is not None</failure></testcase></testsuite></testsuites>