<?xml version="1.0" encoding="utf-8"?><testsuites name="pytest tests"><testsuite name="pytest" errors="0" failures="0" skipped="0" tests="10" time="2.372" timestamp="2026-04-01T08:06:37.525749+00:00" hostname="agent-env-56aea438-0d29-4fa4-9b99-e932ee1237a3"><testcase classname="backend.tests.test_financials_api.TestTaxReturnsArchiveAPI" name="test_get_tax_returns_empty_year" time="0.132" /><testcase classname="backend.tests.test_financials_api.TestTaxReturnsArchiveAPI" name="test_upload_tax_return_pdf" time="0.315" /><testcase classname="backend.tests.test_financials_api.TestTaxReturnsArchiveAPI" name="test_upload_tax_return_image" time="0.198" /><testcase classname="backend.tests.test_financials_api.TestTaxReturnsArchiveAPI" name="test_upload_tax_return_invalid_file_type" time="0.103" /><testcase classname="backend.tests.test_financials_api.TestTaxReturnsArchiveAPI" name="test_download_tax_return" time="0.306" /><testcase classname="backend.tests.test_financials_api.TestTaxReturnsArchiveAPI" name="test_download_nonexistent_document" time="0.101" /><testcase classname="backend.tests.test_financials_api.TestTaxReturnsArchiveAPI" name="test_delete_tax_return" time="0.333" /><testcase classname="backend.tests.test_financials_api.TestTaxReturnsArchiveAPI" name="test_delete_nonexistent_document" time="0.099" /><testcase classname="backend.tests.test_financials_api.TestTaxReturnsArchiveAPI" name="test_multiple_documents_per_year" time="0.563" /><testcase classname="backend.tests.test_financials_api.TestTaxReturnsArchiveAPI" name="test_document_metadata_structure" time="0.201" /></testsuite></testsuites>