<?xml version="1.0" encoding="utf-8"?><testsuites name="pytest tests"><testsuite name="pytest" errors="0" failures="0" skipped="0" tests="4" time="41.629" timestamp="2026-09-07T02:54:38.411858+00:00" hostname="agent-env-56aea438-0d29-4fa4-9b99-e932ee1237a3"><testcase classname="backend.tests.test_ai_image_memory.TestImageMemoryBugFix" name="test_image_memory_across_session_recreation" time="34.509" /><testcase classname="backend.tests.test_ai_image_memory.TestImageMemoryBugFix" name="test_message_with_image_creates_correct_format" time="2.786" /><testcase classname="backend.tests.test_ai_image_memory.TestImageMemoryBugFix" name="test_multiple_images_in_single_message" time="3.580" /><testcase classname="backend.tests.test_ai_image_memory.TestImageUploadAndRetrieval" name="test_uploaded_image_has_base64_stored" time="0.658" /></testsuite></testsuites>