<?xml version="1.0" encoding="utf-8"?><testsuites name="pytest tests"><testsuite name="pytest" errors="0" failures="0" skipped="0" tests="15" time="10.168" timestamp="2026-09-07T04:43:45.333732+00:00" hostname="agent-env-56aea438-0d29-4fa4-9b99-e932ee1237a3"><testcase classname="tests.test_gps_mileage_tracker.TestGPSMileageTracker" name="test_log_drive_start_returns_trip_id_and_address" time="0.492" /><testcase classname="tests.test_gps_mileage_tracker.TestGPSMileageTracker" name="test_log_drive_end_completes_trip_with_distance" time="2.072" /><testcase classname="tests.test_gps_mileage_tracker.TestGPSMileageTracker" name="test_log_drive_start_when_trip_active_returns_error" time="0.902" /><testcase classname="tests.test_gps_mileage_tracker.TestGPSMileageTracker" name="test_log_drive_end_without_active_trip_returns_error" time="0.180" /><testcase classname="tests.test_gps_mileage_tracker.TestGPSMileageTracker" name="test_update_trip_all_fields" time="0.910" /><testcase classname="tests.test_gps_mileage_tracker.TestGPSMileageTracker" name="test_update_trip_partial_fields" time="0.872" /><testcase classname="tests.test_gps_mileage_tracker.TestGPSMileageTracker" name="test_classify_trip_business" time="0.986" /><testcase classname="tests.test_gps_mileage_tracker.TestGPSMileageTracker" name="test_classify_trip_personal" time="0.888" /><testcase classname="tests.test_gps_mileage_tracker.TestGPSMileageTracker" name="test_get_categories_returns_defaults" time="0.175" /><testcase classname="tests.test_gps_mileage_tracker.TestGPSMileageTracker" name="test_create_custom_category" time="0.236" /><testcase classname="tests.test_gps_mileage_tracker.TestGPSMileageTracker" name="test_export_csv_returns_irs_format" time="0.177" /><testcase classname="tests.test_gps_mileage_tracker.TestGPSMileageTracker" name="test_export_csv_with_year_filter" time="0.169" /><testcase classname="tests.test_gps_mileage_tracker.TestGPSMileageTrackerEdgeCases" name="test_update_nonexistent_trip_returns_404" time="0.171" /><testcase classname="tests.test_gps_mileage_tracker.TestGPSMileageTrackerEdgeCases" name="test_classify_invalid_classification_returns_error" time="0.941" /><testcase classname="tests.test_gps_mileage_tracker.TestGPSMileageTrackerEdgeCases" name="test_update_trip_invalid_miles_returns_error" time="0.944" /></testsuite></testsuites>