<?xml version="1.0" encoding="utf-8"?><testsuites name="pytest tests"><testsuite name="pytest" errors="0" failures="0" skipped="0" tests="9" time="2.857" timestamp="2026-09-03T03:36:44.272736+00:00" hostname="agent-env-56aea438-0d29-4fa4-9b99-e932ee1237a3"><testcase classname="backend.tests.test_video_calls_enhancements.TestRecordingsEndpoints" name="test_get_recordings_returns_list" time="0.412" /><testcase classname="backend.tests.test_video_calls_enhancements.TestRecordingsEndpoints" name="test_sync_recordings_requires_admin" time="0.262" /><testcase classname="backend.tests.test_video_calls_enhancements.TestRecordingsEndpoints" name="test_sync_recordings_success" time="0.364" /><testcase classname="backend.tests.test_video_calls_enhancements.TestRecordingsEndpoints" name="test_recording_access_link_requires_admin" time="0.105" /><testcase classname="backend.tests.test_video_calls_enhancements.TestRecordingsEndpoints" name="test_recording_access_link_invalid_id" time="0.307" /><testcase classname="backend.tests.test_video_calls_enhancements.TestCallRequestWithPushNotifications" name="test_call_request_triggers_push_no_crash" time="0.527" /><testcase classname="backend.tests.test_video_calls_enhancements.TestCallRequestWithPushNotifications" name="test_call_request_creates_room_and_request" time="0.434" /><testcase classname="backend.tests.test_video_calls_enhancements.TestVideoCallsPageEndpoints" name="test_history_endpoint" time="0.250" /><testcase classname="backend.tests.test_video_calls_enhancements.TestVideoCallsPageEndpoints" name="test_pending_requests_endpoint" time="0.166" /></testsuite></testsuites>