<?xml version="1.0" encoding="utf-8"?><testsuites name="pytest tests"><testsuite name="pytest" errors="0" failures="0" skipped="2" tests="23" time="18.199" timestamp="2026-09-07T00:10:53.943934+00:00" hostname="agent-env-56aea438-0d29-4fa4-9b99-e932ee1237a3"><testcase classname="backend.tests.test_ai_assistant.TestAIAssistantAuth" name="test_conversations_requires_auth" time="0.466" /><testcase classname="backend.tests.test_ai_assistant.TestAIAssistantAuth" name="test_create_conversation_requires_auth" time="0.401" /><testcase classname="backend.tests.test_ai_assistant.TestAIAssistantAuth" name="test_upload_image_requires_auth" time="0.401" /><testcase classname="backend.tests.test_ai_assistant.TestConversationCRUD" name="test_create_conversation_default_title" time="0.395" /><testcase classname="backend.tests.test_ai_assistant.TestConversationCRUD" name="test_create_conversation_custom_title" time="0.389" /><testcase classname="backend.tests.test_ai_assistant.TestConversationCRUD" name="test_list_conversations" time="0.503" /><testcase classname="backend.tests.test_ai_assistant.TestConversationCRUD" name="test_get_conversation_by_id" time="0.552" /><testcase classname="backend.tests.test_ai_assistant.TestConversationCRUD" name="test_get_nonexistent_conversation" time="0.240" /><testcase classname="backend.tests.test_ai_assistant.TestConversationCRUD" name="test_delete_conversation" time="0.473" /><testcase classname="backend.tests.test_ai_assistant.TestConversationCRUD" name="test_delete_nonexistent_conversation" time="0.292" /><testcase classname="backend.tests.test_ai_assistant.TestImageUpload" name="test_upload_jpeg_image" time="0.511" /><testcase classname="backend.tests.test_ai_assistant.TestImageUpload" name="test_upload_png_image" time="0.451" /><testcase classname="backend.tests.test_ai_assistant.TestImageUpload" name="test_upload_webp_image" time="0.424" /><testcase classname="backend.tests.test_ai_assistant.TestImageUpload" name="test_reject_non_image_file" time="0.328" /><testcase classname="backend.tests.test_ai_assistant.TestImageUpload" name="test_reject_gif_file" time="0.261" /><testcase classname="backend.tests.test_ai_assistant.TestImageUpload" name="test_reject_oversized_file" time="0.648" /><testcase classname="backend.tests.test_ai_assistant.TestImageUpload" name="test_get_uploaded_image" time="0.627" /><testcase classname="backend.tests.test_ai_assistant.TestImageUpload" name="test_get_nonexistent_image" time="0.249" /><testcase classname="backend.tests.test_ai_assistant.TestMessageStreaming" name="test_send_message_returns_sse_stream" time="5.702" /><testcase classname="backend.tests.test_ai_assistant.TestMessageStreaming" name="test_message_persisted_in_conversation" time="3.685" /><testcase classname="backend.tests.test_ai_assistant.TestMessageStreaming" name="test_send_message_to_nonexistent_conversation" time="0.634" /><testcase classname="backend.tests.test_ai_assistant.TestConversationScoping" name="test_user_cannot_access_other_users_conversation" time="0.253"><skipped type="pytest.skip" message="Admin token not available for cross-user test">/app/backend/tests/test_ai_assistant.py:523: Admin token not available for cross-user test</skipped></testcase><testcase classname="backend.tests.test_ai_assistant.TestConversationScoping" name="test_user_cannot_delete_other_users_conversation" time="0.260"><skipped type="pytest.skip" message="Admin token not available for cross-user test">/app/backend/tests/test_ai_assistant.py:546: Admin token not available for cross-user test</skipped></testcase></testsuite></testsuites>