<?xml version="1.0" encoding="utf-8"?><testsuites name="pytest tests"><testsuite name="pytest" errors="0" failures="0" skipped="0" tests="7" time="2.461" timestamp="2026-09-02T04:13:00.309348+00:00" hostname="agent-env-56aea438-0d29-4fa4-9b99-e932ee1237a3"><testcase classname="backend.tests.test_silence_notifications.TestNotificationStatusEndpoint" name="test_notification_status_requires_auth" time="0.218" /><testcase classname="backend.tests.test_silence_notifications.TestNotificationStatusEndpoint" name="test_notification_status_returns_silenced_field" time="0.321" /><testcase classname="backend.tests.test_silence_notifications.TestSilenceNotificationsToggle" name="test_silence_toggle_requires_auth" time="0.135" /><testcase classname="backend.tests.test_silence_notifications.TestSilenceNotificationsToggle" name="test_silence_toggle_changes_state" time="0.464" /><testcase classname="backend.tests.test_silence_notifications.TestSilenceNotificationsToggle" name="test_silence_toggle_persists" time="0.560" /><testcase classname="backend.tests.test_silence_notifications.TestSilencedNotificationBehavior" name="test_session_log_when_silenced" time="0.631" /><testcase classname="backend.tests.test_silence_notifications.TestDefaultState" name="test_default_state_is_not_silenced" time="0.106" /></testsuite></testsuites>