<?xml version="1.0" encoding="utf-8"?><testsuites name="pytest tests"><testsuite name="pytest" errors="0" failures="2" skipped="0" tests="28" time="9.851" timestamp="2026-09-01T18:37:33.408255+00:00" hostname="agent-env-56aea438-0d29-4fa4-9b99-e932ee1237a3"><testcase classname="backend.tests.test_security_remediation" name="test_admin_login_ok" time="0.463" /><testcase classname="backend.tests.test_security_remediation" name="test_employee_passwordless_login" time="0.173" /><testcase classname="backend.tests.test_security_remediation" name="test_employee_password_login_bcrypt" time="0.418" /><testcase classname="backend.tests.test_security_remediation" name="test_brute_force_lockout" time="2.341" /><testcase classname="backend.tests.test_security_remediation" name="test_consignor_magic_link_flow" time="1.139" /><testcase classname="backend.tests.test_security_remediation" name="test_payment_history_unauth" time="0.125" /><testcase classname="backend.tests.test_security_remediation" name="test_payment_history_with_consignor" time="0.147" /><testcase classname="backend.tests.test_security_remediation" name="test_check_existing_agreement_unauth" time="0.165" /><testcase classname="backend.tests.test_security_remediation" name="test_check_existing_agreement_with_consignor" time="0.185" /><testcase classname="backend.tests.test_security_remediation" name="test_my_submissions_unauth" time="0.226" /><testcase classname="backend.tests.test_security_remediation" name="test_my_submissions_with_consignor" time="0.179" /><testcase classname="backend.tests.test_security_remediation" name="test_consignor_conversation_unauth" time="0.239" /><testcase classname="backend.tests.test_security_remediation" name="test_consignor_conversation_with_token" time="0.221" /><testcase classname="backend.tests.test_security_remediation" name="test_cross_account_403" time="0.165" /><testcase classname="backend.tests.test_security_remediation" name="test_admin_on_payment_history" time="0.170" /><testcase classname="backend.tests.test_security_remediation" name="test_admin_on_check_existing" time="0.197" /><testcase classname="backend.tests.test_security_remediation" name="test_admin_on_my_submissions" time="0.207" /><testcase classname="backend.tests.test_security_remediation" name="test_debug_tokens_unauth" time="0.194" /><testcase classname="backend.tests.test_security_remediation" name="test_debug_tokens_admin" time="0.186" /><testcase classname="backend.tests.test_security_remediation" name="test_deactivate_all_unauth" time="0.184" /><testcase classname="backend.tests.test_security_remediation" name="test_token_status_unauth" time="0.174" /><testcase classname="backend.tests.test_security_remediation" name="test_clear_all_tokens_unauth" time="0.189" /><testcase classname="backend.tests.test_security_remediation" name="test_set_password_min_length" time="0.380"><failure message="AssertionError: expected 400 got 404 {&quot;detail&quot;:&quot;Not Found&quot;}&#10;assert 404 == 400&#10; +  where 404 = &lt;Response [404]&gt;.status_code">backend/tests/test_security_remediation.py:212: in test_set_password_min_length
    assert r.status_code == 400, f"expected 400 got {r.status_code} {r.text}"
E   AssertionError: expected 400 got 404 {"detail":"Not Found"}
E   assert 404 == 400
E    +  where 404 = &lt;Response [404]&gt;.status_code</failure></testcase><testcase classname="backend.tests.test_security_remediation" name="test_employee_conversation" time="0.335" /><testcase classname="backend.tests.test_security_remediation" name="test_admin_conversations_list" time="0.331" /><testcase classname="backend.tests.test_security_remediation" name="test_payroll_summary" time="0.204"><failure message="AssertionError: {&quot;detail&quot;:&quot;Not Found&quot;}&#10;assert 404 == 200&#10; +  where 404 = &lt;Response [404]&gt;.status_code">backend/tests/test_security_remediation.py:235: in test_payroll_summary
    assert r.status_code == 200, r.text
E   AssertionError: {"detail":"Not Found"}
E   assert 404 == 200
E    +  where 404 = &lt;Response [404]&gt;.status_code</failure></testcase><testcase classname="backend.tests.test_security_remediation" name="test_admin_reply" time="0.514" /><testcase classname="backend.tests.test_security_remediation" name="test_consignor_send_message" time="0.158" /></testsuite></testsuites>