<?xml version="1.0" encoding="utf-8"?><testsuites name="pytest tests"><testsuite name="pytest" errors="0" failures="0" skipped="0" tests="7" time="1.837" timestamp="2026-09-11T23:45:04.306885+00:00" hostname="agent-env-56aea438-0d29-4fa4-9b99-e932ee1237a3"><testcase classname="backend.tests.test_orders_filter.TestOrdersFilterBackend" name="test_my_assignment_returns_items" time="0.303" /><testcase classname="backend.tests.test_orders_filter.TestOrdersFilterBackend" name="test_my_assignment_returns_labels" time="0.235" /><testcase classname="backend.tests.test_orders_filter.TestOrdersFilterBackend" name="test_my_assignment_returns_matches" time="0.299" /><testcase classname="backend.tests.test_orders_filter.TestOrdersFilterBackend" name="test_matches_have_required_fields" time="0.238" /><testcase classname="backend.tests.test_orders_filter.TestOrdersFilterBackend" name="test_matched_skus_are_correct" time="0.255" /><testcase classname="backend.tests.test_orders_filter.TestOrdersFilterBackend" name="test_match_item_ids_exist_in_items" time="0.249" /><testcase classname="backend.tests.test_orders_filter.TestOrdersFilterBackend" name="test_match_label_ids_exist_in_labels" time="0.237" /></testsuite></testsuites>