<?xml version="1.0" encoding="utf-8"?><testsuites name="pytest tests"><testsuite name="pytest" errors="0" failures="0" skipped="0" tests="21" time="13.406" timestamp="2026-09-11T04:50:45.229456+00:00" hostname="agent-env-56aea438-0d29-4fa4-9b99-e932ee1237a3"><testcase classname="backend.tests.test_orders_labels.TestOrdersLabelsAPI" name="test_labels_list_requires_auth" time="0.229" /><testcase classname="backend.tests.test_orders_labels.TestOrdersLabelsAPI" name="test_labels_list_as_admin" time="0.249" /><testcase classname="backend.tests.test_orders_labels.TestOrdersLabelsAPI" name="test_label_upload_requires_auth" time="0.119" /><testcase classname="backend.tests.test_orders_labels.TestOrdersLabelsAPI" name="test_label_upload_as_admin" time="2.898" /><testcase classname="backend.tests.test_orders_labels.TestOrdersLabelsAPI" name="test_label_upload_image" time="0.562" /><testcase classname="backend.tests.test_orders_labels.TestOrdersLabelsAPI" name="test_label_delete" time="0.480" /><testcase classname="backend.tests.test_orders_labels.TestOrdersLabelsAPI" name="test_label_file_access_requires_token" time="0.135" /><testcase classname="backend.tests.test_orders_labels.TestOrdersLabelsAPI" name="test_assignments_list_requires_auth" time="0.122" /><testcase classname="backend.tests.test_orders_labels.TestOrdersLabelsAPI" name="test_assignments_list_as_admin" time="0.175" /><testcase classname="backend.tests.test_orders_labels.TestOrdersLabelsAPI" name="test_assign_orders_requires_auth" time="0.131" /><testcase classname="backend.tests.test_orders_labels.TestOrdersLabelsAPI" name="test_assign_orders_to_employee" time="4.088" /><testcase classname="backend.tests.test_orders_labels.TestOrdersLabelsAPI" name="test_cancel_assignment" time="0.388" /><testcase classname="backend.tests.test_orders_labels.TestOrdersLabelsAPI" name="test_employee_my_assignment_no_auth" time="0.121" /><testcase classname="backend.tests.test_orders_labels.TestOrdersLabelsAPI" name="test_employee_my_assignment_no_active" time="0.313" /><testcase classname="backend.tests.test_orders_labels.TestOrdersLabelsAPI" name="test_employee_my_assignment_with_active" time="0.629" /><testcase classname="backend.tests.test_orders_labels.TestOrdersLabelsAPI" name="test_employee_complete_assignment" time="0.382" /><testcase classname="backend.tests.test_orders_labels.TestOrdersLabelsAPI" name="test_duplicate_assignment_auto_replaces" time="0.690" /><testcase classname="backend.tests.test_orders_labels.TestOrdersLabelsAPI" name="test_my_history_requires_auth" time="0.119" /><testcase classname="backend.tests.test_orders_labels.TestOrdersLabelsAPI" name="test_my_history_returns_non_active_assignments" time="0.582" /><testcase classname="backend.tests.test_orders_labels.TestOrdersLabelsAPI" name="test_assignments_filter_by_status" time="0.307" /><testcase classname="backend.tests.test_orders_labels.TestOrdersLabelsAPI" name="test_delete_assignment_from_history" time="0.618" /></testsuite></testsuites>