<?xml version="1.0" encoding="utf-8"?><testsuites name="pytest tests"><testsuite name="pytest" errors="0" failures="0" skipped="5" tests="37" time="74.390" timestamp="2026-09-07T02:08:08.357728+00:00" hostname="agent-env-56aea438-0d29-4fa4-9b99-e932ee1237a3"><testcase classname="backend.tests.test_ai_assistant.TestAIAssistantAuth" name="test_conversations_requires_auth" time="0.428" /><testcase classname="backend.tests.test_ai_assistant.TestAIAssistantAuth" name="test_create_conversation_requires_auth" time="0.733" /><testcase classname="backend.tests.test_ai_assistant.TestAIAssistantAuth" name="test_upload_image_requires_auth" time="0.362" /><testcase classname="backend.tests.test_ai_assistant.TestConversationCRUD" name="test_create_conversation_default_title" time="0.429" /><testcase classname="backend.tests.test_ai_assistant.TestConversationCRUD" name="test_create_conversation_custom_title" time="0.399" /><testcase classname="backend.tests.test_ai_assistant.TestConversationCRUD" name="test_list_conversations" time="0.496" /><testcase classname="backend.tests.test_ai_assistant.TestConversationCRUD" name="test_get_conversation_by_id" time="0.540" /><testcase classname="backend.tests.test_ai_assistant.TestConversationCRUD" name="test_get_nonexistent_conversation" time="0.335" /><testcase classname="backend.tests.test_ai_assistant.TestConversationCRUD" name="test_delete_conversation" time="0.538" /><testcase classname="backend.tests.test_ai_assistant.TestConversationCRUD" name="test_delete_nonexistent_conversation" time="0.256" /><testcase classname="backend.tests.test_ai_assistant.TestImageUpload" name="test_upload_jpeg_image" time="0.393" /><testcase classname="backend.tests.test_ai_assistant.TestImageUpload" name="test_upload_png_image" time="0.415" /><testcase classname="backend.tests.test_ai_assistant.TestImageUpload" name="test_upload_webp_image" time="0.392" /><testcase classname="backend.tests.test_ai_assistant.TestImageUpload" name="test_reject_non_image_file" time="0.256" /><testcase classname="backend.tests.test_ai_assistant.TestImageUpload" name="test_reject_gif_file" time="0.277" /><testcase classname="backend.tests.test_ai_assistant.TestImageUpload" name="test_reject_oversized_file" time="0.657" /><testcase classname="backend.tests.test_ai_assistant.TestImageUpload" name="test_get_uploaded_image" time="0.694" /><testcase classname="backend.tests.test_ai_assistant.TestImageUpload" name="test_get_nonexistent_image" time="0.297" /><testcase classname="backend.tests.test_ai_assistant.TestMessageStreaming" name="test_send_message_returns_sse_stream" time="1.998" /><testcase classname="backend.tests.test_ai_assistant.TestMessageStreaming" name="test_message_persisted_in_conversation" time="42.471" /><testcase classname="backend.tests.test_ai_assistant.TestMessageStreaming" name="test_send_message_to_nonexistent_conversation" time="0.538" /><testcase classname="backend.tests.test_ai_assistant.TestSavedPromptsCRUD" name="test_create_prompt" time="0.442" /><testcase classname="backend.tests.test_ai_assistant.TestSavedPromptsCRUD" name="test_create_prompt_requires_label_and_text" time="0.763" /><testcase classname="backend.tests.test_ai_assistant.TestSavedPromptsCRUD" name="test_list_prompts" time="0.462" /><testcase classname="backend.tests.test_ai_assistant.TestSavedPromptsCRUD" name="test_update_prompt_label" time="11.883" /><testcase classname="backend.tests.test_ai_assistant.TestSavedPromptsCRUD" name="test_update_prompt_text" time="0.700" /><testcase classname="backend.tests.test_ai_assistant.TestSavedPromptsCRUD" name="test_update_prompt_both_fields" time="0.677" /><testcase classname="backend.tests.test_ai_assistant.TestSavedPromptsCRUD" name="test_update_nonexistent_prompt" time="0.267" /><testcase classname="backend.tests.test_ai_assistant.TestSavedPromptsCRUD" name="test_update_prompt_empty_body" time="3.656" /><testcase classname="backend.tests.test_ai_assistant.TestSavedPromptsCRUD" name="test_delete_prompt" time="0.580" /><testcase classname="backend.tests.test_ai_assistant.TestSavedPromptsCRUD" name="test_delete_nonexistent_prompt" time="0.244" /><testcase classname="backend.tests.test_ai_assistant.TestSavedPromptsCRUD" name="test_prompts_require_auth" time="0.398" /><testcase classname="backend.tests.test_ai_assistant.TestPromptsScoping" name="test_user_cannot_see_other_users_prompts" time="0.258"><skipped type="pytest.skip" message="Admin token not available for cross-user test">/app/backend/tests/test_ai_assistant.py:783: Admin token not available for cross-user test</skipped></testcase><testcase classname="backend.tests.test_ai_assistant.TestPromptsScoping" name="test_user_cannot_update_other_users_prompt" time="0.272"><skipped type="pytest.skip" message="Admin token not available for cross-user test">/app/backend/tests/test_ai_assistant.py:807: Admin token not available for cross-user test</skipped></testcase><testcase classname="backend.tests.test_ai_assistant.TestPromptsScoping" name="test_user_cannot_delete_other_users_prompt" time="0.271"><skipped type="pytest.skip" message="Admin token not available for cross-user test">/app/backend/tests/test_ai_assistant.py:831: Admin token not available for cross-user test</skipped></testcase><testcase classname="backend.tests.test_ai_assistant.TestConversationScoping" name="test_user_cannot_access_other_users_conversation" time="0.325"><skipped type="pytest.skip" message="Admin token not available for cross-user test">/app/backend/tests/test_ai_assistant.py:902: Admin token not available for cross-user test</skipped></testcase><testcase classname="backend.tests.test_ai_assistant.TestConversationScoping" name="test_user_cannot_delete_other_users_conversation" time="0.247"><skipped type="pytest.skip" message="Admin token not available for cross-user test">/app/backend/tests/test_ai_assistant.py:925: Admin token not available for cross-user test</skipped></testcase></testsuite></testsuites>