<?xml version="1.0" encoding="utf-8"?><testsuites name="pytest tests"><testsuite name="pytest" errors="0" failures="0" skipped="0" tests="14" time="8.478" timestamp="2026-09-07T12:29:46.674653+00:00" hostname="agent-env-56aea438-0d29-4fa4-9b99-e932ee1237a3"><testcase classname="backend.tests.test_gps_siri_unified.TestAdminLogin" name="test_admin_login" time="0.426" /><testcase classname="backend.tests.test_gps_siri_unified.TestSiriAPIKeyManagement" name="test_get_siri_key_status_no_key" time="0.449" /><testcase classname="backend.tests.test_gps_siri_unified.TestSiriAPIKeyManagement" name="test_generate_siri_key" time="0.302" /><testcase classname="backend.tests.test_gps_siri_unified.TestSiriAPIKeyManagement" name="test_get_siri_key_status_has_key" time="0.433" /><testcase classname="backend.tests.test_gps_siri_unified.TestSiriAPIKeyManagement" name="test_revoke_siri_key" time="0.398" /><testcase classname="backend.tests.test_gps_siri_unified.TestSiriKeyAuthentication" name="test_siri_key_auth_start_trip" time="0.745" /><testcase classname="backend.tests.test_gps_siri_unified.TestSiriKeyAuthentication" name="test_siri_key_auth_end_trip" time="2.207" /><testcase classname="backend.tests.test_gps_siri_unified.TestLogDriveWithJWT" name="test_jwt_auth_start_trip" time="0.394" /><testcase classname="backend.tests.test_gps_siri_unified.TestLogDriveWithJWT" name="test_jwt_auth_end_trip" time="1.275" /><testcase classname="backend.tests.test_gps_siri_unified.TestLogDriveEdgeCases" name="test_start_when_trip_active" time="0.643" /><testcase classname="backend.tests.test_gps_siri_unified.TestLogDriveEdgeCases" name="test_end_when_no_trip_active" time="0.304" /><testcase classname="backend.tests.test_gps_siri_unified.TestInvalidSiriKeyAuth" name="test_invalid_siri_key_rejected" time="0.150" /><testcase classname="backend.tests.test_gps_siri_unified.TestInvalidSiriKeyAuth" name="test_revoked_siri_key_rejected" time="0.566" /><testcase classname="backend.tests.test_gps_siri_unified.TestCleanup" name="test_cleanup_active_trips" time="0.130" /></testsuite></testsuites>