<?xml version="1.0" encoding="utf-8"?><testsuites name="pytest tests"><testsuite name="pytest" errors="0" failures="0" skipped="0" tests="10" time="12.558" timestamp="2026-09-07T13:31:02.300942+00:00" hostname="agent-env-56aea438-0d29-4fa4-9b99-e932ee1237a3"><testcase classname="backend.tests.test_gps_multileg_trips.TestPauseEvent" name="test_pause_active_trip" time="2.049" /><testcase classname="backend.tests.test_gps_multileg_trips.TestPauseEvent" name="test_pause_no_active_trip" time="0.435" /><testcase classname="backend.tests.test_gps_multileg_trips.TestResumeEvent" name="test_resume_paused_trip" time="1.768" /><testcase classname="backend.tests.test_gps_multileg_trips.TestResumeEvent" name="test_resume_no_paused_trip" time="0.393" /><testcase classname="backend.tests.test_gps_multileg_trips.TestMultiLegTrip" name="test_multi_leg_trip_complete_flow" time="2.320" /><testcase classname="backend.tests.test_gps_multileg_trips.TestSingleLegTrip" name="test_single_leg_trip_with_route_geometry" time="1.336" /><testcase classname="backend.tests.test_gps_multileg_trips.TestTripDetailRouteGeometry" name="test_get_trip_detail_with_route_geometry" time="1.480" /><testcase classname="backend.tests.test_gps_multileg_trips.TestSiriKeyWithPauseResume" name="test_siri_key_pause_resume" time="2.447" /><testcase classname="backend.tests.test_gps_multileg_trips.TestExistingTripWithRouteGeometry" name="test_fetch_existing_trip_route_geometry" time="0.129" /><testcase classname="backend.tests.test_gps_multileg_trips.TestCleanup" name="test_cleanup_active_trips" time="0.129" /></testsuite></testsuites>