<?xml version="1.0" encoding="utf-8"?><testsuites name="pytest tests"><testsuite name="pytest" errors="0" failures="0" skipped="0" tests="16" time="3.082" timestamp="2026-09-02T03:44:52.339093+00:00" hostname="agent-env-56aea438-0d29-4fa4-9b99-e932ee1237a3"><testcase classname="backend.tests.test_remote_sessions_alerts_mapping.TestWatcherCommandAck" name="test_ack_no_watcher_key" time="0.328" /><testcase classname="backend.tests.test_remote_sessions_alerts_mapping.TestWatcherCommandAck" name="test_ack_command_success" time="0.140" /><testcase classname="backend.tests.test_remote_sessions_alerts_mapping.TestWatcherCommandAck" name="test_ack_command_failure" time="0.127" /><testcase classname="backend.tests.test_remote_sessions_alerts_mapping.TestDeleteSingleAlert" name="test_delete_alert_no_auth" time="0.150" /><testcase classname="backend.tests.test_remote_sessions_alerts_mapping.TestDeleteSingleAlert" name="test_delete_alert_success" time="0.237" /><testcase classname="backend.tests.test_remote_sessions_alerts_mapping.TestDeleteSingleAlert" name="test_delete_alert_not_found" time="0.126" /><testcase classname="backend.tests.test_remote_sessions_alerts_mapping.TestDeleteSingleAlert" name="test_delete_alert_with_special_chars" time="0.108" /><testcase classname="backend.tests.test_remote_sessions_alerts_mapping.TestClearAlerts" name="test_clear_alerts_no_auth" time="0.151" /><testcase classname="backend.tests.test_remote_sessions_alerts_mapping.TestClearAlerts" name="test_clear_all_alerts" time="0.147" /><testcase classname="backend.tests.test_remote_sessions_alerts_mapping.TestClearAlerts" name="test_clear_alerts_by_month" time="0.128" /><testcase classname="backend.tests.test_remote_sessions_alerts_mapping.TestClearAlerts" name="test_clear_alerts_by_date" time="0.154" /><testcase classname="backend.tests.test_remote_sessions_alerts_mapping.TestDeleteMapping" name="test_delete_mapping_no_auth" time="0.130" /><testcase classname="backend.tests.test_remote_sessions_alerts_mapping.TestDeleteMapping" name="test_delete_mapping_success" time="0.122" /><testcase classname="backend.tests.test_remote_sessions_alerts_mapping.TestDeleteMapping" name="test_delete_mapping_not_found" time="0.236" /><testcase classname="backend.tests.test_remote_sessions_alerts_mapping.TestSessionCardAnyDeskIdDisplay" name="test_session_has_anydesk_id_field" time="0.291" /><testcase classname="backend.tests.test_remote_sessions_alerts_mapping.TestSessionCardAnyDeskIdDisplay" name="test_mapped_session_has_both_name_and_id" time="0.312" /></testsuite></testsuites>