<?xml version="1.0" encoding="utf-8"?><testsuites name="pytest tests"><testsuite name="pytest" errors="0" failures="0" skipped="0" tests="11" time="3.124" timestamp="2026-09-03T16:26:08.137710+00:00" hostname="agent-env-56aea438-0d29-4fa4-9b99-e932ee1237a3"><testcase classname="backend.tests.test_web_push_notifications.TestWebPushEndpoints" name="test_vapid_public_key_returns_valid_key" time="0.330" /><testcase classname="backend.tests.test_web_push_notifications.TestWebPushEndpoints" name="test_vapid_public_key_no_auth_required" time="0.123" /><testcase classname="backend.tests.test_web_push_notifications.TestWebPushEndpoints" name="test_status_requires_authentication" time="0.176" /><testcase classname="backend.tests.test_web_push_notifications.TestWebPushEndpoints" name="test_status_returns_subscription_info_for_employee" time="0.217" /><testcase classname="backend.tests.test_web_push_notifications.TestWebPushEndpoints" name="test_subscribe_requires_authentication" time="0.154" /><testcase classname="backend.tests.test_web_push_notifications.TestWebPushEndpoints" name="test_subscribe_accepts_valid_subscription" time="0.239" /><testcase classname="backend.tests.test_web_push_notifications.TestWebPushEndpoints" name="test_subscribe_validates_required_fields" time="0.296" /><testcase classname="backend.tests.test_web_push_notifications.TestWebPushEndpoints" name="test_unsubscribe_requires_authentication" time="0.168" /><testcase classname="backend.tests.test_web_push_notifications.TestWebPushEndpoints" name="test_unsubscribe_removes_subscription" time="0.299" /><testcase classname="backend.tests.test_web_push_notifications.TestWebPushEndpoints" name="test_unsubscribe_returns_404_for_nonexistent" time="0.382" /><testcase classname="backend.tests.test_web_push_notifications.TestWebPushEndpoints" name="test_full_subscribe_status_unsubscribe_flow" time="0.705" /></testsuite></testsuites>