<?xml version="1.0" encoding="utf-8"?><testsuites name="pytest tests"><testsuite name="pytest" errors="0" failures="0" skipped="0" tests="15" time="4.219" timestamp="2026-09-11T04:59:16.557256+00:00" hostname="agent-env-56aea438-0d29-4fa4-9b99-e932ee1237a3"><testcase classname="backend.tests.test_print_labels_autoname.TestPrintLabelsAutoName" name="test_upload_label_returns_display_name_field" time="0.776" /><testcase classname="backend.tests.test_print_labels_autoname.TestPrintLabelsAutoName" name="test_upload_label_with_ship_to_text_extracts_name" time="0.519" /><testcase classname="backend.tests.test_print_labels_autoname.TestPrintLabelsAutoName" name="test_list_labels_returns_display_name_field" time="0.198" /><testcase classname="backend.tests.test_print_labels_autoname.TestPrintLabelsAutoName" name="test_list_labels_display_name_or_filename_fallback" time="0.179" /><testcase classname="backend.tests.test_print_labels_autoname.TestPrintLabelsAutoName" name="test_label_has_required_fields_for_print" time="0.190" /><testcase classname="backend.tests.test_print_labels_autoname.TestPrintLabelsAutoName" name="test_label_file_endpoint_accessible" time="0.631" /><testcase classname="backend.tests.test_print_labels_autoname.TestPrintLabelsAutoName" name="test_label_preview_endpoint_accessible" time="0.546" /><testcase classname="backend.tests.test_print_labels_autoname.TestExtractRecipientNameLogic" name="test_extract_name_from_ship_to_section" time="0.743" /><testcase classname="backend.tests.test_print_labels_autoname.TestExtractRecipientNameLogic" name="test_extract_name_from_deliver_to_section" time="0.000" /><testcase classname="backend.tests.test_print_labels_autoname.TestExtractRecipientNameLogic" name="test_extract_name_with_colon_on_same_line" time="0.000" /><testcase classname="backend.tests.test_print_labels_autoname.TestExtractRecipientNameLogic" name="test_extract_name_skips_addresses" time="0.000" /><testcase classname="backend.tests.test_print_labels_autoname.TestExtractRecipientNameLogic" name="test_extract_name_empty_text" time="0.000" /><testcase classname="backend.tests.test_print_labels_autoname.TestExtractRecipientNameLogic" name="test_looks_like_name_function" time="0.000" /><testcase classname="backend.tests.test_print_labels_autoname.TestExistingLabelsHaveDisplayName" name="test_existing_labels_count" time="0.197" /><testcase classname="backend.tests.test_print_labels_autoname.TestExistingLabelsHaveDisplayName" name="test_existing_labels_have_display_name_field" time="0.203" /></testsuite></testsuites>