<?xml version="1.0" encoding="utf-8"?><testsuites name="pytest tests"><testsuite name="pytest" errors="0" failures="0" skipped="0" tests="17" time="16.828" timestamp="2026-09-10T23:41:09.112122+00:00" hostname="agent-env-56aea438-0d29-4fa4-9b99-e932ee1237a3"><testcase classname="backend.tests.test_pull_list.TestPullListEndpoints" name="test_get_pull_list_returns_sold_items" time="1.016" /><testcase classname="backend.tests.test_pull_list.TestPullListEndpoints" name="test_pull_list_groups_by_row_letter" time="0.905" /><testcase classname="backend.tests.test_pull_list.TestPullListEndpoints" name="test_pull_list_natural_sku_sorting" time="0.959" /><testcase classname="backend.tests.test_pull_list.TestPullListEndpoints" name="test_pull_list_date_filter_all" time="0.930" /><testcase classname="backend.tests.test_pull_list.TestPullListEndpoints" name="test_pull_list_date_filter_today" time="0.123" /><testcase classname="backend.tests.test_pull_list.TestPullListEndpoints" name="test_pull_list_date_filter_week" time="0.124" /><testcase classname="backend.tests.test_pull_list.TestPullListEndpoints" name="test_pull_list_date_filter_two_weeks" time="0.168" /><testcase classname="backend.tests.test_pull_list.TestPullListEndpoints" name="test_pull_list_show_pulled_false" time="0.846" /><testcase classname="backend.tests.test_pull_list.TestPullListEndpoints" name="test_pull_list_show_pulled_true" time="0.990" /><testcase classname="backend.tests.test_pull_list.TestPullListEndpoints" name="test_mark_items_pulled" time="2.116" /><testcase classname="backend.tests.test_pull_list.TestPullListEndpoints" name="test_reset_pulled_items" time="2.107" /><testcase classname="backend.tests.test_pull_list.TestPullListEndpoints" name="test_mark_all_pulled" time="0.211" /><testcase classname="backend.tests.test_pull_list.TestPullListEndpoints" name="test_bulk_mark_pulled" time="1.206" /><testcase classname="backend.tests.test_pull_list.TestPullListEndpoints" name="test_pull_list_item_structure" time="0.903" /><testcase classname="backend.tests.test_pull_list.TestPullListEndpoints" name="test_pull_list_empty_item_ids" time="0.147" /><testcase classname="backend.tests.test_pull_list.TestPullListEndpoints" name="test_pull_list_invalid_item_id" time="0.156" /><testcase classname="backend.tests.test_pull_list.TestPullListIntegration" name="test_full_pull_workflow" time="3.871" /></testsuite></testsuites>