<?xml version="1.0" encoding="utf-8"?><testsuites name="pytest tests"><testsuite name="pytest" errors="0" failures="0" skipped="0" tests="11" time="5.428" timestamp="2026-09-11T23:23:57.682673+00:00" hostname="agent-env-56aea438-0d29-4fa4-9b99-e932ee1237a3"><testcase classname="backend.tests.test_order_assignment_preview.TestOrderAssignmentPreview" name="test_admin_login_success" time="0.684" /><testcase classname="backend.tests.test_order_assignment_preview.TestOrderAssignmentPreview" name="test_preview_count_basic" time="0.405" /><testcase classname="backend.tests.test_order_assignment_preview.TestOrderAssignmentPreview" name="test_preview_count_with_label_ids" time="0.557" /><testcase classname="backend.tests.test_order_assignment_preview.TestOrderAssignmentPreview" name="test_preview_count_future_dates_returns_zero" time="0.454" /><testcase classname="backend.tests.test_order_assignment_preview.TestOrderAssignmentPreview" name="test_list_labels" time="0.406" /><testcase classname="backend.tests.test_order_assignment_preview.TestOrderAssignmentPreview" name="test_list_employees" time="0.382" /><testcase classname="backend.tests.test_order_assignment_preview.TestOrderAssignmentPreview" name="test_assign_orders_creates_assignment" time="0.813" /><testcase classname="backend.tests.test_order_assignment_preview.TestOrderAssignmentPreview" name="test_list_assignments" time="0.427" /><testcase classname="backend.tests.test_order_assignment_preview.TestOrderAssignmentPreview" name="test_employee_my_assignment" time="0.393" /><testcase classname="backend.tests.test_order_assignment_preview.TestOrderAssignmentPreview" name="test_preview_count_requires_auth" time="0.393" /><testcase classname="backend.tests.test_order_assignment_preview.TestOrderAssignmentPreview" name="test_assign_requires_auth" time="0.462" /></testsuite></testsuites>