<?xml version="1.0" encoding="utf-8"?><testsuites name="pytest tests"><testsuite name="pytest" errors="0" failures="0" skipped="0" tests="21" time="6.075" timestamp="2026-09-01T23:55:39.545172+00:00" hostname="agent-env-56aea438-0d29-4fa4-9b99-e932ee1237a3"><testcase classname="backend.tests.test_remote_sessions.TestListSessions" name="test_list_sessions_no_auth" time="0.409" /><testcase classname="backend.tests.test_remote_sessions.TestListSessions" name="test_list_sessions_with_auth" time="0.379" /><testcase classname="backend.tests.test_remote_sessions.TestListSessions" name="test_list_sessions_date_filter" time="0.329" /><testcase classname="backend.tests.test_remote_sessions.TestListSessions" name="test_list_sessions_month_filter" time="0.373" /><testcase classname="backend.tests.test_remote_sessions.TestListAlerts" name="test_list_alerts_no_auth" time="0.178" /><testcase classname="backend.tests.test_remote_sessions.TestListAlerts" name="test_list_alerts_with_auth" time="0.214" /><testcase classname="backend.tests.test_remote_sessions.TestListAlerts" name="test_list_alerts_date_filter" time="0.158" /><testcase classname="backend.tests.test_remote_sessions.TestExportCSV" name="test_export_no_auth" time="0.162" /><testcase classname="backend.tests.test_remote_sessions.TestExportCSV" name="test_export_csv_with_auth" time="0.256" /><testcase classname="backend.tests.test_remote_sessions.TestExportCSV" name="test_export_csv_with_date_filter" time="0.442" /><testcase classname="backend.tests.test_remote_sessions.TestLogEndpoint" name="test_log_no_watcher_key" time="0.191" /><testcase classname="backend.tests.test_remote_sessions.TestLogEndpoint" name="test_log_invalid_watcher_key" time="0.166" /><testcase classname="backend.tests.test_remote_sessions.TestLogEndpoint" name="test_log_session_start" time="0.212" /><testcase classname="backend.tests.test_remote_sessions.TestLogEndpoint" name="test_log_session_end" time="0.377" /><testcase classname="backend.tests.test_remote_sessions.TestLogEndpoint" name="test_log_historical_event_skips_notification" time="0.131" /><testcase classname="backend.tests.test_remote_sessions.TestWorkerMapping" name="test_map_no_auth" time="0.184" /><testcase classname="backend.tests.test_remote_sessions.TestWorkerMapping" name="test_map_worker" time="0.281" /><testcase classname="backend.tests.test_remote_sessions.TestWorkerMapping" name="test_map_worker_updates_existing" time="0.434" /><testcase classname="backend.tests.test_remote_sessions.TestCrossCheck" name="test_cross_check_no_auth" time="0.215" /><testcase classname="backend.tests.test_remote_sessions.TestCrossCheck" name="test_cross_check_with_auth" time="0.212" /><testcase classname="backend.tests.test_remote_sessions.TestSessionWithTimeEntry" name="test_session_includes_time_entry" time="0.484" /></testsuite></testsuites>