<?xml version="1.0" encoding="utf-8"?><testsuites name="pytest tests"><testsuite name="pytest" errors="0" failures="0" skipped="0" tests="16" time="8.473" timestamp="2026-09-13T16:26:40.510593+00:00" hostname="agent-env-56aea438-0d29-4fa4-9b99-e932ee1237a3"><testcase classname="backend.tests.test_training_content.TestTrainingContentAPI" name="test_get_training_content_as_admin" time="0.296" /><testcase classname="backend.tests.test_training_content.TestTrainingContentAPI" name="test_get_training_content_as_employee" time="0.287" /><testcase classname="backend.tests.test_training_content.TestTrainingContentAPI" name="test_update_training_content_photography" time="0.577" /><testcase classname="backend.tests.test_training_content.TestTrainingContentAPI" name="test_update_training_content_listing" time="0.631" /><testcase classname="backend.tests.test_training_content.TestTrainingContentAPI" name="test_update_training_content_invalid_type" time="0.147" /><testcase classname="backend.tests.test_training_content.TestTrainingContentAPI" name="test_update_training_content_unauthorized" time="0.135" /><testcase classname="backend.tests.test_training_content.TestTrainingContentAPI" name="test_ai_cleanup_section" time="4.467" /><testcase classname="backend.tests.test_training_content.TestTrainingContentAPI" name="test_ai_cleanup_unauthorized" time="0.150" /><testcase classname="backend.tests.test_training_content.TestTrainingAssignmentsAPI" name="test_list_employees_for_assignment" time="0.174" /><testcase classname="backend.tests.test_training_content.TestTrainingAssignmentsAPI" name="test_list_assignments_admin" time="0.146" /><testcase classname="backend.tests.test_training_content.TestTrainingAssignmentsAPI" name="test_my_assignments_employee" time="0.109" /><testcase classname="backend.tests.test_training_content.TestTrainingAssignmentsAPI" name="test_assign_and_remove_training" time="0.770" /><testcase classname="backend.tests.test_training_content.TestTrainingAssignmentsAPI" name="test_assign_training_invalid_employee" time="0.143" /><testcase classname="backend.tests.test_training_content.TestTrainingAssignmentsAPI" name="test_remove_nonexistent_assignment" time="0.138" /><testcase classname="backend.tests.test_training_content.TestTrainingAssignmentsAPI" name="test_list_assignments_unauthorized" time="0.136" /><testcase classname="backend.tests.test_training_content.TestTrainingAssignmentsAPI" name="test_assign_training_unauthorized" time="0.120" /></testsuite></testsuites>