<?xml version="1.0" encoding="utf-8"?><testsuites name="pytest tests"><testsuite name="pytest" errors="0" failures="0" skipped="5" tests="37" time="22.887" timestamp="2026-09-07T00:29:07.025733+00:00" hostname="agent-env-56aea438-0d29-4fa4-9b99-e932ee1237a3"><testcase classname="backend.tests.test_ai_assistant.TestAIAssistantAuth" name="test_conversations_requires_auth" time="0.396" /><testcase classname="backend.tests.test_ai_assistant.TestAIAssistantAuth" name="test_create_conversation_requires_auth" time="0.387" /><testcase classname="backend.tests.test_ai_assistant.TestAIAssistantAuth" name="test_upload_image_requires_auth" time="0.341" /><testcase classname="backend.tests.test_ai_assistant.TestConversationCRUD" name="test_create_conversation_default_title" time="0.376" /><testcase classname="backend.tests.test_ai_assistant.TestConversationCRUD" name="test_create_conversation_custom_title" time="0.378" /><testcase classname="backend.tests.test_ai_assistant.TestConversationCRUD" name="test_list_conversations" time="0.580" /><testcase classname="backend.tests.test_ai_assistant.TestConversationCRUD" name="test_get_conversation_by_id" time="0.541" /><testcase classname="backend.tests.test_ai_assistant.TestConversationCRUD" name="test_get_nonexistent_conversation" time="0.247" /><testcase classname="backend.tests.test_ai_assistant.TestConversationCRUD" name="test_delete_conversation" time="0.541" /><testcase classname="backend.tests.test_ai_assistant.TestConversationCRUD" name="test_delete_nonexistent_conversation" time="0.291" /><testcase classname="backend.tests.test_ai_assistant.TestImageUpload" name="test_upload_jpeg_image" time="0.419" /><testcase classname="backend.tests.test_ai_assistant.TestImageUpload" name="test_upload_png_image" time="0.408" /><testcase classname="backend.tests.test_ai_assistant.TestImageUpload" name="test_upload_webp_image" time="0.421" /><testcase classname="backend.tests.test_ai_assistant.TestImageUpload" name="test_reject_non_image_file" time="0.265" /><testcase classname="backend.tests.test_ai_assistant.TestImageUpload" name="test_reject_gif_file" time="0.306" /><testcase classname="backend.tests.test_ai_assistant.TestImageUpload" name="test_reject_oversized_file" time="0.778" /><testcase classname="backend.tests.test_ai_assistant.TestImageUpload" name="test_get_uploaded_image" time="0.656" /><testcase classname="backend.tests.test_ai_assistant.TestImageUpload" name="test_get_nonexistent_image" time="0.253" /><testcase classname="backend.tests.test_ai_assistant.TestMessageStreaming" name="test_send_message_returns_sse_stream" time="4.272" /><testcase classname="backend.tests.test_ai_assistant.TestMessageStreaming" name="test_message_persisted_in_conversation" time="3.825" /><testcase classname="backend.tests.test_ai_assistant.TestMessageStreaming" name="test_send_message_to_nonexistent_conversation" time="0.482" /><testcase classname="backend.tests.test_ai_assistant.TestSavedPromptsCRUD" name="test_create_prompt" time="0.369" /><testcase classname="backend.tests.test_ai_assistant.TestSavedPromptsCRUD" name="test_create_prompt_requires_label_and_text" time="0.573" /><testcase classname="backend.tests.test_ai_assistant.TestSavedPromptsCRUD" name="test_list_prompts" time="0.501" /><testcase classname="backend.tests.test_ai_assistant.TestSavedPromptsCRUD" name="test_update_prompt_label" time="0.652" /><testcase classname="backend.tests.test_ai_assistant.TestSavedPromptsCRUD" name="test_update_prompt_text" time="0.708" /><testcase classname="backend.tests.test_ai_assistant.TestSavedPromptsCRUD" name="test_update_prompt_both_fields" time="0.662" /><testcase classname="backend.tests.test_ai_assistant.TestSavedPromptsCRUD" name="test_update_nonexistent_prompt" time="0.252" /><testcase classname="backend.tests.test_ai_assistant.TestSavedPromptsCRUD" name="test_update_prompt_empty_body" time="0.516" /><testcase classname="backend.tests.test_ai_assistant.TestSavedPromptsCRUD" name="test_delete_prompt" time="0.486" /><testcase classname="backend.tests.test_ai_assistant.TestSavedPromptsCRUD" name="test_delete_nonexistent_prompt" time="0.286" /><testcase classname="backend.tests.test_ai_assistant.TestSavedPromptsCRUD" name="test_prompts_require_auth" time="0.366" /><testcase classname="backend.tests.test_ai_assistant.TestPromptsScoping" name="test_user_cannot_see_other_users_prompts" time="0.252"><skipped type="pytest.skip" message="Admin token not available for cross-user test">/app/backend/tests/test_ai_assistant.py:783: Admin token not available for cross-user test</skipped></testcase><testcase classname="backend.tests.test_ai_assistant.TestPromptsScoping" name="test_user_cannot_update_other_users_prompt" time="0.277"><skipped type="pytest.skip" message="Admin token not available for cross-user test">/app/backend/tests/test_ai_assistant.py:807: Admin token not available for cross-user test</skipped></testcase><testcase classname="backend.tests.test_ai_assistant.TestPromptsScoping" name="test_user_cannot_delete_other_users_prompt" time="0.295"><skipped type="pytest.skip" message="Admin token not available for cross-user test">/app/backend/tests/test_ai_assistant.py:831: Admin token not available for cross-user test</skipped></testcase><testcase classname="backend.tests.test_ai_assistant.TestConversationScoping" name="test_user_cannot_access_other_users_conversation" time="0.253"><skipped type="pytest.skip" message="Admin token not available for cross-user test">/app/backend/tests/test_ai_assistant.py:902: Admin token not available for cross-user test</skipped></testcase><testcase classname="backend.tests.test_ai_assistant.TestConversationScoping" name="test_user_cannot_delete_other_users_conversation" time="0.236"><skipped type="pytest.skip" message="Admin token not available for cross-user test">/app/backend/tests/test_ai_assistant.py:925: Admin token not available for cross-user test</skipped></testcase></testsuite></testsuites>