<?xml version="1.0" encoding="utf-8"?><testsuites name="pytest tests"><testsuite name="pytest" errors="0" failures="1" skipped="1" tests="11" time="2.511" timestamp="2026-08-19T23:31:09.581749+00:00" hostname="agent-env-56aea438-0d29-4fa4-9b99-e932ee1237a3"><testcase classname="backend.tests.test_employee_terminations.TestTerminationHistory" name="test_get_termination_history" time="0.420" /><testcase classname="backend.tests.test_employee_terminations.TestTerminationHistory" name="test_termination_history_requires_auth" time="0.123" /><testcase classname="backend.tests.test_employee_terminations.TestTerminationEndpoints" name="test_terminate_nonexistent_employee" time="0.236" /><testcase classname="backend.tests.test_employee_terminations.TestTerminationEndpoints" name="test_cannot_terminate_owner" time="0.237"><skipped type="pytest.skip" message="Owner not found in employees list">/app/backend/tests/test_employee_terminations.py:84: Owner not found in employees list</skipped></testcase><testcase classname="backend.tests.test_employee_terminations.TestTerminationEndpoints" name="test_get_nonexistent_termination_detail" time="0.244" /><testcase classname="backend.tests.test_employee_terminations.TestTerminationEndpoints" name="test_delete_nonexistent_termination" time="0.210" /><testcase classname="backend.tests.test_employee_terminations.TestInterviewResponsePublicEndpoint" name="test_invalid_token_returns_404" time="0.128" /><testcase classname="backend.tests.test_employee_terminations.TestInterviewResponsePublicEndpoint" name="test_submit_with_invalid_token_returns_404" time="0.103" /><testcase classname="backend.tests.test_employee_terminations.TestApplicantTestsEndpoints" name="test_list_tests" time="0.292" /><testcase classname="backend.tests.test_employee_terminations.TestApplicantTestsEndpoints" name="test_get_default_fields" time="0.248" /><testcase classname="backend.tests.test_employee_terminations.TestInterviewInboxBug" name="test_interview_inbox_route_bug" time="0.237"><failure message="Failed: BUG: /interview-inbox route is being matched as /{test_id}. The route needs to be moved BEFORE the /{test_id} route in applicant_tests.py">backend/tests/test_employee_terminations.py:183: in test_interview_inbox_route_bug
    pytest.fail(
E   Failed: BUG: /interview-inbox route is being matched as /{test_id}. The route needs to be moved BEFORE the /{test_id} route in applicant_tests.py</failure></testcase></testsuite></testsuites>