<?xml version="1.0" encoding="utf-8"?><testsuites name="pytest tests"><testsuite name="pytest" errors="0" failures="0" skipped="0" tests="14" time="6.136" timestamp="2026-09-11T21:29:20.918374+00:00" hostname="agent-env-56aea438-0d29-4fa4-9b99-e932ee1237a3"><testcase classname="backend.tests.test_multipage_preview_download.TestMultiPagePreview" name="test_documents_have_page_count" time="0.612" /><testcase classname="backend.tests.test_multipage_preview_download.TestMultiPagePreview" name="test_preview_page_0" time="0.656" /><testcase classname="backend.tests.test_multipage_preview_download.TestMultiPagePreview" name="test_preview_page_1" time="0.534" /><testcase classname="backend.tests.test_multipage_preview_download.TestMultiPagePreview" name="test_preview_last_page" time="0.461" /><testcase classname="backend.tests.test_multipage_preview_download.TestMultiPagePreview" name="test_preview_out_of_range_page" time="0.333" /><testcase classname="backend.tests.test_multipage_preview_download.TestMultiPagePreview" name="test_preview_negative_page" time="0.410" /><testcase classname="backend.tests.test_multipage_preview_download.TestMultiPagePreview" name="test_preview_default_page_is_0" time="0.897" /><testcase classname="backend.tests.test_multipage_preview_download.TestDownloadWithAttachment" name="test_download_has_attachment_header" time="0.736" /><testcase classname="backend.tests.test_multipage_preview_download.TestDownloadWithAttachment" name="test_download_returns_file_content" time="0.456" /><testcase classname="backend.tests.test_multipage_preview_download.TestDownloadWithAttachment" name="test_download_requires_token" time="0.186" /><testcase classname="backend.tests.test_multipage_preview_download.TestDownloadWithAttachment" name="test_download_invalid_token" time="0.139" /><testcase classname="backend.tests.test_multipage_preview_download.TestDownloadWithAttachment" name="test_download_nonexistent_document" time="0.240" /><testcase classname="backend.tests.test_multipage_preview_download.TestPageCountInDocumentList" name="test_list_includes_page_count" time="0.294" /><testcase classname="backend.tests.test_multipage_preview_download.TestPageCountInDocumentList" name="test_multi_page_documents_exist" time="0.146" /></testsuite></testsuites>