<?xml version="1.0" encoding="utf-8"?><testsuites name="pytest tests"><testsuite name="pytest" errors="0" failures="0" skipped="0" tests="13" time="4.258" timestamp="2026-09-02T01:38:00.068974+00:00" hostname="agent-env-56aea438-0d29-4fa4-9b99-e932ee1237a3"><testcase classname="backend.tests.test_anydesk_block_disconnect.TestBlocklistCRUD" name="test_block_anydesk_id" time="0.331" /><testcase classname="backend.tests.test_anydesk_block_disconnect.TestBlocklistCRUD" name="test_get_blocklist" time="0.141" /><testcase classname="backend.tests.test_anydesk_block_disconnect.TestBlocklistCRUD" name="test_unblock_anydesk_id" time="0.445" /><testcase classname="backend.tests.test_anydesk_block_disconnect.TestBlocklistCRUD" name="test_unblock_nonexistent_returns_404" time="0.186" /><testcase classname="backend.tests.test_anydesk_block_disconnect.TestDisconnectCommand" name="test_disconnect_queues_command" time="0.169" /><testcase classname="backend.tests.test_anydesk_block_disconnect.TestWatcherCommands" name="test_watcher_commands_requires_auth" time="0.146" /><testcase classname="backend.tests.test_anydesk_block_disconnect.TestWatcherCommands" name="test_watcher_commands_returns_pending" time="0.283" /><testcase classname="backend.tests.test_anydesk_block_disconnect.TestWatcherCommands" name="test_watcher_ack_command" time="0.585" /><testcase classname="backend.tests.test_anydesk_block_disconnect.TestUnreadCount" name="test_unread_count_returns_counts" time="0.146" /><testcase classname="backend.tests.test_anydesk_block_disconnect.TestBlockedConnectionAlert" name="test_blocked_id_session_start_creates_alert" time="0.685" /><testcase classname="backend.tests.test_anydesk_block_disconnect.TestUnmappedConnectionAlert" name="test_unmapped_id_session_start_creates_alert" time="0.292" /><testcase classname="backend.tests.test_anydesk_block_disconnect.TestUnmappedConnectionAlert" name="test_unmapped_alert_dedup_1_hour" time="0.461" /><testcase classname="backend.tests.test_anydesk_block_disconnect.TestCleanup" name="test_cleanup_test_blocklist" time="0.339" /></testsuite></testsuites>