<?xml version="1.0" encoding="utf-8"?><testsuites name="pytest tests"><testsuite name="pytest" errors="0" failures="0" skipped="0" tests="7" time="2.181" timestamp="2026-09-12T15:34:08.414482+00:00" hostname="agent-env-56aea438-0d29-4fa4-9b99-e932ee1237a3"><testcase classname="backend.tests.test_per_shift_rate.TestPerShiftRateEditing" name="test_get_time_entries_returns_hourly_rate_field" time="0.406" /><testcase classname="backend.tests.test_per_shift_rate.TestPerShiftRateEditing" name="test_update_time_entry_hourly_rate" time="0.604" /><testcase classname="backend.tests.test_per_shift_rate.TestPerShiftRateEditing" name="test_payroll_report_uses_per_shift_rates" time="0.126" /><testcase classname="backend.tests.test_per_shift_rate.TestPerShiftRateEditing" name="test_payroll_summary_uses_per_shift_rates" time="0.122" /><testcase classname="backend.tests.test_per_shift_rate.TestPerShiftRateEditing" name="test_employee_payroll_history_uses_per_shift_rates" time="0.302" /><testcase classname="backend.tests.test_per_shift_rate.TestTimeEntryModelValidation" name="test_update_with_only_hourly_rate" time="0.294" /><testcase classname="backend.tests.test_per_shift_rate.TestTimeEntryModelValidation" name="test_update_hourly_rate_with_times" time="0.296" /></testsuite></testsuites>