<?xml version="1.0" encoding="utf-8"?><testsuites name="pytest tests"><testsuite name="pytest" errors="0" failures="0" skipped="0" tests="9" time="4.769" timestamp="2026-09-12T01:22:18.951439+00:00" hostname="agent-env-56aea438-0d29-4fa4-9b99-e932ee1237a3"><testcase classname="tests.test_label_auth_header_fix.TestLabelAuthHeaderFix" name="test_preview_with_authorization_header" time="0.627" /><testcase classname="tests.test_label_auth_header_fix.TestLabelAuthHeaderFix" name="test_preview_with_query_param_token" time="0.404" /><testcase classname="tests.test_label_auth_header_fix.TestLabelAuthHeaderFix" name="test_preview_with_no_auth_returns_401" time="0.128" /><testcase classname="tests.test_label_auth_header_fix.TestLabelAuthHeaderFix" name="test_preview_with_null_token_returns_401" time="0.161" /><testcase classname="tests.test_label_auth_header_fix.TestLabelAuthHeaderFix" name="test_file_with_authorization_header" time="0.376" /><testcase classname="tests.test_label_auth_header_fix.TestLabelAuthHeaderFix" name="test_file_with_query_param_token" time="0.324" /><testcase classname="tests.test_label_auth_header_fix.TestLabelAuthHeaderFix" name="test_file_with_no_auth_returns_401" time="0.140" /><testcase classname="tests.test_label_auth_header_fix.TestLabelAuthHeaderFix" name="test_all_5_labels_load_with_auth_header" time="1.900" /><testcase classname="tests.test_label_auth_header_fix.TestLabelAuthHeaderFix" name="test_both_auth_methods_return_same_data" time="0.690" /></testsuite></testsuites>