<?xml version="1.0" encoding="utf-8"?><testsuites name="pytest tests"><testsuite name="pytest" errors="0" failures="0" skipped="0" tests="17" time="6.692" timestamp="2026-09-11T03:19:59.593740+00:00" hostname="agent-env-56aea438-0d29-4fa4-9b99-e932ee1237a3"><testcase classname="tests.test_orders_labels.TestOrdersLabelsAPI" name="test_labels_list_requires_auth" time="0.188" /><testcase classname="tests.test_orders_labels.TestOrdersLabelsAPI" name="test_labels_list_as_admin" time="0.293" /><testcase classname="tests.test_orders_labels.TestOrdersLabelsAPI" name="test_label_upload_requires_auth" time="0.134" /><testcase classname="tests.test_orders_labels.TestOrdersLabelsAPI" name="test_label_upload_as_admin" time="0.734" /><testcase classname="tests.test_orders_labels.TestOrdersLabelsAPI" name="test_label_upload_image" time="0.663" /><testcase classname="tests.test_orders_labels.TestOrdersLabelsAPI" name="test_label_delete" time="0.503" /><testcase classname="tests.test_orders_labels.TestOrdersLabelsAPI" name="test_label_file_access_requires_token" time="0.151" /><testcase classname="tests.test_orders_labels.TestOrdersLabelsAPI" name="test_assignments_list_requires_auth" time="0.116" /><testcase classname="tests.test_orders_labels.TestOrdersLabelsAPI" name="test_assignments_list_as_admin" time="0.201" /><testcase classname="tests.test_orders_labels.TestOrdersLabelsAPI" name="test_assign_orders_requires_auth" time="0.142" /><testcase classname="tests.test_orders_labels.TestOrdersLabelsAPI" name="test_assign_orders_to_employee" time="1.081" /><testcase classname="tests.test_orders_labels.TestOrdersLabelsAPI" name="test_cancel_assignment" time="0.393" /><testcase classname="tests.test_orders_labels.TestOrdersLabelsAPI" name="test_employee_my_assignment_no_auth" time="0.137" /><testcase classname="tests.test_orders_labels.TestOrdersLabelsAPI" name="test_employee_my_assignment_no_active" time="0.349" /><testcase classname="tests.test_orders_labels.TestOrdersLabelsAPI" name="test_employee_my_assignment_with_active" time="0.576" /><testcase classname="tests.test_orders_labels.TestOrdersLabelsAPI" name="test_employee_complete_assignment" time="0.408" /><testcase classname="tests.test_orders_labels.TestOrdersLabelsAPI" name="test_duplicate_assignment_rejected" time="0.565" /></testsuite></testsuites>