<?xml version="1.0" encoding="utf-8"?><testsuites name="pytest tests"><testsuite name="pytest" errors="0" failures="0" skipped="0" tests="8" time="2.016" timestamp="2026-09-06T04:56:02.835002+00:00" hostname="agent-env-56aea438-0d29-4fa4-9b99-e932ee1237a3"><testcase classname="backend.tests.test_host_addresses.TestHostAddressesAPI" name="test_get_host_addresses_requires_auth" time="0.255" /><testcase classname="backend.tests.test_host_addresses.TestHostAddressesAPI" name="test_post_host_addresses_requires_auth" time="0.232" /><testcase classname="backend.tests.test_host_addresses.TestHostAddressesAPI" name="test_get_host_addresses_initially_empty" time="0.268" /><testcase classname="backend.tests.test_host_addresses.TestHostAddressesAPI" name="test_post_host_address_saves_and_returns" time="0.225" /><testcase classname="backend.tests.test_host_addresses.TestHostAddressesAPI" name="test_get_host_addresses_returns_saved" time="0.313" /><testcase classname="backend.tests.test_host_addresses.TestHostAddressesAPI" name="test_post_empty_array_clears_addresses" time="0.353" /><testcase classname="backend.tests.test_host_addresses.TestHostAddressesAPI" name="test_post_strips_whitespace" time="0.179" /><testcase classname="backend.tests.test_host_addresses.TestHostAddressesAPI" name="test_post_filters_empty_addresses" time="0.172" /></testsuite></testsuites>