<?xml version="1.0" encoding="utf-8"?><testsuites name="pytest tests"><testsuite name="pytest" errors="0" failures="0" skipped="0" tests="8" time="3.233" timestamp="2026-09-12T16:17:03.141217+00:00" hostname="agent-env-56aea438-0d29-4fa4-9b99-e932ee1237a3"><testcase classname="backend.tests.test_employee_rate_breakdown.TestEmployeeRateBreakdown" name="test_time_summary_returns_rate_breakdown_field" time="0.465" /><testcase classname="backend.tests.test_employee_rate_breakdown.TestEmployeeRateBreakdown" name="test_time_summary_returns_has_multiple_rates_field" time="0.387" /><testcase classname="backend.tests.test_employee_rate_breakdown.TestEmployeeRateBreakdown" name="test_multiple_rates_employee_has_correct_breakdown" time="0.431" /><testcase classname="backend.tests.test_employee_rate_breakdown.TestEmployeeRateBreakdown" name="test_single_rate_employee_has_correct_breakdown" time="0.359" /><testcase classname="backend.tests.test_employee_rate_breakdown.TestEmployeeRateBreakdown" name="test_rate_breakdown_subtotals_sum_to_estimated_pay" time="0.362" /><testcase classname="backend.tests.test_employee_rate_breakdown.TestEmployeeRateBreakdown" name="test_time_entries_have_hourly_rate_field" time="0.437" /><testcase classname="backend.tests.test_employee_rate_breakdown.TestEmployeeRateBreakdown" name="test_rate_breakdown_structure" time="0.478" /><testcase classname="backend.tests.test_employee_rate_breakdown.TestAdminPayrollRateBreakdown" name="test_payroll_summary_has_rate_breakdown" time="0.281" /></testsuite></testsuites>