<?xml version="1.0" encoding="utf-8"?><testsuites name="pytest tests"><testsuite name="pytest" errors="0" failures="0" skipped="0" tests="18" time="5.966" timestamp="2026-09-11T21:00:06.208451+00:00" hostname="agent-env-56aea438-0d29-4fa4-9b99-e932ee1237a3"><testcase classname="backend.tests.test_business_documents.TestDocumentsAuth" name="test_documents_list_requires_admin" time="0.486" /><testcase classname="backend.tests.test_business_documents.TestDocumentsAuth" name="test_documents_folders_requires_admin" time="0.156" /><testcase classname="backend.tests.test_business_documents.TestDocumentsAuth" name="test_documents_tags_requires_admin" time="0.182" /><testcase classname="backend.tests.test_business_documents.TestDocumentsCRUD" name="test_list_documents" time="0.408" /><testcase classname="backend.tests.test_business_documents.TestDocumentsCRUD" name="test_list_folders" time="0.263" /><testcase classname="backend.tests.test_business_documents.TestDocumentsCRUD" name="test_list_tags" time="0.167" /><testcase classname="backend.tests.test_business_documents.TestDocumentsCRUD" name="test_upload_document" time="0.441" /><testcase classname="backend.tests.test_business_documents.TestDocumentsCRUD" name="test_search_documents" time="0.146" /><testcase classname="backend.tests.test_business_documents.TestDocumentsCRUD" name="test_filter_by_folder" time="0.183" /><testcase classname="backend.tests.test_business_documents.TestDocumentsCRUD" name="test_filter_by_tag" time="0.142" /><testcase classname="backend.tests.test_business_documents.TestDocumentUpdateDelete" name="test_update_document" time="1.028" /><testcase classname="backend.tests.test_business_documents.TestDocumentUpdateDelete" name="test_delete_document" time="0.396" /><testcase classname="backend.tests.test_business_documents.TestDocumentUpdateDelete" name="test_delete_nonexistent_document" time="0.172" /><testcase classname="backend.tests.test_business_documents.TestDocumentUpdateDelete" name="test_update_nonexistent_document" time="0.184" /><testcase classname="backend.tests.test_business_documents.TestDocumentFileAccess" name="test_file_access_requires_token" time="0.160" /><testcase classname="backend.tests.test_business_documents.TestDocumentFileAccess" name="test_preview_access_requires_token" time="0.212" /><testcase classname="backend.tests.test_business_documents.TestDocumentFileAccess" name="test_file_access_with_token" time="0.687" /><testcase classname="backend.tests.test_business_documents.TestCleanup" name="test_cleanup_test_documents" time="0.499" /></testsuite></testsuites>