<?xml version="1.0" encoding="utf-8"?><testsuites name="pytest tests"><testsuite name="pytest" errors="0" failures="0" skipped="0" tests="7" time="2.199" timestamp="2026-05-07T23:14:52.097918+00:00" hostname="agent-env-56aea438-0d29-4fa4-9b99-e932ee1237a3"><testcase classname="tests.test_interview_invite.TestInterviewInviteAPI" name="test_send_invite_with_single_slot" time="0.736" /><testcase classname="tests.test_interview_invite.TestInterviewInviteAPI" name="test_send_invite_with_multiple_slots" time="0.328" /><testcase classname="tests.test_interview_invite.TestInterviewInviteAPI" name="test_invite_updates_application_record" time="0.437" /><testcase classname="tests.test_interview_invite.TestInterviewInviteAPI" name="test_invite_with_invalid_submission_id" time="0.118" /><testcase classname="tests.test_interview_invite.TestInterviewInviteAPI" name="test_invite_without_auth_fails" time="0.132" /><testcase classname="tests.test_interview_invite.TestInterviewInviteAPI" name="test_invite_with_empty_slots" time="0.313" /><testcase classname="tests.test_interview_invite.TestEmailServiceIntegration" name="test_email_service_status" time="0.120" /></testsuite></testsuites>