<?xml version="1.0" encoding="utf-8"?><testsuites name="pytest tests"><testsuite name="pytest" errors="0" failures="0" skipped="0" tests="6" time="34.772" timestamp="2026-09-12T00:04:37.432822+00:00" hostname="agent-env-56aea438-0d29-4fa4-9b99-e932ee1237a3"><testcase classname="tests.test_label_preview_multiexpand.TestLabelPreviewAPI" name="test_employee_has_active_assignment" time="0.385" /><testcase classname="tests.test_label_preview_multiexpand.TestLabelPreviewAPI" name="test_label_preview_returns_png" time="0.645" /><testcase classname="tests.test_label_preview_multiexpand.TestLabelPreviewAPI" name="test_multiple_label_previews_simultaneously" time="33.147" /><testcase classname="tests.test_label_preview_multiexpand.TestLabelPreviewAPI" name="test_label_preview_requires_token" time="0.268" /><testcase classname="tests.test_label_preview_multiexpand.TestLabelPreviewAPI" name="test_label_preview_invalid_id" time="0.141" /><testcase classname="tests.test_label_preview_multiexpand.TestLabelPreviewAPI" name="test_employee_assignment_has_label_details" time="0.169" /></testsuite></testsuites>