<?xml version="1.0" encoding="utf-8"?><testsuites name="pytest tests"><testsuite name="pytest" errors="0" failures="0" skipped="0" tests="36" time="14.901" timestamp="2026-03-31T00:52:51.219966+00:00" hostname="agent-env-56aea438-0d29-4fa4-9b99-e932ee1237a3"><testcase classname="backend.tests.test_financials_api.TestFinancialsIncomeAPI" name="test_get_income_empty_year" time="0.132" /><testcase classname="backend.tests.test_financials_api.TestFinancialsIncomeAPI" name="test_create_1099_income" time="0.422" /><testcase classname="backend.tests.test_financials_api.TestFinancialsIncomeAPI" name="test_create_other_income" time="0.362" /><testcase classname="backend.tests.test_financials_api.TestFinancialsIncomeAPI" name="test_update_income" time="0.573" /><testcase classname="backend.tests.test_financials_api.TestFinancialsIncomeAPI" name="test_delete_income" time="0.723" /><testcase classname="backend.tests.test_financials_api.TestFinancialsIncomeAPI" name="test_delete_nonexistent_income" time="0.127" /><testcase classname="backend.tests.test_financials_api.TestFinancialsCOGSAPI" name="test_get_cogs_empty_year" time="0.105" /><testcase classname="backend.tests.test_financials_api.TestFinancialsCOGSAPI" name="test_create_cogs" time="0.298" /><testcase classname="backend.tests.test_financials_api.TestFinancialsCOGSAPI" name="test_update_cogs" time="0.457" /><testcase classname="backend.tests.test_financials_api.TestFinancialsCOGSAPI" name="test_delete_cogs" time="0.334" /><testcase classname="backend.tests.test_financials_api.TestFinancialsExpensesAPI" name="test_get_expenses_empty_year" time="0.121" /><testcase classname="backend.tests.test_financials_api.TestFinancialsExpensesAPI" name="test_create_expense" time="0.361" /><testcase classname="backend.tests.test_financials_api.TestFinancialsExpensesAPI" name="test_get_expenses_summary" time="0.333" /><testcase classname="backend.tests.test_financials_api.TestFinancialsExpensesAPI" name="test_update_expense" time="0.474" /><testcase classname="backend.tests.test_financials_api.TestFinancialsExpensesAPI" name="test_delete_expense" time="0.389" /><testcase classname="backend.tests.test_financials_api.TestFinancialsMileageAPI" name="test_get_mileage_empty_year" time="0.110" /><testcase classname="backend.tests.test_financials_api.TestFinancialsMileageAPI" name="test_create_mileage" time="0.363" /><testcase classname="backend.tests.test_financials_api.TestFinancialsMileageAPI" name="test_mileage_deduction_calculation" time="0.567" /><testcase classname="backend.tests.test_financials_api.TestFinancialsMileageAPI" name="test_delete_mileage" time="0.314" /><testcase classname="backend.tests.test_financials_api.TestTaxPrepProgressAPI" name="test_get_progress_new_year" time="0.119" /><testcase classname="backend.tests.test_financials_api.TestTaxPrepProgressAPI" name="test_update_progress_step1" time="0.350" /><testcase classname="backend.tests.test_financials_api.TestTaxPrepProgressAPI" name="test_completion_percentage_calculation" time="1.304" /><testcase classname="backend.tests.test_financials_api.TestFinancialSummaryAPI" name="test_get_summary_empty_year" time="0.103" /><testcase classname="backend.tests.test_financials_api.TestFinancialSummaryAPI" name="test_summary_calculations" time="1.291" /><testcase classname="backend.tests.test_financials_api.TestFinancialSummaryAPI" name="test_get_comparison" time="0.138" /><testcase classname="backend.tests.test_financials_api.TestFinancialSummaryAPI" name="test_get_monthly_data" time="0.108" /><testcase classname="backend.tests.test_financials_api.TestVendooImportAPI" name="test_get_vendoo_template" time="0.113" /><testcase classname="backend.tests.test_financials_api.TestVendooImportAPI" name="test_import_income_only" time="0.598" /><testcase classname="backend.tests.test_financials_api.TestVendooImportAPI" name="test_import_with_cogs" time="0.592" /><testcase classname="backend.tests.test_financials_api.TestVendooImportAPI" name="test_import_with_fees_as_expense" time="0.698" /><testcase classname="backend.tests.test_financials_api.TestVendooImportAPI" name="test_import_all_options" time="1.294" /><testcase classname="backend.tests.test_financials_api.TestVendooImportAPI" name="test_import_year_filtering" time="0.503" /><testcase classname="backend.tests.test_financials_api.TestVendooImportAPI" name="test_import_non_csv_file_error" time="0.096" /><testcase classname="backend.tests.test_financials_api.TestVendooImportAPI" name="test_import_missing_price_column_error" time="0.105" /><testcase classname="backend.tests.test_financials_api.TestVendooImportAPI" name="test_import_no_valid_sales_error" time="0.120" /><testcase classname="backend.tests.test_financials_api.TestVendooImportAPI" name="test_import_platform_mapping" time="0.759" /></testsuite></testsuites>