<?xml version="1.0" encoding="utf-8"?><testsuites name="pytest tests"><testsuite name="pytest" errors="0" failures="0" skipped="0" tests="14" time="3.490" timestamp="2026-08-25T04:34:10.902307+00:00" hostname="agent-env-56aea438-0d29-4fa4-9b99-e932ee1237a3"><testcase classname="backend.tests.test_vendoo_csv_import.TestInventorySummary" name="test_summary_returns_sold_items_count" time="0.318" /><testcase classname="backend.tests.test_vendoo_csv_import.TestInventorySummary" name="test_summary_financial_totals" time="0.169" /><testcase classname="backend.tests.test_vendoo_csv_import.TestInventorySummary" name="test_summary_platform_breakdown" time="0.157" /><testcase classname="backend.tests.test_vendoo_csv_import.TestInventoryAnalytics" name="test_analytics_returns_sold_items" time="0.393" /><testcase classname="backend.tests.test_vendoo_csv_import.TestInventoryAnalytics" name="test_analytics_financial_metrics" time="0.354" /><testcase classname="backend.tests.test_vendoo_csv_import.TestInventoryAnalytics" name="test_analytics_with_year_filter" time="0.179" /><testcase classname="backend.tests.test_vendoo_csv_import.TestInventoryAnalytics" name="test_analytics_top_brands" time="0.343" /><testcase classname="backend.tests.test_vendoo_csv_import.TestInventoryAnalytics" name="test_analytics_top_platforms" time="0.321" /><testcase classname="backend.tests.test_vendoo_csv_import.TestInventoryYoYAnalytics" name="test_yoy_analytics_returns_data" time="0.258" /><testcase classname="backend.tests.test_vendoo_csv_import.TestInventoryYoYAnalytics" name="test_yoy_analytics_monthly_data" time="0.267" /><testcase classname="backend.tests.test_vendoo_csv_import.TestInventoryItems" name="test_items_filter_by_sold_status" time="0.128" /><testcase classname="backend.tests.test_vendoo_csv_import.TestInventoryItems" name="test_items_filter_by_platform" time="0.134" /><testcase classname="backend.tests.test_vendoo_csv_import.TestInventoryYears" name="test_years_returns_data" time="0.191" /><testcase classname="backend.tests.test_vendoo_csv_import.TestSamePeriodComparison" name="test_same_period_comparison" time="0.227" /></testsuite></testsuites>