<?xml version="1.0" encoding="utf-8"?><testsuites name="pytest tests"><testsuite name="pytest" errors="0" failures="0" skipped="0" tests="13" time="3.337" timestamp="2026-02-24T20:53:38.543311+00:00" hostname="agent-env-e6b59424-a509-4e58-a747-401881c76ea2"><testcase classname="tests.test_w9_api.TestAdminW9Endpoints" name="test_get_all_employees_with_w9_status" time="0.416" /><testcase classname="tests.test_w9_api.TestAdminW9Endpoints" name="test_get_employee_w9_status" time="0.199" /><testcase classname="tests.test_w9_api.TestAdminW9Endpoints" name="test_get_employee_w9_documents" time="0.196" /><testcase classname="tests.test_w9_api.TestAdminW9Endpoints" name="test_download_w9_document" time="0.267" /><testcase classname="tests.test_w9_api.TestAdminW9Endpoints" name="test_approve_w9_document" time="0.186" /><testcase classname="tests.test_w9_api.TestAdminW9Endpoints" name="test_get_pending_w9s" time="0.199" /><testcase classname="tests.test_w9_api.TestAdminW9Endpoints" name="test_download_nonexistent_w9" time="0.221" /><testcase classname="tests.test_w9_api.TestEmployeeW9Endpoints" name="test_get_own_w9_status" time="0.239" /><testcase classname="tests.test_w9_api.TestEmployeeW9Endpoints" name="test_download_own_w9" time="0.168" /><testcase classname="tests.test_w9_api.TestEmployeeW9Endpoints" name="test_download_specific_w9" time="0.367" /><testcase classname="tests.test_w9_api.TestW9UploadEndpoint" name="test_employee_w9_upload_generates_id" time="0.367" /><testcase classname="tests.test_w9_api.TestW9DocumentFiltering" name="test_w9_documents_have_required_fields" time="0.183" /><testcase classname="tests.test_w9_api.TestW9DocumentFiltering" name="test_documents_with_id_are_returned" time="0.192" /></testsuite></testsuites>